2022-12-16 11:09:43.708 [info] Log level: Info
2022-12-16 11:09:43.708 [info] Validating found git in: "git"
2022-12-16 11:09:43.708 [info] Using git "2.34.1" from "git"
2022-12-16 11:09:43.708 [info] > git rev-parse --show-toplevel [12ms]
2022-12-16 11:09:43.708 [info] > git rev-parse --git-dir --git-common-dir [4ms]
2022-12-16 11:09:43.708 [info] Open repository: /home/dipesh/Documents/GitRemote/SuperShop-Online-Store
2022-12-16 11:09:43.708 [info] > git rev-parse --show-toplevel [943ms]
2022-12-16 11:09:43.708 [info] > git config --get commit.template [952ms]
2022-12-16 11:09:43.708 [info] > git rev-parse --show-toplevel [31ms]
2022-12-16 11:09:43.708 [info] > git rev-parse --show-toplevel [4ms]
2022-12-16 11:09:43.708 [info] > git for-each-ref --format=%(refname)%00%(upstream:short)%00%(objectname)%00%(upstream:track)%00%(upstream:remotename)%00%(upstream:remoteref) refs/heads/modifying-admin-ui refs/remotes/modifying-admin-ui [28ms]
2022-12-16 11:09:43.708 [info] > git for-each-ref --sort -committerdate --format %(refname) %(objectname) %(*objectname) [12ms]
2022-12-16 11:09:43.708 [info] > git status -z -uall [510ms]
2022-12-16 11:09:43.708 [info] > git config --get commit.template [29ms]
2022-12-16 11:09:43.708 [info] > git for-each-ref --format=%(refname)%00%(upstream:short)%00%(objectname)%00%(upstream:track)%00%(upstream:remotename)%00%(upstream:remoteref) refs/heads/modifying-admin-ui refs/remotes/modifying-admin-ui [5ms]
2022-12-16 11:09:43.762 [info] > git check-ignore -v -z --stdin [360ms]
2022-12-16 11:09:43.764 [info] > git for-each-ref --sort -committerdate --format %(refname) %(objectname) %(*objectname) [191ms]
2022-12-16 11:09:43.927 [info] > git status -z -uall [394ms]
2022-12-16 11:09:49.786 [info] > git config --get commit.template [17ms]
2022-12-16 11:09:49.787 [info] > git for-each-ref --format=%(refname)%00%(upstream:short)%00%(objectname)%00%(upstream:track)%00%(upstream:remotename)%00%(upstream:remoteref) refs/heads/modifying-admin-ui refs/remotes/modifying-admin-ui [4ms]
2022-12-16 11:09:49.819 [info] > git for-each-ref --sort -committerdate --format %(refname) %(objectname) %(*objectname) [4ms]
2022-12-16 11:09:49.977 [info] > git status -z -uall [177ms]
2022-12-16 11:10:11.585 [info] > git show --textconv :super-shop-ui/src/components/Home.js [206ms]
2022-12-16 11:10:11.587 [info] > git ls-files --stage -- /home/dipesh/Documents/GitRemote/SuperShop-Online-Store/super-shop-ui/src/components/Home.js [180ms]
2022-12-16 11:10:11.620 [info] > git cat-file -s 52ba8b113196961469de95a9d5ebb2c5ed510e9a [12ms]
2022-12-16 11:10:13.273 [info] > git check-ignore -v -z --stdin [71ms]
2022-12-16 11:10:15.492 [info] > git show --textconv :super-shop-ui/src/components/general/RegistrationFrom.js [98ms]
2022-12-16 11:10:15.522 [info] > git ls-files --stage -- /home/dipesh/Documents/GitRemote/SuperShop-Online-Store/super-shop-ui/src/components/general/RegistrationFrom.js [75ms]
2022-12-16 11:10:15.654 [info] > git cat-file -s 7d5acc32c3aca91f7776db5ab8acec681a38a272 [31ms]
2022-12-16 11:10:20.282 [info] > git check-ignore -v -z --stdin [43ms]
2022-12-16 11:10:21.216 [info] > git check-ignore -v -z --stdin [20ms]
2022-12-16 11:10:34.042 [info] > git config --get commit.template [15ms]
2022-12-16 11:10:34.044 [info] > git for-each-ref --format=%(refname)%00%(upstream:short)%00%(objectname)%00%(upstream:track)%00%(upstream:remotename)%00%(upstream:remoteref) refs/heads/modifying-admin-ui refs/remotes/modifying-admin-ui [4ms]
2022-12-16 11:10:34.076 [info] > git for-each-ref --sort -committerdate --format %(refname) %(objectname) %(*objectname) [7ms]
2022-12-16 11:10:34.524 [info] > git status -z -uall [469ms]
2022-12-16 11:12:17.299 [info] > git config --get commit.template [32ms]
2022-12-16 11:12:17.322 [info] > git for-each-ref --format=%(refname)%00%(upstream:short)%00%(objectname)%00%(upstream:track)%00%(upstream:remotename)%00%(upstream:remoteref) refs/heads/modifying-admin-ui refs/remotes/modifying-admin-ui [27ms]
2022-12-16 11:12:17.406 [info] > git for-each-ref --sort -committerdate --format %(refname) %(objectname) %(*objectname) [57ms]
2022-12-16 11:12:18.133 [info] > git status -z -uall [795ms]
