2022-12-16 10:51:36.934 [info] Added views:workbench.panel.markers.view in workbench.panel.markers
2022-12-16 10:51:36.934 [info] Added views:workbench.panel.output in workbench.panel.output
2022-12-16 10:51:36.934 [info] Added views:terminal in terminal
2022-12-16 10:51:36.934 [info] Added views:outline in workbench.view.explorer
2022-12-16 10:51:36.934 [info] Added views:workbench.scm in workbench.view.scm
2022-12-16 10:51:36.934 [info] Added views:workbench.view.search in workbench.view.search
2022-12-16 10:51:36.934 [info] Added views:timeline in workbench.view.explorer
2022-12-16 10:51:36.934 [info] Added views:workbench.explorer.fileView in workbench.view.explorer
2022-12-16 10:51:37.153 [info] Added views:workbench.debug.welcome in workbench.view.debug
2022-12-16 10:51:41.282 [info] Added views:workbench.panel.repl.view in workbench.panel.repl
2022-12-16 10:52:06.467 [info] Added views:workbench.panel.markers.view in workbench.panel.markers
2022-12-16 10:52:06.467 [info] Added views:workbench.panel.output in workbench.panel.output
2022-12-16 10:52:06.467 [info] Added views:terminal in terminal
2022-12-16 10:52:06.467 [info] Added views:outline in workbench.view.explorer
2022-12-16 10:52:06.467 [info] Added views:workbench.scm in workbench.view.scm
2022-12-16 10:52:06.467 [info] Added views:workbench.view.search in workbench.view.search
2022-12-16 10:52:06.467 [info] Added views:timeline in workbench.view.explorer
2022-12-16 10:52:06.467 [info] Added views:workbench.explorer.emptyView in workbench.view.explorer
2022-12-16 10:52:06.467 [info] Added views:workbench.debug.variablesView,workbench.debug.watchExpressionsView,workbench.debug.callStackView,workbench.debug.breakPointsView in workbench.view.debug
2022-12-16 10:52:08.417 [info] Added views:workbench.panel.repl.view in workbench.panel.repl
2022-12-16 10:52:08.423 [info] Removed views:workbench.debug.breakPointsView,workbench.debug.callStackView,workbench.debug.watchExpressionsView,workbench.debug.variablesView from workbench.view.debug
2022-12-16 10:52:08.424 [info] Added views:workbench.debug.welcome in workbench.view.debug
2022-12-16 10:53:52.765 [info] Added views:workbench.panel.markers.view in workbench.panel.markers
2022-12-16 10:53:52.766 [info] Added views:workbench.panel.output in workbench.panel.output
2022-12-16 10:53:52.766 [info] Added views:terminal in terminal
2022-12-16 10:53:52.766 [info] Added views:outline in workbench.view.explorer
2022-12-16 10:53:52.766 [info] Added views:workbench.scm in workbench.view.scm
2022-12-16 10:53:52.766 [info] Added views:workbench.view.search in workbench.view.search
2022-12-16 10:53:52.766 [info] Added views:timeline in workbench.view.explorer
2022-12-16 10:53:52.766 [info] Added views:workbench.explorer.fileView in workbench.view.explorer
2022-12-16 10:53:52.766 [info] Added views:workbench.debug.variablesView,workbench.debug.watchExpressionsView,workbench.debug.callStackView,workbench.debug.breakPointsView in workbench.view.debug
2022-12-16 10:53:55.079 [info] Added views:workbench.panel.repl.view in workbench.panel.repl
2022-12-16 10:53:55.081 [info] Removed views:workbench.debug.breakPointsView,workbench.debug.callStackView,workbench.debug.watchExpressionsView,workbench.debug.variablesView from workbench.view.debug
2022-12-16 10:53:55.082 [info] Added views:workbench.debug.welcome in workbench.view.debug
