2022-12-18 14:58:28.228 [info] Extension host with pid 14289 started
2022-12-18 14:58:28.228 [info] Skipping acquiring lock for /home/dipesh/.config/Code/User/workspaceStorage/588a2cc2520e2e94b5606d8f625bb5c2.
2022-12-18 14:58:28.398 [info] ExtensionService#_doActivateExtension vscode.microsoft-authentication, startup: false, activationEvent: 'onAuthenticationRequest:microsoft'
2022-12-18 14:58:28.399 [info] ExtensionService#_doActivateExtension vscode.git-base, startup: true, activationEvent: '*', root cause: vscode.git
2022-12-18 14:58:28.486 [info] ExtensionService#_doActivateExtension vscode.npm, startup: true, activationEvent: 'workspaceContains:package.json'
2022-12-18 14:58:28.588 [info] ExtensionService#_doActivateExtension vscode.git, startup: true, activationEvent: '*'
2022-12-18 14:58:28.588 [info] ExtensionService#_doActivateExtension vscode.github, startup: true, activationEvent: '*'
2022-12-18 14:58:28.785 [info] ExtensionService#_doActivateExtension vscode.github-authentication, startup: false, activationEvent: 'onAuthenticationRequest:github'
2022-12-18 14:58:29.073 [info] Eager extensions activated
2022-12-18 14:58:29.534 [info] ExtensionService#_doActivateExtension vscode.debug-auto-launch, startup: false, activationEvent: 'onStartupFinished'
2022-12-18 14:58:29.535 [info] ExtensionService#_doActivateExtension vscode.emmet, startup: false, activationEvent: 'onStartupFinished'
2022-12-18 14:58:29.535 [info] ExtensionService#_doActivateExtension vscode.merge-conflict, startup: false, activationEvent: 'onStartupFinished'
2022-12-18 14:58:29.536 [info] ExtensionService#_doActivateExtension bradlc.vscode-tailwindcss, startup: false, activationEvent: 'onStartupFinished'
2022-12-18 14:58:29.552 [info] ExtensionService#_doActivateExtension dsznajder.es7-react-js-snippets, startup: false, activationEvent: 'onStartupFinished'
2022-12-18 14:58:29.552 [info] ExtensionService#_doActivateExtension Equinusocio.vsc-material-theme, startup: false, activationEvent: 'onStartupFinished'
2022-12-18 14:58:29.553 [info] ExtensionService#_doActivateExtension equinusocio.vsc-material-theme-icons, startup: false, activationEvent: 'onStartupFinished'
2022-12-18 14:58:29.553 [info] ExtensionService#_doActivateExtension esbenp.prettier-vscode, startup: false, activationEvent: 'onStartupFinished'
2022-12-18 14:58:29.553 [info] ExtensionService#_doActivateExtension ritwickdey.LiveServer, startup: false, activationEvent: 'onStartupFinished'
2022-12-18 15:00:58.767 [info] ExtensionService#_doActivateExtension vscode.typescript-language-features, startup: false, activationEvent: 'onLanguage:javascript'
2022-12-18 15:07:34.899 [error] [bradlc.vscode-tailwindcss] provider FAILED
2022-12-18 15:07:34.924 [error] TypeError: Cannot read properties of null (reading 'filter')
	at Object.<anonymous> (/home/dipesh/.vscode/extensions/bradlc.vscode-tailwindcss-0.9.1/dist/extension.js:39:69679)
	at Generator.next (<anonymous>)
	at o (/home/dipesh/.vscode/extensions/bradlc.vscode-tailwindcss-0.9.1/dist/extension.js:1:1247)
2022-12-18 15:08:48.106 [info] Extension host terminating: received terminate message from renderer
2022-12-18 15:08:48.279 [info] Extension host with pid 14289 exiting with code 0
