2022-12-17 07:41:13.207 [info] Extension host with pid 6396 started
2022-12-17 07:41:13.207 [info] Skipping acquiring lock for /home/dipesh/.config/Code/User/workspaceStorage/4e3dc899e4c82b8b9c99f080863afa79.
2022-12-17 07:41:14.227 [info] ExtensionService#_doActivateExtension vscode.typescript-language-features, startup: false, activationEvent: 'onLanguage:javascript'
2022-12-17 07:41:14.228 [info] ExtensionService#_doActivateExtension dsznajder.es7-react-js-snippets, startup: false, activationEvent: 'onLanguage:javascript'
2022-12-17 07:41:14.229 [info] ExtensionService#_doActivateExtension vscode.microsoft-authentication, startup: false, activationEvent: 'onAuthenticationRequest:microsoft'
2022-12-17 07:41:14.229 [info] ExtensionService#_doActivateExtension vscode.git-base, startup: true, activationEvent: '*', root cause: vscode.git
2022-12-17 07:41:15.599 [info] ExtensionService#_doActivateExtension vscode.git, startup: true, activationEvent: '*'
2022-12-17 07:41:15.599 [info] ExtensionService#_doActivateExtension vscode.github, startup: true, activationEvent: '*'
2022-12-17 07:41:16.053 [info] Eager extensions activated
2022-12-17 07:41:16.882 [info] ExtensionService#_doActivateExtension vscode.debug-auto-launch, startup: false, activationEvent: 'onStartupFinished'
2022-12-17 07:41:16.886 [info] ExtensionService#_doActivateExtension vscode.emmet, startup: false, activationEvent: 'onStartupFinished'
2022-12-17 07:41:16.887 [info] ExtensionService#_doActivateExtension vscode.merge-conflict, startup: false, activationEvent: 'onStartupFinished'
2022-12-17 07:41:16.887 [info] ExtensionService#_doActivateExtension bradlc.vscode-tailwindcss, startup: false, activationEvent: 'onStartupFinished'
2022-12-17 07:41:16.888 [info] ExtensionService#_doActivateExtension Equinusocio.vsc-material-theme, startup: false, activationEvent: 'onStartupFinished'
2022-12-17 07:41:16.888 [info] ExtensionService#_doActivateExtension equinusocio.vsc-material-theme-icons, startup: false, activationEvent: 'onStartupFinished'
2022-12-17 07:41:16.889 [info] ExtensionService#_doActivateExtension vscode.npm, startup: false, activationEvent: 'onStartupFinished', root cause: esbenp.prettier-vscode
2022-12-17 07:41:16.889 [info] ExtensionService#_doActivateExtension ritwickdey.LiveServer, startup: false, activationEvent: 'onStartupFinished'
2022-12-17 07:41:17.786 [info] Extension host terminating: parent process 6318 does not exist anymore: kill ESRCH (code: ESRCH) (errno: -3)
2022-12-17 07:41:17.891 [error] ProxyResolver#resolveProxy DIRECT Canceled: Canceled
	at Object.R [as canceled] (/usr/share/code/resources/app/out/vs/workbench/api/node/extensionHostProcess.js:7:1054)
	at /usr/share/code/resources/app/out/vs/workbench/api/node/extensionHostProcess.js:104:7869
	at Array.forEach (<anonymous>)
	at u.dispose (/usr/share/code/resources/app/out/vs/workbench/api/node/extensionHostProcess.js:104:7834)
	at d.terminate (/usr/share/code/resources/app/out/vs/workbench/api/node/extensionHostProcess.js:106:9540)
	at f.terminate (/usr/share/code/resources/app/out/vs/workbench/api/node/extensionHostProcess.js:110:1397)
	at b (/usr/share/code/resources/app/out/vs/workbench/api/node/extensionHostProcess.js:120:17815)
	at Timeout._onTimeout (/usr/share/code/resources/app/out/vs/workbench/api/node/extensionHostProcess.js:120:16285)
	at listOnTimeout (node:internal/timers:559:17)
	at process.processTimers (node:internal/timers:502:7) 
2022-12-17 07:41:17.912 [info] Extension host with pid 6396 exiting with code 0
