2022-12-16 12:09:05.498 [info] Log level: Info
2022-12-16 12:09:05.504 [info] Validating found git in: "git"
2022-12-16 12:09:05.504 [info] Using git "2.34.1" from "git"
2022-12-16 12:09:05.504 [info] > git rev-parse --show-toplevel [59ms]
2022-12-16 12:09:05.504 [info] > git rev-parse --git-dir --git-common-dir [2698ms]
2022-12-16 12:09:05.504 [info] Open repository: /home/dipesh/Documents/GitRemote/SuperShop-Online-Store
2022-12-16 12:09:05.504 [info] > git config --get commit.template [78ms]
2022-12-16 12:09:05.504 [info] > git rev-parse --show-toplevel [203ms]
2022-12-16 12:09:05.504 [info] > git rev-parse --show-toplevel [2ms]
2022-12-16 12:09:05.504 [info] > git rev-parse --show-toplevel [114ms]
2022-12-16 12:09:05.504 [info] > git for-each-ref --format=%(refname)%00%(upstream:short)%00%(objectname)%00%(upstream:track)%00%(upstream:remotename)%00%(upstream:remoteref) refs/heads/modifying-admin-ui refs/remotes/modifying-admin-ui [120ms]
2022-12-16 12:09:05.504 [info] > git rev-parse --show-toplevel [182ms]
2022-12-16 12:09:05.504 [info] > git for-each-ref --sort -committerdate --format %(refname) %(objectname) %(*objectname) [122ms]
2022-12-16 12:09:05.765 [info] > git status -z -uall [2414ms]
2022-12-16 12:09:06.230 [info] > git config --get commit.template [284ms]
2022-12-16 12:09:07.450 [info] > git check-ignore -v -z --stdin [1024ms]
2022-12-16 12:09:07.463 [info] > git show --textconv :super-shop-ui/src/components/general/RegistrationFrom.js [959ms]
2022-12-16 12:09:07.549 [info] > git for-each-ref --format=%(refname)%00%(upstream:short)%00%(objectname)%00%(upstream:track)%00%(upstream:remotename)%00%(upstream:remoteref) refs/heads/modifying-admin-ui refs/remotes/modifying-admin-ui [367ms]
2022-12-16 12:09:07.905 [info] > git ls-files --stage -- /home/dipesh/Documents/GitRemote/SuperShop-Online-Store/super-shop-ui/src/components/general/RegistrationFrom.js [1134ms]
2022-12-16 12:09:08.045 [info] > git for-each-ref --sort -committerdate --format %(refname) %(objectname) %(*objectname) [142ms]
2022-12-16 12:09:08.055 [info] > git cat-file -s 7d5acc32c3aca91f7776db5ab8acec681a38a272 [26ms]
2022-12-16 12:09:09.447 [info] > git status -z -uall [1709ms]
2022-12-16 12:09:15.553 [info] > git config --get commit.template [73ms]
2022-12-16 12:09:15.637 [info] > git for-each-ref --format=%(refname)%00%(upstream:short)%00%(objectname)%00%(upstream:track)%00%(upstream:remotename)%00%(upstream:remoteref) refs/heads/modifying-admin-ui refs/remotes/modifying-admin-ui [90ms]
2022-12-16 12:09:16.030 [info] > git for-each-ref --sort -committerdate --format %(refname) %(objectname) %(*objectname) [159ms]
2022-12-16 12:09:16.302 [info] > git ls-files --stage -- /home/dipesh/Documents/GitRemote/SuperShop-Online-Store/super-shop-ui/src/components/general/RegistrationFrom.js [275ms]
2022-12-16 12:09:16.483 [info] > git cat-file -s 7d5acc32c3aca91f7776db5ab8acec681a38a272 [1ms]
2022-12-16 12:09:16.920 [info] > git show --textconv :super-shop-ui/src/components/general/RegistrationFrom.js [251ms]
2022-12-16 12:09:18.108 [info] > git status -z -uall [2324ms]
