2022-12-18 15:33:33.387 [info] Log level: Info
2022-12-18 15:33:33.387 [info] Validating found git in: "git"
2022-12-18 15:33:33.387 [info] Using git "2.34.1" from "git"
2022-12-18 15:33:33.387 [info] > git rev-parse --show-toplevel [12ms]
2022-12-18 15:33:33.387 [info] > git rev-parse --git-dir --git-common-dir [3ms]
2022-12-18 15:33:33.387 [info] Open repository: /home/dipesh/Documents/GitRemote/SuperShop-Online-Store
2022-12-18 15:33:33.387 [info] > git rev-parse --show-toplevel [42ms]
2022-12-18 15:33:33.387 [info] > git config --get commit.template [28ms]
2022-12-18 15:33:33.387 [info] > git rev-parse --show-toplevel [38ms]
2022-12-18 15:33:33.387 [info] > git for-each-ref --format=%(refname)%00%(upstream:short)%00%(objectname)%00%(upstream:track)%00%(upstream:remotename)%00%(upstream:remoteref) refs/heads/modifying-admin-ui refs/remotes/modifying-admin-ui [31ms]
2022-12-18 15:33:33.387 [info] > git rev-parse --show-toplevel [36ms]
2022-12-18 15:33:33.387 [info] > git for-each-ref --sort -committerdate --format %(refname) %(objectname) %(*objectname) [8ms]
2022-12-18 15:33:33.387 [info] > git status -z -uall [1149ms]
2022-12-18 15:33:33.387 [info] > git config --get commit.template [51ms]
2022-12-18 15:33:33.387 [info] > git for-each-ref --format=%(refname)%00%(upstream:short)%00%(objectname)%00%(upstream:track)%00%(upstream:remotename)%00%(upstream:remoteref) refs/heads/modifying-admin-ui refs/remotes/modifying-admin-ui [18ms]
2022-12-18 15:33:33.387 [info] > git for-each-ref --sort -committerdate --format %(refname) %(objectname) %(*objectname) [11ms]
2022-12-18 15:33:33.387 [info] > git check-ignore -v -z --stdin [261ms]
2022-12-18 15:33:33.387 [info] > git status -z -uall [1110ms]
2022-12-18 15:33:33.387 [info] > git show --textconv :super-shop-ui/src/components/admin/order/Order.js [382ms]
2022-12-18 15:33:33.387 [info] > git ls-files --stage -- /home/dipesh/Documents/GitRemote/SuperShop-Online-Store/super-shop-ui/src/components/admin/order/Order.js [352ms]
2022-12-18 15:33:33.387 [info] > git cat-file -s 1311a66776231d002ec9c960b07bae070534e105 [35ms]
2022-12-18 15:33:46.209 [info] > git show --textconv :super-shop-ui/src/components/order/OrderDetail.js [34ms]
2022-12-18 15:33:46.234 [info] > git ls-files --stage -- /home/dipesh/Documents/GitRemote/SuperShop-Online-Store/super-shop-ui/src/components/order/OrderDetail.js [35ms]
2022-12-18 15:33:46.272 [info] > git cat-file -s 6cc92b22c9d77b8833d09a2525fa4b426e58674b [15ms]
2022-12-18 15:33:50.343 [info] > git show --textconv :super-shop-ui/src/components/admin/Category/AllCategory.js [39ms]
2022-12-18 15:33:50.358 [info] > git ls-files --stage -- /home/dipesh/Documents/GitRemote/SuperShop-Online-Store/super-shop-ui/src/components/admin/Category/AllCategory.js [29ms]
2022-12-18 15:33:50.376 [info] > git cat-file -s a1eb9edc7a4f60a23de42fddfd8ca6424d3fbf60 [3ms]
2022-12-18 15:33:52.196 [info] > git show --textconv :super-shop-ui/src/components/admin/Category/Category.js [29ms]
2022-12-18 15:33:52.217 [info] > git ls-files --stage -- /home/dipesh/Documents/GitRemote/SuperShop-Online-Store/super-shop-ui/src/components/admin/Category/Category.js [25ms]
2022-12-18 15:33:52.253 [info] > git cat-file -s d0d6e17bac2a2d08232bf2fde891f1de7f31484d [4ms]
2022-12-18 15:34:03.238 [info] > git show --textconv :super-shop-ui/src/components/admin/order/AllOrder.js [43ms]
2022-12-18 15:34:03.243 [info] > git ls-files --stage -- /home/dipesh/Documents/GitRemote/SuperShop-Online-Store/super-shop-ui/src/components/admin/order/AllOrder.js [29ms]
2022-12-18 15:34:03.260 [info] > git cat-file -s 5e668126ba4e571e3bae13e346870ee810e637c1 [4ms]
2022-12-18 15:34:10.524 [info] > git show --textconv :super-shop-ui/src/components/admin/order/OrderDetail.js [22ms]
2022-12-18 15:34:10.544 [info] > git ls-files --stage -- /home/dipesh/Documents/GitRemote/SuperShop-Online-Store/super-shop-ui/src/components/admin/order/OrderDetail.js [21ms]
2022-12-18 15:34:10.562 [info] > git cat-file -s 72beb79bb8eaf4741827deb2321326463d0c0448 [3ms]
2022-12-18 15:34:17.141 [info] > git config --get commit.template [16ms]
2022-12-18 15:34:17.141 [info] > git for-each-ref --format=%(refname)%00%(upstream:short)%00%(objectname)%00%(upstream:track)%00%(upstream:remotename)%00%(upstream:remoteref) refs/heads/modifying-admin-ui refs/remotes/modifying-admin-ui [2ms]
2022-12-18 15:34:17.169 [info] > git for-each-ref --sort -committerdate --format %(refname) %(objectname) %(*objectname) [3ms]
2022-12-18 15:34:17.732 [info] > git status -z -uall [579ms]
2022-12-18 15:34:22.777 [info] > git config --get commit.template [17ms]
2022-12-18 15:34:22.780 [info] > git for-each-ref --format=%(refname)%00%(upstream:short)%00%(objectname)%00%(upstream:track)%00%(upstream:remotename)%00%(upstream:remoteref) refs/heads/modifying-admin-ui refs/remotes/modifying-admin-ui [4ms]
2022-12-18 15:34:22.840 [info] > git for-each-ref --sort -committerdate --format %(refname) %(objectname) %(*objectname) [6ms]
2022-12-18 15:34:23.592 [info] > git status -z -uall [781ms]
2022-12-18 15:34:28.633 [info] > git config --get commit.template [18ms]
2022-12-18 15:34:28.635 [info] > git for-each-ref --format=%(refname)%00%(upstream:short)%00%(objectname)%00%(upstream:track)%00%(upstream:remotename)%00%(upstream:remoteref) refs/heads/modifying-admin-ui refs/remotes/modifying-admin-ui [6ms]
2022-12-18 15:34:28.671 [info] > git for-each-ref --sort -committerdate --format %(refname) %(objectname) %(*objectname) [5ms]
2022-12-18 15:34:29.215 [info] > git status -z -uall [565ms]
2022-12-18 15:34:36.160 [info] > git config --get commit.template [53ms]
2022-12-18 15:34:36.191 [info] > git for-each-ref --format=%(refname)%00%(upstream:short)%00%(objectname)%00%(upstream:track)%00%(upstream:remotename)%00%(upstream:remoteref) refs/heads/modifying-admin-ui refs/remotes/modifying-admin-ui [32ms]
2022-12-18 15:34:36.299 [info] > git for-each-ref --sort -committerdate --format %(refname) %(objectname) %(*objectname) [23ms]
2022-12-18 15:34:37.384 [info] > git status -z -uall [1141ms]
2022-12-18 15:34:42.414 [info] > git config --get commit.template [3ms]
2022-12-18 15:34:42.434 [info] > git for-each-ref --format=%(refname)%00%(upstream:short)%00%(objectname)%00%(upstream:track)%00%(upstream:remotename)%00%(upstream:remoteref) refs/heads/modifying-admin-ui refs/remotes/modifying-admin-ui [5ms]
2022-12-18 15:34:42.490 [info] > git for-each-ref --sort -committerdate --format %(refname) %(objectname) %(*objectname) [5ms]
2022-12-18 15:34:42.925 [info] > git status -z -uall [473ms]
2022-12-18 15:34:47.961 [info] > git config --get commit.template [16ms]
2022-12-18 15:34:47.962 [info] > git for-each-ref --format=%(refname)%00%(upstream:short)%00%(objectname)%00%(upstream:track)%00%(upstream:remotename)%00%(upstream:remoteref) refs/heads/modifying-admin-ui refs/remotes/modifying-admin-ui [2ms]
2022-12-18 15:34:47.989 [info] > git for-each-ref --sort -committerdate --format %(refname) %(objectname) %(*objectname) [4ms]
2022-12-18 15:34:48.289 [info] > git status -z -uall [318ms]
2022-12-18 15:34:56.079 [info] > git config --get commit.template [8ms]
2022-12-18 15:34:56.110 [info] > git for-each-ref --format=%(refname)%00%(upstream:short)%00%(objectname)%00%(upstream:track)%00%(upstream:remotename)%00%(upstream:remoteref) refs/heads/modifying-admin-ui refs/remotes/modifying-admin-ui [12ms]
2022-12-18 15:34:56.148 [info] > git for-each-ref --sort -committerdate --format %(refname) %(objectname) %(*objectname) [8ms]
2022-12-18 15:34:56.398 [info] > git status -z -uall [272ms]
2022-12-18 15:35:01.436 [info] > git config --get commit.template [14ms]
2022-12-18 15:35:01.438 [info] > git for-each-ref --format=%(refname)%00%(upstream:short)%00%(objectname)%00%(upstream:track)%00%(upstream:remotename)%00%(upstream:remoteref) refs/heads/modifying-admin-ui refs/remotes/modifying-admin-ui [3ms]
2022-12-18 15:35:01.463 [info] > git for-each-ref --sort -committerdate --format %(refname) %(objectname) %(*objectname) [6ms]
2022-12-18 15:35:01.798 [info] > git status -z -uall [351ms]
2022-12-18 15:35:17.115 [info] > git config --get commit.template [3ms]
2022-12-18 15:35:17.143 [info] > git for-each-ref --format=%(refname)%00%(upstream:short)%00%(objectname)%00%(upstream:track)%00%(upstream:remotename)%00%(upstream:remoteref) refs/heads/modifying-admin-ui refs/remotes/modifying-admin-ui [1ms]
2022-12-18 15:35:17.218 [info] > git for-each-ref --sort -committerdate --format %(refname) %(objectname) %(*objectname) [11ms]
2022-12-18 15:35:17.508 [info] > git status -z -uall [332ms]
2022-12-18 15:35:22.527 [info] > git config --get commit.template [2ms]
2022-12-18 15:35:22.538 [info] > git for-each-ref --format=%(refname)%00%(upstream:short)%00%(objectname)%00%(upstream:track)%00%(upstream:remotename)%00%(upstream:remoteref) refs/heads/modifying-admin-ui refs/remotes/modifying-admin-ui [2ms]
2022-12-18 15:35:22.571 [info] > git for-each-ref --sort -committerdate --format %(refname) %(objectname) %(*objectname) [4ms]
2022-12-18 15:35:22.812 [info] > git status -z -uall [261ms]
2022-12-18 15:35:27.843 [info] > git config --get commit.template [15ms]
2022-12-18 15:35:27.844 [info] > git for-each-ref --format=%(refname)%00%(upstream:short)%00%(objectname)%00%(upstream:track)%00%(upstream:remotename)%00%(upstream:remoteref) refs/heads/modifying-admin-ui refs/remotes/modifying-admin-ui [2ms]
2022-12-18 15:35:27.876 [info] > git for-each-ref --sort -committerdate --format %(refname) %(objectname) %(*objectname) [2ms]
2022-12-18 15:35:28.101 [info] > git status -z -uall [245ms]
2022-12-18 15:35:33.215 [info] > git config --get commit.template [3ms]
2022-12-18 15:35:33.240 [info] > git for-each-ref --format=%(refname)%00%(upstream:short)%00%(objectname)%00%(upstream:track)%00%(upstream:remotename)%00%(upstream:remoteref) refs/heads/modifying-admin-ui refs/remotes/modifying-admin-ui [6ms]
2022-12-18 15:35:33.404 [info] > git for-each-ref --sort -committerdate --format %(refname) %(objectname) %(*objectname) [11ms]
2022-12-18 15:35:33.735 [info] > git status -z -uall [481ms]
2022-12-18 15:35:38.770 [info] > git config --get commit.template [14ms]
2022-12-18 15:35:38.776 [info] > git for-each-ref --format=%(refname)%00%(upstream:short)%00%(objectname)%00%(upstream:track)%00%(upstream:remotename)%00%(upstream:remoteref) refs/heads/modifying-admin-ui refs/remotes/modifying-admin-ui [7ms]
2022-12-18 15:35:38.824 [info] > git for-each-ref --sort -committerdate --format %(refname) %(objectname) %(*objectname) [17ms]
2022-12-18 15:35:39.418 [info] > git status -z -uall [630ms]
2022-12-18 15:35:52.388 [info] > git show --textconv :super-shop-ui/src/services/OrderService.js [71ms]
2022-12-18 15:35:52.407 [info] > git ls-files --stage -- /home/dipesh/Documents/GitRemote/SuperShop-Online-Store/super-shop-ui/src/services/OrderService.js [68ms]
2022-12-18 15:35:52.432 [info] > git cat-file -s ed82308203d5a2682d26e52a1278f571245a5328 [6ms]
2022-12-18 15:36:00.139 [info] > git config --get commit.template [22ms]
2022-12-18 15:36:00.143 [info] > git for-each-ref --format=%(refname)%00%(upstream:short)%00%(objectname)%00%(upstream:track)%00%(upstream:remotename)%00%(upstream:remoteref) refs/heads/modifying-admin-ui refs/remotes/modifying-admin-ui [5ms]
2022-12-18 15:36:00.348 [info] > git for-each-ref --sort -committerdate --format %(refname) %(objectname) %(*objectname) [85ms]
2022-12-18 15:36:00.748 [info] > git status -z -uall [592ms]
2022-12-18 15:36:05.780 [info] > git config --get commit.template [13ms]
2022-12-18 15:36:05.781 [info] > git for-each-ref --format=%(refname)%00%(upstream:short)%00%(objectname)%00%(upstream:track)%00%(upstream:remotename)%00%(upstream:remoteref) refs/heads/modifying-admin-ui refs/remotes/modifying-admin-ui [2ms]
2022-12-18 15:36:05.812 [info] > git for-each-ref --sort -committerdate --format %(refname) %(objectname) %(*objectname) [2ms]
2022-12-18 15:36:06.055 [info] > git status -z -uall [260ms]
2022-12-18 15:36:07.463 [info] > git check-ignore -v -z --stdin [25ms]
2022-12-18 15:36:18.323 [info] > git show --textconv :super-shop-ui/src/components/admin/order/UpdateOrder.js [29ms]
2022-12-18 15:36:18.363 [info] > git ls-files --stage -- /home/dipesh/Documents/GitRemote/SuperShop-Online-Store/super-shop-ui/src/components/admin/order/UpdateOrder.js [54ms]
2022-12-18 15:36:18.563 [info] > git check-ignore -v -z --stdin [25ms]
2022-12-18 15:36:19.036 [info] > git config --get commit.template [12ms]
2022-12-18 15:36:19.036 [info] > git for-each-ref --format=%(refname)%00%(upstream:short)%00%(objectname)%00%(upstream:track)%00%(upstream:remotename)%00%(upstream:remoteref) refs/heads/modifying-admin-ui refs/remotes/modifying-admin-ui [2ms]
2022-12-18 15:36:19.062 [info] > git for-each-ref --sort -committerdate --format %(refname) %(objectname) %(*objectname) [3ms]
2022-12-18 15:36:19.283 [info] > git status -z -uall [238ms]
2022-12-18 15:36:24.304 [info] > git config --get commit.template [10ms]
2022-12-18 15:36:24.305 [info] > git for-each-ref --format=%(refname)%00%(upstream:short)%00%(objectname)%00%(upstream:track)%00%(upstream:remotename)%00%(upstream:remoteref) refs/heads/modifying-admin-ui refs/remotes/modifying-admin-ui [2ms]
2022-12-18 15:36:24.325 [info] > git for-each-ref --sort -committerdate --format %(refname) %(objectname) %(*objectname) [3ms]
2022-12-18 15:36:24.494 [info] > git status -z -uall [182ms]
2022-12-18 15:36:29.518 [info] > git config --get commit.template [10ms]
2022-12-18 15:36:29.518 [info] > git for-each-ref --format=%(refname)%00%(upstream:short)%00%(objectname)%00%(upstream:track)%00%(upstream:remotename)%00%(upstream:remoteref) refs/heads/modifying-admin-ui refs/remotes/modifying-admin-ui [1ms]
2022-12-18 15:36:29.539 [info] > git for-each-ref --sort -committerdate --format %(refname) %(objectname) %(*objectname) [3ms]
2022-12-18 15:36:29.710 [info] > git status -z -uall [184ms]
2022-12-18 15:36:41.458 [info] > git show --textconv :super-shop-ui/src/services/CartService.js [32ms]
2022-12-18 15:36:41.464 [info] > git ls-files --stage -- /home/dipesh/Documents/GitRemote/SuperShop-Online-Store/super-shop-ui/src/services/CartService.js [22ms]
2022-12-18 15:36:41.487 [info] > git cat-file -s ea6da7e30029ac0ddaf48589cbe9f7889739bbd1 [5ms]
2022-12-18 15:36:49.190 [info] > git check-ignore -v -z --stdin [30ms]
2022-12-18 15:36:50.320 [info] > git show --textconv :super-shop-ui/src/components/cart/CartPage.js [39ms]
2022-12-18 15:36:50.321 [info] > git ls-files --stage -- /home/dipesh/Documents/GitRemote/SuperShop-Online-Store/super-shop-ui/src/components/cart/CartPage.js [21ms]
2022-12-18 15:36:50.340 [info] > git cat-file -s f0a8215af81c41d96811da80756688b45ba524ee [6ms]
2022-12-18 15:36:58.956 [info] > git show --textconv :super-shop-ui/src/components/cart/CartItem.js [36ms]
2022-12-18 15:36:58.957 [info] > git ls-files --stage -- /home/dipesh/Documents/GitRemote/SuperShop-Online-Store/super-shop-ui/src/components/cart/CartItem.js [24ms]
2022-12-18 15:36:58.976 [info] > git cat-file -s 7e5d9dc649e757a722709fafbc79de0eae8494d1 [7ms]
2022-12-18 15:37:01.450 [info] > git show --textconv :super-shop-ui/src/components/cart/CheckOut.js [31ms]
2022-12-18 15:37:01.460 [info] > git ls-files --stage -- /home/dipesh/Documents/GitRemote/SuperShop-Online-Store/super-shop-ui/src/components/cart/CheckOut.js [19ms]
2022-12-18 15:37:01.476 [info] > git cat-file -s 227fb971d0bf3f139c10cc2ee172ecedc253afbc [3ms]
2022-12-18 15:37:29.261 [info] > git for-each-ref --format=%(refname)%00%(upstream:short)%00%(objectname)%00%(upstream:track)%00%(upstream:remotename)%00%(upstream:remoteref) refs/heads/modifying-admin-ui refs/remotes/modifying-admin-ui [9ms]
2022-12-18 15:37:29.263 [info] > git config --get commit.template [52ms]
2022-12-18 15:37:29.414 [info] > git for-each-ref --sort -committerdate --format %(refname) %(objectname) %(*objectname) [25ms]
2022-12-18 15:37:29.717 [info] > git status -z -uall [438ms]
2022-12-18 15:37:35.336 [info] > git config --get commit.template [14ms]
2022-12-18 15:37:35.337 [info] > git for-each-ref --format=%(refname)%00%(upstream:short)%00%(objectname)%00%(upstream:track)%00%(upstream:remotename)%00%(upstream:remoteref) refs/heads/modifying-admin-ui refs/remotes/modifying-admin-ui [2ms]
2022-12-18 15:37:35.372 [info] > git for-each-ref --sort -committerdate --format %(refname) %(objectname) %(*objectname) [4ms]
2022-12-18 15:37:35.641 [info] > git status -z -uall [290ms]
2022-12-18 15:37:40.675 [info] > git config --get commit.template [16ms]
2022-12-18 15:37:40.676 [info] > git for-each-ref --format=%(refname)%00%(upstream:short)%00%(objectname)%00%(upstream:track)%00%(upstream:remotename)%00%(upstream:remoteref) refs/heads/modifying-admin-ui refs/remotes/modifying-admin-ui [2ms]
2022-12-18 15:37:40.746 [info] > git for-each-ref --sort -committerdate --format %(refname) %(objectname) %(*objectname) [44ms]
2022-12-18 15:37:41.223 [info] > git status -z -uall [536ms]
2022-12-18 15:37:46.251 [info] > git config --get commit.template [14ms]
2022-12-18 15:37:46.252 [info] > git for-each-ref --format=%(refname)%00%(upstream:short)%00%(objectname)%00%(upstream:track)%00%(upstream:remotename)%00%(upstream:remoteref) refs/heads/modifying-admin-ui refs/remotes/modifying-admin-ui [3ms]
2022-12-18 15:37:46.292 [info] > git for-each-ref --sort -committerdate --format %(refname) %(objectname) %(*objectname) [11ms]
2022-12-18 15:37:46.451 [info] > git status -z -uall [185ms]
2022-12-18 15:37:51.479 [info] > git config --get commit.template [15ms]
2022-12-18 15:37:51.481 [info] > git for-each-ref --format=%(refname)%00%(upstream:short)%00%(objectname)%00%(upstream:track)%00%(upstream:remotename)%00%(upstream:remoteref) refs/heads/modifying-admin-ui refs/remotes/modifying-admin-ui [3ms]
2022-12-18 15:37:51.514 [info] > git for-each-ref --sort -committerdate --format %(refname) %(objectname) %(*objectname) [4ms]
2022-12-18 15:37:51.722 [info] > git status -z -uall [229ms]
2022-12-18 15:37:56.764 [info] > git config --get commit.template [18ms]
2022-12-18 15:37:56.772 [info] > git for-each-ref --format=%(refname)%00%(upstream:short)%00%(objectname)%00%(upstream:track)%00%(upstream:remotename)%00%(upstream:remoteref) refs/heads/modifying-admin-ui refs/remotes/modifying-admin-ui [10ms]
2022-12-18 15:37:56.850 [info] > git for-each-ref --sort -committerdate --format %(refname) %(objectname) %(*objectname) [18ms]
2022-12-18 15:37:57.016 [info] > git status -z -uall [231ms]
2022-12-18 15:38:02.045 [info] > git config --get commit.template [12ms]
2022-12-18 15:38:02.046 [info] > git for-each-ref --format=%(refname)%00%(upstream:short)%00%(objectname)%00%(upstream:track)%00%(upstream:remotename)%00%(upstream:remoteref) refs/heads/modifying-admin-ui refs/remotes/modifying-admin-ui [3ms]
2022-12-18 15:38:02.078 [info] > git for-each-ref --sort -committerdate --format %(refname) %(objectname) %(*objectname) [5ms]
2022-12-18 15:38:02.263 [info] > git status -z -uall [206ms]
2022-12-18 15:38:07.298 [info] > git config --get commit.template [18ms]
2022-12-18 15:38:07.298 [info] > git for-each-ref --format=%(refname)%00%(upstream:short)%00%(objectname)%00%(upstream:track)%00%(upstream:remotename)%00%(upstream:remoteref) refs/heads/modifying-admin-ui refs/remotes/modifying-admin-ui [2ms]
2022-12-18 15:38:07.323 [info] > git for-each-ref --sort -committerdate --format %(refname) %(objectname) %(*objectname) [2ms]
2022-12-18 15:38:07.527 [info] > git status -z -uall [218ms]
2022-12-18 15:38:12.552 [info] > git config --get commit.template [12ms]
2022-12-18 15:38:12.553 [info] > git for-each-ref --format=%(refname)%00%(upstream:short)%00%(objectname)%00%(upstream:track)%00%(upstream:remotename)%00%(upstream:remoteref) refs/heads/modifying-admin-ui refs/remotes/modifying-admin-ui [2ms]
2022-12-18 15:38:12.577 [info] > git for-each-ref --sort -committerdate --format %(refname) %(objectname) %(*objectname) [3ms]
2022-12-18 15:38:12.743 [info] > git status -z -uall [180ms]
2022-12-18 15:38:23.470 [info] > git config --get commit.template [13ms]
2022-12-18 15:38:23.473 [info] > git for-each-ref --format=%(refname)%00%(upstream:short)%00%(objectname)%00%(upstream:track)%00%(upstream:remotename)%00%(upstream:remoteref) refs/heads/modifying-admin-ui refs/remotes/modifying-admin-ui [4ms]
2022-12-18 15:38:23.498 [info] > git for-each-ref --sort -committerdate --format %(refname) %(objectname) %(*objectname) [2ms]
2022-12-18 15:38:23.693 [info] > git status -z -uall [211ms]
2022-12-18 15:38:28.735 [info] > git config --get commit.template [17ms]
2022-12-18 15:38:28.737 [info] > git for-each-ref --format=%(refname)%00%(upstream:short)%00%(objectname)%00%(upstream:track)%00%(upstream:remotename)%00%(upstream:remoteref) refs/heads/modifying-admin-ui refs/remotes/modifying-admin-ui [3ms]
2022-12-18 15:38:28.815 [info] > git for-each-ref --sort -committerdate --format %(refname) %(objectname) %(*objectname) [45ms]
2022-12-18 15:38:29.058 [info] > git status -z -uall [304ms]
2022-12-18 15:38:37.058 [info] > git config --get commit.template [17ms]
2022-12-18 15:38:37.061 [info] > git for-each-ref --format=%(refname)%00%(upstream:short)%00%(objectname)%00%(upstream:track)%00%(upstream:remotename)%00%(upstream:remoteref) refs/heads/modifying-admin-ui refs/remotes/modifying-admin-ui [10ms]
2022-12-18 15:38:37.103 [info] > git for-each-ref --sort -committerdate --format %(refname) %(objectname) %(*objectname) [15ms]
2022-12-18 15:38:37.759 [info] > git status -z -uall [686ms]
2022-12-18 15:38:45.553 [info] > git config --get commit.template [2ms]
2022-12-18 15:38:45.574 [info] > git for-each-ref --format=%(refname)%00%(upstream:short)%00%(objectname)%00%(upstream:track)%00%(upstream:remotename)%00%(upstream:remoteref) refs/heads/modifying-admin-ui refs/remotes/modifying-admin-ui [2ms]
2022-12-18 15:38:45.606 [info] > git for-each-ref --sort -committerdate --format %(refname) %(objectname) %(*objectname) [4ms]
2022-12-18 15:38:46.030 [info] > git status -z -uall [440ms]
2022-12-18 15:38:51.059 [info] > git config --get commit.template [2ms]
2022-12-18 15:38:51.078 [info] > git for-each-ref --format=%(refname)%00%(upstream:short)%00%(objectname)%00%(upstream:track)%00%(upstream:remotename)%00%(upstream:remoteref) refs/heads/modifying-admin-ui refs/remotes/modifying-admin-ui [3ms]
2022-12-18 15:38:51.106 [info] > git for-each-ref --sort -committerdate --format %(refname) %(objectname) %(*objectname) [6ms]
2022-12-18 15:38:51.338 [info] > git status -z -uall [247ms]
2022-12-18 15:38:56.363 [info] > git config --get commit.template [11ms]
2022-12-18 15:38:56.364 [info] > git for-each-ref --format=%(refname)%00%(upstream:short)%00%(objectname)%00%(upstream:track)%00%(upstream:remotename)%00%(upstream:remoteref) refs/heads/modifying-admin-ui refs/remotes/modifying-admin-ui [2ms]
2022-12-18 15:38:56.387 [info] > git for-each-ref --sort -committerdate --format %(refname) %(objectname) %(*objectname) [2ms]
2022-12-18 15:38:56.557 [info] > git status -z -uall [184ms]
2022-12-18 15:39:16.857 [info] > git check-ignore -v -z --stdin [20ms]
2022-12-18 15:39:19.447 [info] > git show --textconv :super-shop-ui/src/App.js [38ms]
2022-12-18 15:39:19.468 [info] > git ls-files --stage -- /home/dipesh/Documents/GitRemote/SuperShop-Online-Store/super-shop-ui/src/App.js [28ms]
2022-12-18 15:39:19.494 [info] > git cat-file -s 5911b0cf2ae0fb459c2a4afd183710d8ed40588b [5ms]
2022-12-18 15:39:27.088 [info] > git config --get commit.template [16ms]
2022-12-18 15:39:27.092 [info] > git for-each-ref --format=%(refname)%00%(upstream:short)%00%(objectname)%00%(upstream:track)%00%(upstream:remotename)%00%(upstream:remoteref) refs/heads/modifying-admin-ui refs/remotes/modifying-admin-ui [3ms]
2022-12-18 15:39:27.190 [info] > git for-each-ref --sort -committerdate --format %(refname) %(objectname) %(*objectname) [62ms]
2022-12-18 15:39:27.428 [info] > git status -z -uall [325ms]
2022-12-18 15:39:32.450 [info] > git config --get commit.template [10ms]
2022-12-18 15:39:32.450 [info] > git for-each-ref --format=%(refname)%00%(upstream:short)%00%(objectname)%00%(upstream:track)%00%(upstream:remotename)%00%(upstream:remoteref) refs/heads/modifying-admin-ui refs/remotes/modifying-admin-ui [1ms]
2022-12-18 15:39:32.472 [info] > git for-each-ref --sort -committerdate --format %(refname) %(objectname) %(*objectname) [3ms]
2022-12-18 15:39:32.685 [info] > git status -z -uall [226ms]
2022-12-18 15:39:38.921 [info] > git config --get commit.template [11ms]
2022-12-18 15:39:38.923 [info] > git for-each-ref --format=%(refname)%00%(upstream:short)%00%(objectname)%00%(upstream:track)%00%(upstream:remotename)%00%(upstream:remoteref) refs/heads/modifying-admin-ui refs/remotes/modifying-admin-ui [3ms]
2022-12-18 15:39:38.944 [info] > git for-each-ref --sort -committerdate --format %(refname) %(objectname) %(*objectname) [2ms]
2022-12-18 15:39:39.144 [info] > git status -z -uall [213ms]
2022-12-18 15:39:45.441 [info] > git for-each-ref --format=%(refname)%00%(upstream:short)%00%(objectname)%00%(upstream:track)%00%(upstream:remotename)%00%(upstream:remoteref) refs/heads/modifying-admin-ui refs/remotes/modifying-admin-ui [0ms]
2022-12-18 15:39:45.441 [info] > git config --get commit.template [19ms]
2022-12-18 15:39:45.480 [info] > git for-each-ref --sort -committerdate --format %(refname) %(objectname) %(*objectname) [8ms]
2022-12-18 15:39:45.844 [info] > git status -z -uall [391ms]
2022-12-18 15:40:03.484 [info] > git config --get commit.template [3ms]
2022-12-18 15:40:03.513 [info] > git for-each-ref --format=%(refname)%00%(upstream:short)%00%(objectname)%00%(upstream:track)%00%(upstream:remotename)%00%(upstream:remoteref) refs/heads/modifying-admin-ui refs/remotes/modifying-admin-ui [2ms]
2022-12-18 15:40:03.558 [info] > git for-each-ref --sort -committerdate --format %(refname) %(objectname) %(*objectname) [5ms]
2022-12-18 15:40:04.045 [info] > git status -z -uall [512ms]
2022-12-18 15:40:10.215 [info] > git config --get commit.template [36ms]
2022-12-18 15:40:10.216 [info] > git for-each-ref --format=%(refname)%00%(upstream:short)%00%(objectname)%00%(upstream:track)%00%(upstream:remotename)%00%(upstream:remoteref) refs/heads/modifying-admin-ui refs/remotes/modifying-admin-ui [11ms]
2022-12-18 15:40:10.303 [info] > git for-each-ref --sort -committerdate --format %(refname) %(objectname) %(*objectname) [3ms]
2022-12-18 15:40:10.606 [info] > git status -z -uall [375ms]
2022-12-18 15:40:15.635 [info] > git config --get commit.template [13ms]
2022-12-18 15:40:15.638 [info] > git for-each-ref --format=%(refname)%00%(upstream:short)%00%(objectname)%00%(upstream:track)%00%(upstream:remotename)%00%(upstream:remoteref) refs/heads/modifying-admin-ui refs/remotes/modifying-admin-ui [4ms]
2022-12-18 15:40:15.666 [info] > git for-each-ref --sort -committerdate --format %(refname) %(objectname) %(*objectname) [6ms]
2022-12-18 15:40:16.086 [info] > git status -z -uall [438ms]
2022-12-18 15:40:21.126 [info] > git config --get commit.template [10ms]
2022-12-18 15:40:21.127 [info] > git for-each-ref --format=%(refname)%00%(upstream:short)%00%(objectname)%00%(upstream:track)%00%(upstream:remotename)%00%(upstream:remoteref) refs/heads/modifying-admin-ui refs/remotes/modifying-admin-ui [2ms]
2022-12-18 15:40:21.152 [info] > git for-each-ref --sort -committerdate --format %(refname) %(objectname) %(*objectname) [3ms]
2022-12-18 15:40:21.348 [info] > git status -z -uall [212ms]
2022-12-18 15:40:28.363 [info] > git config --get commit.template [17ms]
2022-12-18 15:40:28.367 [info] > git for-each-ref --format=%(refname)%00%(upstream:short)%00%(objectname)%00%(upstream:track)%00%(upstream:remotename)%00%(upstream:remoteref) refs/heads/modifying-admin-ui refs/remotes/modifying-admin-ui [5ms]
2022-12-18 15:40:28.416 [info] > git for-each-ref --sort -committerdate --format %(refname) %(objectname) %(*objectname) [4ms]
2022-12-18 15:40:28.743 [info] > git status -z -uall [344ms]
2022-12-18 15:40:33.767 [info] > git config --get commit.template [12ms]
2022-12-18 15:40:33.767 [info] > git for-each-ref --format=%(refname)%00%(upstream:short)%00%(objectname)%00%(upstream:track)%00%(upstream:remotename)%00%(upstream:remoteref) refs/heads/modifying-admin-ui refs/remotes/modifying-admin-ui [1ms]
2022-12-18 15:40:33.790 [info] > git for-each-ref --sort -committerdate --format %(refname) %(objectname) %(*objectname) [3ms]
2022-12-18 15:40:33.969 [info] > git status -z -uall [193ms]
2022-12-18 15:40:40.426 [info] > git config --get commit.template [5ms]
2022-12-18 15:40:40.441 [info] > git for-each-ref --format=%(refname)%00%(upstream:short)%00%(objectname)%00%(upstream:track)%00%(upstream:remotename)%00%(upstream:remoteref) refs/heads/modifying-admin-ui refs/remotes/modifying-admin-ui [2ms]
2022-12-18 15:40:40.472 [info] > git for-each-ref --sort -committerdate --format %(refname) %(objectname) %(*objectname) [5ms]
2022-12-18 15:40:40.685 [info] > git status -z -uall [232ms]
2022-12-18 15:40:45.711 [info] > git config --get commit.template [12ms]
2022-12-18 15:40:45.712 [info] > git for-each-ref --format=%(refname)%00%(upstream:short)%00%(objectname)%00%(upstream:track)%00%(upstream:remotename)%00%(upstream:remoteref) refs/heads/modifying-admin-ui refs/remotes/modifying-admin-ui [2ms]
2022-12-18 15:40:45.748 [info] > git for-each-ref --sort -committerdate --format %(refname) %(objectname) %(*objectname) [3ms]
2022-12-18 15:40:46.037 [info] > git status -z -uall [312ms]
2022-12-18 15:40:51.079 [info] > git config --get commit.template [19ms]
2022-12-18 15:40:51.081 [info] > git for-each-ref --format=%(refname)%00%(upstream:short)%00%(objectname)%00%(upstream:track)%00%(upstream:remotename)%00%(upstream:remoteref) refs/heads/modifying-admin-ui refs/remotes/modifying-admin-ui [3ms]
2022-12-18 15:40:51.108 [info] > git for-each-ref --sort -committerdate --format %(refname) %(objectname) %(*objectname) [3ms]
2022-12-18 15:40:51.653 [info] > git status -z -uall [561ms]
2022-12-18 15:40:56.679 [info] > git config --get commit.template [10ms]
2022-12-18 15:40:56.680 [info] > git for-each-ref --format=%(refname)%00%(upstream:short)%00%(objectname)%00%(upstream:track)%00%(upstream:remotename)%00%(upstream:remoteref) refs/heads/modifying-admin-ui refs/remotes/modifying-admin-ui [2ms]
2022-12-18 15:40:56.703 [info] > git for-each-ref --sort -committerdate --format %(refname) %(objectname) %(*objectname) [2ms]
2022-12-18 15:40:56.897 [info] > git status -z -uall [207ms]
2022-12-18 15:41:01.930 [info] > git config --get commit.template [13ms]
2022-12-18 15:41:01.932 [info] > git for-each-ref --format=%(refname)%00%(upstream:short)%00%(objectname)%00%(upstream:track)%00%(upstream:remotename)%00%(upstream:remoteref) refs/heads/modifying-admin-ui refs/remotes/modifying-admin-ui [3ms]
2022-12-18 15:41:01.958 [info] > git for-each-ref --sort -committerdate --format %(refname) %(objectname) %(*objectname) [3ms]
2022-12-18 15:41:02.139 [info] > git status -z -uall [197ms]
2022-12-18 15:41:07.163 [info] > git config --get commit.template [2ms]
2022-12-18 15:41:07.181 [info] > git for-each-ref --format=%(refname)%00%(upstream:short)%00%(objectname)%00%(upstream:track)%00%(upstream:remotename)%00%(upstream:remoteref) refs/heads/modifying-admin-ui refs/remotes/modifying-admin-ui [2ms]
2022-12-18 15:41:07.212 [info] > git for-each-ref --sort -committerdate --format %(refname) %(objectname) %(*objectname) [1ms]
2022-12-18 15:41:07.436 [info] > git status -z -uall [241ms]
2022-12-18 15:41:12.468 [info] > git config --get commit.template [15ms]
2022-12-18 15:41:12.469 [info] > git for-each-ref --format=%(refname)%00%(upstream:short)%00%(objectname)%00%(upstream:track)%00%(upstream:remotename)%00%(upstream:remoteref) refs/heads/modifying-admin-ui refs/remotes/modifying-admin-ui [1ms]
2022-12-18 15:41:12.503 [info] > git for-each-ref --sort -committerdate --format %(refname) %(objectname) %(*objectname) [3ms]
2022-12-18 15:41:12.739 [info] > git status -z -uall [255ms]
2022-12-18 15:41:18.806 [info] > git config --get commit.template [19ms]
2022-12-18 15:41:18.811 [info] > git for-each-ref --format=%(refname)%00%(upstream:short)%00%(objectname)%00%(upstream:track)%00%(upstream:remotename)%00%(upstream:remoteref) refs/heads/modifying-admin-ui refs/remotes/modifying-admin-ui [6ms]
2022-12-18 15:41:18.960 [info] > git for-each-ref --sort -committerdate --format %(refname) %(objectname) %(*objectname) [47ms]
2022-12-18 15:41:19.305 [info] > git status -z -uall [464ms]
2022-12-18 15:41:27.481 [info] > git check-ignore -v -z --stdin [27ms]
2022-12-18 15:41:28.343 [info] > git check-ignore -v -z --stdin [26ms]
2022-12-18 15:41:37.861 [info] > git config --get commit.template [16ms]
2022-12-18 15:41:37.866 [info] > git for-each-ref --format=%(refname)%00%(upstream:short)%00%(objectname)%00%(upstream:track)%00%(upstream:remotename)%00%(upstream:remoteref) refs/heads/modifying-admin-ui refs/remotes/modifying-admin-ui [7ms]
2022-12-18 15:41:37.914 [info] > git for-each-ref --sort -committerdate --format %(refname) %(objectname) %(*objectname) [5ms]
2022-12-18 15:41:38.261 [info] > git status -z -uall [378ms]
2022-12-18 15:41:43.293 [info] > git config --get commit.template [1ms]
2022-12-18 15:41:43.310 [info] > git for-each-ref --format=%(refname)%00%(upstream:short)%00%(objectname)%00%(upstream:track)%00%(upstream:remotename)%00%(upstream:remoteref) refs/heads/modifying-admin-ui refs/remotes/modifying-admin-ui [0ms]
2022-12-18 15:41:43.352 [info] > git for-each-ref --sort -committerdate --format %(refname) %(objectname) %(*objectname) [6ms]
2022-12-18 15:41:43.947 [info] > git status -z -uall [617ms]
2022-12-18 15:41:48.983 [info] > git config --get commit.template [12ms]
2022-12-18 15:41:48.988 [info] > git for-each-ref --format=%(refname)%00%(upstream:short)%00%(objectname)%00%(upstream:track)%00%(upstream:remotename)%00%(upstream:remoteref) refs/heads/modifying-admin-ui refs/remotes/modifying-admin-ui [6ms]
2022-12-18 15:41:49.022 [info] > git for-each-ref --sort -committerdate --format %(refname) %(objectname) %(*objectname) [11ms]
2022-12-18 15:41:49.340 [info] > git status -z -uall [342ms]
2022-12-18 15:41:54.368 [info] > git config --get commit.template [12ms]
2022-12-18 15:41:54.369 [info] > git for-each-ref --format=%(refname)%00%(upstream:short)%00%(objectname)%00%(upstream:track)%00%(upstream:remotename)%00%(upstream:remoteref) refs/heads/modifying-admin-ui refs/remotes/modifying-admin-ui [2ms]
2022-12-18 15:41:54.392 [info] > git for-each-ref --sort -committerdate --format %(refname) %(objectname) %(*objectname) [2ms]
2022-12-18 15:41:54.603 [info] > git status -z -uall [223ms]
2022-12-18 15:42:10.855 [info] > git config --get commit.template [38ms]
2022-12-18 15:42:10.856 [info] > git for-each-ref --format=%(refname)%00%(upstream:short)%00%(objectname)%00%(upstream:track)%00%(upstream:remotename)%00%(upstream:remoteref) refs/heads/modifying-admin-ui refs/remotes/modifying-admin-ui [9ms]
2022-12-18 15:42:11.000 [info] > git for-each-ref --sort -committerdate --format %(refname) %(objectname) %(*objectname) [19ms]
2022-12-18 15:42:11.553 [info] > git status -z -uall [677ms]
2022-12-18 15:42:16.675 [info] > git config --get commit.template [21ms]
2022-12-18 15:42:16.679 [info] > git for-each-ref --format=%(refname)%00%(upstream:short)%00%(objectname)%00%(upstream:track)%00%(upstream:remotename)%00%(upstream:remoteref) refs/heads/modifying-admin-ui refs/remotes/modifying-admin-ui [5ms]
2022-12-18 15:42:16.724 [info] > git for-each-ref --sort -committerdate --format %(refname) %(objectname) %(*objectname) [12ms]
2022-12-18 15:42:17.167 [info] > git status -z -uall [474ms]
2022-12-18 15:42:22.192 [info] > git config --get commit.template [12ms]
2022-12-18 15:42:22.194 [info] > git for-each-ref --format=%(refname)%00%(upstream:short)%00%(objectname)%00%(upstream:track)%00%(upstream:remotename)%00%(upstream:remoteref) refs/heads/modifying-admin-ui refs/remotes/modifying-admin-ui [3ms]
2022-12-18 15:42:22.217 [info] > git for-each-ref --sort -committerdate --format %(refname) %(objectname) %(*objectname) [2ms]
2022-12-18 15:42:22.402 [info] > git status -z -uall [199ms]
2022-12-18 15:42:27.419 [info] > git config --get commit.template [1ms]
2022-12-18 15:42:27.434 [info] > git for-each-ref --format=%(refname)%00%(upstream:short)%00%(objectname)%00%(upstream:track)%00%(upstream:remotename)%00%(upstream:remoteref) refs/heads/modifying-admin-ui refs/remotes/modifying-admin-ui [2ms]
2022-12-18 15:42:27.462 [info] > git for-each-ref --sort -committerdate --format %(refname) %(objectname) %(*objectname) [3ms]
2022-12-18 15:42:27.648 [info] > git status -z -uall [201ms]
2022-12-18 15:42:32.666 [info] > git config --get commit.template [3ms]
2022-12-18 15:42:32.682 [info] > git for-each-ref --format=%(refname)%00%(upstream:short)%00%(objectname)%00%(upstream:track)%00%(upstream:remotename)%00%(upstream:remoteref) refs/heads/modifying-admin-ui refs/remotes/modifying-admin-ui [4ms]
2022-12-18 15:42:32.709 [info] > git for-each-ref --sort -committerdate --format %(refname) %(objectname) %(*objectname) [3ms]
2022-12-18 15:42:32.923 [info] > git status -z -uall [229ms]
2022-12-18 15:42:37.957 [info] > git config --get commit.template [14ms]
2022-12-18 15:42:37.958 [info] > git for-each-ref --format=%(refname)%00%(upstream:short)%00%(objectname)%00%(upstream:track)%00%(upstream:remotename)%00%(upstream:remoteref) refs/heads/modifying-admin-ui refs/remotes/modifying-admin-ui [2ms]
2022-12-18 15:42:38.008 [info] > git for-each-ref --sort -committerdate --format %(refname) %(objectname) %(*objectname) [16ms]
2022-12-18 15:42:38.270 [info] > git status -z -uall [302ms]
2022-12-18 15:42:43.307 [info] > git config --get commit.template [17ms]
2022-12-18 15:42:43.308 [info] > git for-each-ref --format=%(refname)%00%(upstream:short)%00%(objectname)%00%(upstream:track)%00%(upstream:remotename)%00%(upstream:remoteref) refs/heads/modifying-admin-ui refs/remotes/modifying-admin-ui [3ms]
2022-12-18 15:42:43.341 [info] > git for-each-ref --sort -committerdate --format %(refname) %(objectname) %(*objectname) [3ms]
2022-12-18 15:42:43.577 [info] > git status -z -uall [256ms]
2022-12-18 15:42:47.877 [info] > git check-ignore -v -z --stdin [30ms]
2022-12-18 15:42:50.673 [info] > git show --textconv :super-shop-ui/src/components/admin/Product/EditProduct.js [24ms]
2022-12-18 15:42:50.693 [info] > git ls-files --stage -- /home/dipesh/Documents/GitRemote/SuperShop-Online-Store/super-shop-ui/src/components/admin/Product/EditProduct.js [26ms]
2022-12-18 15:42:50.715 [info] > git cat-file -s 549ebecaa67c73e8bb6f6eaf479ebfaab0773127 [4ms]
2022-12-18 15:42:59.905 [info] > git config --get commit.template [17ms]
2022-12-18 15:42:59.906 [info] > git for-each-ref --format=%(refname)%00%(upstream:short)%00%(objectname)%00%(upstream:track)%00%(upstream:remotename)%00%(upstream:remoteref) refs/heads/modifying-admin-ui refs/remotes/modifying-admin-ui [3ms]
2022-12-18 15:42:59.958 [info] > git for-each-ref --sort -committerdate --format %(refname) %(objectname) %(*objectname) [7ms]
2022-12-18 15:43:00.266 [info] > git status -z -uall [348ms]
2022-12-18 15:43:05.297 [info] > git config --get commit.template [12ms]
2022-12-18 15:43:05.298 [info] > git for-each-ref --format=%(refname)%00%(upstream:short)%00%(objectname)%00%(upstream:track)%00%(upstream:remotename)%00%(upstream:remoteref) refs/heads/modifying-admin-ui refs/remotes/modifying-admin-ui [2ms]
2022-12-18 15:43:05.323 [info] > git for-each-ref --sort -committerdate --format %(refname) %(objectname) %(*objectname) [2ms]
2022-12-18 15:43:05.516 [info] > git status -z -uall [208ms]
2022-12-18 15:43:11.642 [info] > git config --get commit.template [15ms]
2022-12-18 15:43:11.644 [info] > git for-each-ref --format=%(refname)%00%(upstream:short)%00%(objectname)%00%(upstream:track)%00%(upstream:remotename)%00%(upstream:remoteref) refs/heads/modifying-admin-ui refs/remotes/modifying-admin-ui [3ms]
2022-12-18 15:43:11.696 [info] > git for-each-ref --sort -committerdate --format %(refname) %(objectname) %(*objectname) [12ms]
2022-12-18 15:43:11.930 [info] > git status -z -uall [275ms]
2022-12-18 15:43:16.954 [info] > git config --get commit.template [11ms]
2022-12-18 15:43:16.954 [info] > git for-each-ref --format=%(refname)%00%(upstream:short)%00%(objectname)%00%(upstream:track)%00%(upstream:remotename)%00%(upstream:remoteref) refs/heads/modifying-admin-ui refs/remotes/modifying-admin-ui [1ms]
2022-12-18 15:43:16.983 [info] > git for-each-ref --sort -committerdate --format %(refname) %(objectname) %(*objectname) [4ms]
2022-12-18 15:43:17.205 [info] > git status -z -uall [240ms]
2022-12-18 15:43:22.235 [info] > git config --get commit.template [14ms]
2022-12-18 15:43:22.236 [info] > git for-each-ref --format=%(refname)%00%(upstream:short)%00%(objectname)%00%(upstream:track)%00%(upstream:remotename)%00%(upstream:remoteref) refs/heads/modifying-admin-ui refs/remotes/modifying-admin-ui [2ms]
2022-12-18 15:43:22.260 [info] > git for-each-ref --sort -committerdate --format %(refname) %(objectname) %(*objectname) [3ms]
2022-12-18 15:43:22.489 [info] > git status -z -uall [243ms]
2022-12-18 15:43:27.519 [info] > git config --get commit.template [11ms]
2022-12-18 15:43:27.520 [info] > git for-each-ref --format=%(refname)%00%(upstream:short)%00%(objectname)%00%(upstream:track)%00%(upstream:remotename)%00%(upstream:remoteref) refs/heads/modifying-admin-ui refs/remotes/modifying-admin-ui [2ms]
2022-12-18 15:43:27.544 [info] > git for-each-ref --sort -committerdate --format %(refname) %(objectname) %(*objectname) [3ms]
2022-12-18 15:43:27.748 [info] > git status -z -uall [219ms]
2022-12-18 15:43:30.160 [info] > git show --textconv :super-shop-ui/src/components/admin/Category/AddCategory.js [30ms]
2022-12-18 15:43:30.170 [info] > git ls-files --stage -- /home/dipesh/Documents/GitRemote/SuperShop-Online-Store/super-shop-ui/src/components/admin/Category/AddCategory.js [22ms]
2022-12-18 15:43:30.189 [info] > git cat-file -s 0906f0f9223e738e315336fe2203002411eb55d5 [2ms]
2022-12-18 15:43:37.140 [info] > git show --textconv :super-shop-ui/src/components/admin/Category/EditCategory.js [20ms]
2022-12-18 15:43:37.152 [info] > git ls-files --stage -- /home/dipesh/Documents/GitRemote/SuperShop-Online-Store/super-shop-ui/src/components/admin/Category/EditCategory.js [16ms]
2022-12-18 15:43:37.166 [info] > git cat-file -s b7b3f149c49ab6def026bff334f44ad59d09b409 [2ms]
2022-12-18 15:43:52.280 [info] > git config --get commit.template [3ms]
2022-12-18 15:43:52.299 [info] > git for-each-ref --format=%(refname)%00%(upstream:short)%00%(objectname)%00%(upstream:track)%00%(upstream:remotename)%00%(upstream:remoteref) refs/heads/modifying-admin-ui refs/remotes/modifying-admin-ui [1ms]
2022-12-18 15:43:52.336 [info] > git for-each-ref --sort -committerdate --format %(refname) %(objectname) %(*objectname) [8ms]
2022-12-18 15:43:53.043 [info] > git status -z -uall [731ms]
2022-12-18 15:44:01.368 [info] > git config --get commit.template [26ms]
2022-12-18 15:44:01.374 [info] > git for-each-ref --format=%(refname)%00%(upstream:short)%00%(objectname)%00%(upstream:track)%00%(upstream:remotename)%00%(upstream:remoteref) refs/heads/modifying-admin-ui refs/remotes/modifying-admin-ui [10ms]
2022-12-18 15:44:01.464 [info] > git for-each-ref --sort -committerdate --format %(refname) %(objectname) %(*objectname) [13ms]
2022-12-18 15:44:01.692 [info] > git status -z -uall [291ms]
2022-12-18 15:44:06.725 [info] > git config --get commit.template [14ms]
2022-12-18 15:44:06.726 [info] > git for-each-ref --format=%(refname)%00%(upstream:short)%00%(objectname)%00%(upstream:track)%00%(upstream:remotename)%00%(upstream:remoteref) refs/heads/modifying-admin-ui refs/remotes/modifying-admin-ui [2ms]
2022-12-18 15:44:06.758 [info] > git for-each-ref --sort -committerdate --format %(refname) %(objectname) %(*objectname) [3ms]
2022-12-18 15:44:07.000 [info] > git status -z -uall [261ms]
2022-12-18 15:44:12.032 [info] > git config --get commit.template [14ms]
2022-12-18 15:44:12.034 [info] > git for-each-ref --format=%(refname)%00%(upstream:short)%00%(objectname)%00%(upstream:track)%00%(upstream:remotename)%00%(upstream:remoteref) refs/heads/modifying-admin-ui refs/remotes/modifying-admin-ui [3ms]
2022-12-18 15:44:12.069 [info] > git for-each-ref --sort -committerdate --format %(refname) %(objectname) %(*objectname) [3ms]
2022-12-18 15:44:12.261 [info] > git status -z -uall [213ms]
2022-12-18 15:44:18.349 [info] > git config --get commit.template [32ms]
2022-12-18 15:44:18.350 [info] > git for-each-ref --format=%(refname)%00%(upstream:short)%00%(objectname)%00%(upstream:track)%00%(upstream:remotename)%00%(upstream:remoteref) refs/heads/modifying-admin-ui refs/remotes/modifying-admin-ui [2ms]
2022-12-18 15:44:18.395 [info] > git for-each-ref --sort -committerdate --format %(refname) %(objectname) %(*objectname) [4ms]
2022-12-18 15:44:18.858 [info] > git status -z -uall [486ms]
2022-12-18 15:44:24.039 [info] > git config --get commit.template [26ms]
2022-12-18 15:44:24.043 [info] > git for-each-ref --format=%(refname)%00%(upstream:short)%00%(objectname)%00%(upstream:track)%00%(upstream:remotename)%00%(upstream:remoteref) refs/heads/modifying-admin-ui refs/remotes/modifying-admin-ui [5ms]
2022-12-18 15:44:24.102 [info] > git for-each-ref --sort -committerdate --format %(refname) %(objectname) %(*objectname) [6ms]
2022-12-18 15:44:24.411 [info] > git status -z -uall [353ms]
2022-12-18 15:44:29.438 [info] > git config --get commit.template [12ms]
2022-12-18 15:44:29.440 [info] > git for-each-ref --format=%(refname)%00%(upstream:short)%00%(objectname)%00%(upstream:track)%00%(upstream:remotename)%00%(upstream:remoteref) refs/heads/modifying-admin-ui refs/remotes/modifying-admin-ui [3ms]
2022-12-18 15:44:29.465 [info] > git for-each-ref --sort -committerdate --format %(refname) %(objectname) %(*objectname) [3ms]
2022-12-18 15:44:29.634 [info] > git status -z -uall [183ms]
2022-12-18 15:44:34.661 [info] > git config --get commit.template [12ms]
2022-12-18 15:44:34.662 [info] > git for-each-ref --format=%(refname)%00%(upstream:short)%00%(objectname)%00%(upstream:track)%00%(upstream:remotename)%00%(upstream:remoteref) refs/heads/modifying-admin-ui refs/remotes/modifying-admin-ui [2ms]
2022-12-18 15:44:34.691 [info] > git for-each-ref --sort -committerdate --format %(refname) %(objectname) %(*objectname) [4ms]
2022-12-18 15:44:34.956 [info] > git status -z -uall [282ms]
2022-12-18 15:44:39.990 [info] > git config --get commit.template [12ms]
2022-12-18 15:44:39.992 [info] > git for-each-ref --format=%(refname)%00%(upstream:short)%00%(objectname)%00%(upstream:track)%00%(upstream:remotename)%00%(upstream:remoteref) refs/heads/modifying-admin-ui refs/remotes/modifying-admin-ui [3ms]
2022-12-18 15:44:40.028 [info] > git for-each-ref --sort -committerdate --format %(refname) %(objectname) %(*objectname) [4ms]
2022-12-18 15:44:40.243 [info] > git status -z -uall [239ms]
2022-12-18 15:44:45.748 [info] > git config --get commit.template [29ms]
2022-12-18 15:44:45.758 [info] > git for-each-ref --format=%(refname)%00%(upstream:short)%00%(objectname)%00%(upstream:track)%00%(upstream:remotename)%00%(upstream:remoteref) refs/heads/modifying-admin-ui refs/remotes/modifying-admin-ui [11ms]
2022-12-18 15:44:45.985 [info] > git for-each-ref --sort -committerdate --format %(refname) %(objectname) %(*objectname) [24ms]
2022-12-18 15:44:46.282 [info] > git status -z -uall [491ms]
2022-12-18 15:44:57.297 [info] > git config --get commit.template [15ms]
2022-12-18 15:44:57.301 [info] > git for-each-ref --format=%(refname)%00%(upstream:short)%00%(objectname)%00%(upstream:track)%00%(upstream:remotename)%00%(upstream:remoteref) refs/heads/modifying-admin-ui refs/remotes/modifying-admin-ui [4ms]
2022-12-18 15:44:57.334 [info] > git for-each-ref --sort -committerdate --format %(refname) %(objectname) %(*objectname) [7ms]
2022-12-18 15:44:57.521 [info] > git status -z -uall [210ms]
2022-12-18 15:45:02.549 [info] > git config --get commit.template [12ms]
2022-12-18 15:45:02.550 [info] > git for-each-ref --format=%(refname)%00%(upstream:short)%00%(objectname)%00%(upstream:track)%00%(upstream:remotename)%00%(upstream:remoteref) refs/heads/modifying-admin-ui refs/remotes/modifying-admin-ui [2ms]
2022-12-18 15:45:02.581 [info] > git for-each-ref --sort -committerdate --format %(refname) %(objectname) %(*objectname) [3ms]
2022-12-18 15:45:02.760 [info] > git status -z -uall [198ms]
2022-12-18 15:45:12.081 [info] > git config --get commit.template [15ms]
2022-12-18 15:45:12.084 [info] > git for-each-ref --format=%(refname)%00%(upstream:short)%00%(objectname)%00%(upstream:track)%00%(upstream:remotename)%00%(upstream:remoteref) refs/heads/modifying-admin-ui refs/remotes/modifying-admin-ui [4ms]
2022-12-18 15:45:12.115 [info] > git for-each-ref --sort -committerdate --format %(refname) %(objectname) %(*objectname) [2ms]
2022-12-18 15:45:12.304 [info] > git status -z -uall [206ms]
2022-12-18 15:45:17.340 [info] > git config --get commit.template [13ms]
2022-12-18 15:45:17.343 [info] > git for-each-ref --format=%(refname)%00%(upstream:short)%00%(objectname)%00%(upstream:track)%00%(upstream:remotename)%00%(upstream:remoteref) refs/heads/modifying-admin-ui refs/remotes/modifying-admin-ui [4ms]
2022-12-18 15:45:17.366 [info] > git for-each-ref --sort -committerdate --format %(refname) %(objectname) %(*objectname) [4ms]
2022-12-18 15:45:17.842 [info] > git status -z -uall [489ms]
2022-12-18 15:45:23.856 [info] > git config --get commit.template [14ms]
2022-12-18 15:45:23.857 [info] > git for-each-ref --format=%(refname)%00%(upstream:short)%00%(objectname)%00%(upstream:track)%00%(upstream:remotename)%00%(upstream:remoteref) refs/heads/modifying-admin-ui refs/remotes/modifying-admin-ui [3ms]
2022-12-18 15:45:23.890 [info] > git for-each-ref --sort -committerdate --format %(refname) %(objectname) %(*objectname) [4ms]
2022-12-18 15:45:24.137 [info] > git status -z -uall [268ms]
2022-12-18 15:45:48.005 [info] > git config --get commit.template [16ms]
2022-12-18 15:45:48.009 [info] > git for-each-ref --format=%(refname)%00%(upstream:short)%00%(objectname)%00%(upstream:track)%00%(upstream:remotename)%00%(upstream:remoteref) refs/heads/modifying-admin-ui refs/remotes/modifying-admin-ui [5ms]
2022-12-18 15:45:48.034 [info] > git for-each-ref --sort -committerdate --format %(refname) %(objectname) %(*objectname) [5ms]
2022-12-18 15:45:48.289 [info] > git status -z -uall [271ms]
2022-12-18 15:45:53.332 [info] > git config --get commit.template [12ms]
2022-12-18 15:45:53.332 [info] > git for-each-ref --format=%(refname)%00%(upstream:short)%00%(objectname)%00%(upstream:track)%00%(upstream:remotename)%00%(upstream:remoteref) refs/heads/modifying-admin-ui refs/remotes/modifying-admin-ui [1ms]
2022-12-18 15:45:53.368 [info] > git for-each-ref --sort -committerdate --format %(refname) %(objectname) %(*objectname) [11ms]
2022-12-18 15:45:53.532 [info] > git status -z -uall [189ms]
2022-12-18 15:46:07.120 [info] > git config --get commit.template [12ms]
2022-12-18 15:46:07.121 [info] > git for-each-ref --format=%(refname)%00%(upstream:short)%00%(objectname)%00%(upstream:track)%00%(upstream:remotename)%00%(upstream:remoteref) refs/heads/modifying-admin-ui refs/remotes/modifying-admin-ui [2ms]
2022-12-18 15:46:07.149 [info] > git for-each-ref --sort -committerdate --format %(refname) %(objectname) %(*objectname) [3ms]
2022-12-18 15:46:07.328 [info] > git status -z -uall [196ms]
2022-12-18 15:46:13.468 [info] > git config --get commit.template [14ms]
2022-12-18 15:46:13.469 [info] > git for-each-ref --format=%(refname)%00%(upstream:short)%00%(objectname)%00%(upstream:track)%00%(upstream:remotename)%00%(upstream:remoteref) refs/heads/modifying-admin-ui refs/remotes/modifying-admin-ui [2ms]
2022-12-18 15:46:13.497 [info] > git for-each-ref --sort -committerdate --format %(refname) %(objectname) %(*objectname) [3ms]
2022-12-18 15:46:13.696 [info] > git status -z -uall [214ms]
2022-12-18 15:46:18.723 [info] > git config --get commit.template [11ms]
2022-12-18 15:46:18.724 [info] > git for-each-ref --format=%(refname)%00%(upstream:short)%00%(objectname)%00%(upstream:track)%00%(upstream:remotename)%00%(upstream:remoteref) refs/heads/modifying-admin-ui refs/remotes/modifying-admin-ui [2ms]
2022-12-18 15:46:18.750 [info] > git for-each-ref --sort -committerdate --format %(refname) %(objectname) %(*objectname) [3ms]
2022-12-18 15:46:18.941 [info] > git status -z -uall [208ms]
2022-12-18 15:46:26.357 [info] > git config --get commit.template [24ms]
2022-12-18 15:46:26.359 [info] > git for-each-ref --format=%(refname)%00%(upstream:short)%00%(objectname)%00%(upstream:track)%00%(upstream:remotename)%00%(upstream:remoteref) refs/heads/modifying-admin-ui refs/remotes/modifying-admin-ui [3ms]
2022-12-18 15:46:26.415 [info] > git for-each-ref --sort -committerdate --format %(refname) %(objectname) %(*objectname) [7ms]
2022-12-18 15:46:26.689 [info] > git status -z -uall [314ms]
2022-12-18 15:46:41.275 [info] > git config --get commit.template [13ms]
2022-12-18 15:46:41.276 [info] > git for-each-ref --format=%(refname)%00%(upstream:short)%00%(objectname)%00%(upstream:track)%00%(upstream:remotename)%00%(upstream:remoteref) refs/heads/modifying-admin-ui refs/remotes/modifying-admin-ui [2ms]
2022-12-18 15:46:41.301 [info] > git for-each-ref --sort -committerdate --format %(refname) %(objectname) %(*objectname) [6ms]
2022-12-18 15:46:41.479 [info] > git status -z -uall [195ms]
2022-12-18 15:46:47.096 [info] > git config --get commit.template [10ms]
2022-12-18 15:46:47.097 [info] > git for-each-ref --format=%(refname)%00%(upstream:short)%00%(objectname)%00%(upstream:track)%00%(upstream:remotename)%00%(upstream:remoteref) refs/heads/modifying-admin-ui refs/remotes/modifying-admin-ui [2ms]
2022-12-18 15:46:47.121 [info] > git for-each-ref --sort -committerdate --format %(refname) %(objectname) %(*objectname) [2ms]
2022-12-18 15:46:47.303 [info] > git status -z -uall [197ms]
2022-12-18 15:46:53.356 [info] > git config --get commit.template [3ms]
2022-12-18 15:46:53.368 [info] > git for-each-ref --format=%(refname)%00%(upstream:short)%00%(objectname)%00%(upstream:track)%00%(upstream:remotename)%00%(upstream:remoteref) refs/heads/modifying-admin-ui refs/remotes/modifying-admin-ui [2ms]
2022-12-18 15:46:53.406 [info] > git for-each-ref --sort -committerdate --format %(refname) %(objectname) %(*objectname) [13ms]
2022-12-18 15:46:53.559 [info] > git status -z -uall [181ms]
2022-12-18 15:49:40.253 [info] > git config --get commit.template [39ms]
2022-12-18 15:49:40.256 [info] > git for-each-ref --format=%(refname)%00%(upstream:short)%00%(objectname)%00%(upstream:track)%00%(upstream:remotename)%00%(upstream:remoteref) refs/heads/modifying-admin-ui refs/remotes/modifying-admin-ui [3ms]
2022-12-18 15:49:40.320 [info] > git for-each-ref --sort -committerdate --format %(refname) %(objectname) %(*objectname) [25ms]
2022-12-18 15:49:40.811 [info] > git status -z -uall [539ms]
2022-12-18 15:49:45.844 [info] > git config --get commit.template [16ms]
2022-12-18 15:49:45.845 [info] > git for-each-ref --format=%(refname)%00%(upstream:short)%00%(objectname)%00%(upstream:track)%00%(upstream:remotename)%00%(upstream:remoteref) refs/heads/modifying-admin-ui refs/remotes/modifying-admin-ui [2ms]
2022-12-18 15:49:45.871 [info] > git for-each-ref --sort -committerdate --format %(refname) %(objectname) %(*objectname) [3ms]
2022-12-18 15:49:46.206 [info] > git status -z -uall [350ms]
2022-12-18 15:49:51.293 [info] > git config --get commit.template [13ms]
2022-12-18 15:49:51.317 [info] > git for-each-ref --format=%(refname)%00%(upstream:short)%00%(objectname)%00%(upstream:track)%00%(upstream:remotename)%00%(upstream:remoteref) refs/heads/modifying-admin-ui refs/remotes/modifying-admin-ui [4ms]
2022-12-18 15:49:51.382 [info] > git for-each-ref --sort -committerdate --format %(refname) %(objectname) %(*objectname) [6ms]
2022-12-18 15:49:51.945 [info] > git status -z -uall [604ms]
2022-12-18 15:49:56.986 [info] > git config --get commit.template [13ms]
2022-12-18 15:49:56.988 [info] > git for-each-ref --format=%(refname)%00%(upstream:short)%00%(objectname)%00%(upstream:track)%00%(upstream:remotename)%00%(upstream:remoteref) refs/heads/modifying-admin-ui refs/remotes/modifying-admin-ui [2ms]
2022-12-18 15:49:57.013 [info] > git for-each-ref --sort -committerdate --format %(refname) %(objectname) %(*objectname) [3ms]
2022-12-18 15:49:57.292 [info] > git status -z -uall [294ms]
2022-12-18 15:50:02.324 [info] > git config --get commit.template [14ms]
2022-12-18 15:50:02.325 [info] > git for-each-ref --format=%(refname)%00%(upstream:short)%00%(objectname)%00%(upstream:track)%00%(upstream:remotename)%00%(upstream:remoteref) refs/heads/modifying-admin-ui refs/remotes/modifying-admin-ui [2ms]
2022-12-18 15:50:02.356 [info] > git for-each-ref --sort -committerdate --format %(refname) %(objectname) %(*objectname) [4ms]
2022-12-18 15:50:02.632 [info] > git status -z -uall [295ms]
2022-12-18 15:50:08.417 [info] > git config --get commit.template [27ms]
2022-12-18 15:50:08.418 [info] > git for-each-ref --format=%(refname)%00%(upstream:short)%00%(objectname)%00%(upstream:track)%00%(upstream:remotename)%00%(upstream:remoteref) refs/heads/modifying-admin-ui refs/remotes/modifying-admin-ui [2ms]
2022-12-18 15:50:08.489 [info] > git for-each-ref --sort -committerdate --format %(refname) %(objectname) %(*objectname) [10ms]
2022-12-18 15:50:09.015 [info] > git status -z -uall [575ms]
2022-12-18 15:50:14.044 [info] > git config --get commit.template [3ms]
2022-12-18 15:50:14.057 [info] > git for-each-ref --format=%(refname)%00%(upstream:short)%00%(objectname)%00%(upstream:track)%00%(upstream:remotename)%00%(upstream:remoteref) refs/heads/modifying-admin-ui refs/remotes/modifying-admin-ui [2ms]
2022-12-18 15:50:14.090 [info] > git for-each-ref --sort -committerdate --format %(refname) %(objectname) %(*objectname) [9ms]
2022-12-18 15:50:14.326 [info] > git status -z -uall [258ms]
2022-12-18 15:50:19.350 [info] > git config --get commit.template [3ms]
2022-12-18 15:50:19.360 [info] > git for-each-ref --format=%(refname)%00%(upstream:short)%00%(objectname)%00%(upstream:track)%00%(upstream:remotename)%00%(upstream:remoteref) refs/heads/modifying-admin-ui refs/remotes/modifying-admin-ui [2ms]
2022-12-18 15:50:19.442 [info] > git for-each-ref --sort -committerdate --format %(refname) %(objectname) %(*objectname) [56ms]
2022-12-18 15:50:19.629 [info] > git status -z -uall [256ms]
2022-12-18 15:50:24.664 [info] > git config --get commit.template [16ms]
2022-12-18 15:50:24.665 [info] > git for-each-ref --format=%(refname)%00%(upstream:short)%00%(objectname)%00%(upstream:track)%00%(upstream:remotename)%00%(upstream:remoteref) refs/heads/modifying-admin-ui refs/remotes/modifying-admin-ui [3ms]
2022-12-18 15:50:24.697 [info] > git for-each-ref --sort -committerdate --format %(refname) %(objectname) %(*objectname) [5ms]
2022-12-18 15:50:25.024 [info] > git status -z -uall [347ms]
2022-12-18 15:50:33.923 [info] > git config --get commit.template [23ms]
2022-12-18 15:50:33.927 [info] > git for-each-ref --format=%(refname)%00%(upstream:short)%00%(objectname)%00%(upstream:track)%00%(upstream:remotename)%00%(upstream:remoteref) refs/heads/modifying-admin-ui refs/remotes/modifying-admin-ui [8ms]
2022-12-18 15:50:34.011 [info] > git for-each-ref --sort -committerdate --format %(refname) %(objectname) %(*objectname) [9ms]
2022-12-18 15:50:34.322 [info] > git status -z -uall [378ms]
2022-12-18 15:50:39.348 [info] > git config --get commit.template [3ms]
2022-12-18 15:50:39.367 [info] > git for-each-ref --format=%(refname)%00%(upstream:short)%00%(objectname)%00%(upstream:track)%00%(upstream:remotename)%00%(upstream:remoteref) refs/heads/modifying-admin-ui refs/remotes/modifying-admin-ui [1ms]
2022-12-18 15:50:39.412 [info] > git for-each-ref --sort -committerdate --format %(refname) %(objectname) %(*objectname) [11ms]
2022-12-18 15:50:39.665 [info] > git status -z -uall [283ms]
2022-12-18 15:50:46.891 [info] > git config --get commit.template [22ms]
2022-12-18 15:50:46.895 [info] > git for-each-ref --format=%(refname)%00%(upstream:short)%00%(objectname)%00%(upstream:track)%00%(upstream:remotename)%00%(upstream:remoteref) refs/heads/modifying-admin-ui refs/remotes/modifying-admin-ui [6ms]
2022-12-18 15:50:46.934 [info] > git for-each-ref --sort -committerdate --format %(refname) %(objectname) %(*objectname) [5ms]
2022-12-18 15:50:47.206 [info] > git status -z -uall [295ms]
2022-12-18 15:50:52.238 [info] > git config --get commit.template [14ms]
2022-12-18 15:50:52.239 [info] > git for-each-ref --format=%(refname)%00%(upstream:short)%00%(objectname)%00%(upstream:track)%00%(upstream:remotename)%00%(upstream:remoteref) refs/heads/modifying-admin-ui refs/remotes/modifying-admin-ui [1ms]
2022-12-18 15:50:52.273 [info] > git for-each-ref --sort -committerdate --format %(refname) %(objectname) %(*objectname) [2ms]
2022-12-18 15:50:52.535 [info] > git status -z -uall [282ms]
2022-12-18 15:51:01.821 [info] > git config --get commit.template [15ms]
2022-12-18 15:51:01.821 [info] > git for-each-ref --format=%(refname)%00%(upstream:short)%00%(objectname)%00%(upstream:track)%00%(upstream:remotename)%00%(upstream:remoteref) refs/heads/modifying-admin-ui refs/remotes/modifying-admin-ui [2ms]
2022-12-18 15:51:01.848 [info] > git for-each-ref --sort -committerdate --format %(refname) %(objectname) %(*objectname) [3ms]
2022-12-18 15:51:02.035 [info] > git status -z -uall [201ms]
2022-12-18 15:51:12.149 [info] > git config --get commit.template [13ms]
2022-12-18 15:51:12.151 [info] > git for-each-ref --format=%(refname)%00%(upstream:short)%00%(objectname)%00%(upstream:track)%00%(upstream:remotename)%00%(upstream:remoteref) refs/heads/modifying-admin-ui refs/remotes/modifying-admin-ui [3ms]
2022-12-18 15:51:12.190 [info] > git for-each-ref --sort -committerdate --format %(refname) %(objectname) %(*objectname) [4ms]
2022-12-18 15:51:12.736 [info] > git status -z -uall [573ms]
2022-12-18 15:51:17.762 [info] > git config --get commit.template [2ms]
2022-12-18 15:51:17.775 [info] > git for-each-ref --format=%(refname)%00%(upstream:short)%00%(objectname)%00%(upstream:track)%00%(upstream:remotename)%00%(upstream:remoteref) refs/heads/modifying-admin-ui refs/remotes/modifying-admin-ui [2ms]
2022-12-18 15:51:17.805 [info] > git for-each-ref --sort -committerdate --format %(refname) %(objectname) %(*objectname) [5ms]
2022-12-18 15:51:18.021 [info] > git status -z -uall [235ms]
2022-12-18 15:51:28.491 [info] > git config --get commit.template [70ms]
2022-12-18 15:51:28.501 [info] > git for-each-ref --format=%(refname)%00%(upstream:short)%00%(objectname)%00%(upstream:track)%00%(upstream:remotename)%00%(upstream:remoteref) refs/heads/modifying-admin-ui refs/remotes/modifying-admin-ui [13ms]
2022-12-18 15:51:28.661 [info] > git for-each-ref --sort -committerdate --format %(refname) %(objectname) %(*objectname) [78ms]
2022-12-18 15:51:28.893 [info] > git status -z -uall [343ms]
2022-12-18 15:51:39.495 [info] > git for-each-ref --format=%(refname)%00%(upstream:short)%00%(objectname)%00%(upstream:track)%00%(upstream:remotename)%00%(upstream:remoteref) refs/heads/modifying-admin-ui refs/remotes/modifying-admin-ui [1ms]
2022-12-18 15:51:39.495 [info] > git config --get commit.template [21ms]
2022-12-18 15:51:39.544 [info] > git for-each-ref --sort -committerdate --format %(refname) %(objectname) %(*objectname) [16ms]
2022-12-18 15:51:39.741 [info] > git status -z -uall [230ms]
2022-12-18 15:51:45.537 [info] > git config --get commit.template [25ms]
2022-12-18 15:51:45.546 [info] > git for-each-ref --format=%(refname)%00%(upstream:short)%00%(objectname)%00%(upstream:track)%00%(upstream:remotename)%00%(upstream:remoteref) refs/heads/modifying-admin-ui refs/remotes/modifying-admin-ui [10ms]
2022-12-18 15:51:45.606 [info] > git for-each-ref --sort -committerdate --format %(refname) %(objectname) %(*objectname) [5ms]
2022-12-18 15:51:45.915 [info] > git status -z -uall [351ms]
2022-12-18 15:51:50.942 [info] > git config --get commit.template [10ms]
2022-12-18 15:51:50.942 [info] > git for-each-ref --format=%(refname)%00%(upstream:short)%00%(objectname)%00%(upstream:track)%00%(upstream:remotename)%00%(upstream:remoteref) refs/heads/modifying-admin-ui refs/remotes/modifying-admin-ui [1ms]
2022-12-18 15:51:50.966 [info] > git for-each-ref --sort -committerdate --format %(refname) %(objectname) %(*objectname) [2ms]
2022-12-18 15:51:51.136 [info] > git status -z -uall [183ms]
2022-12-18 15:51:56.167 [info] > git config --get commit.template [13ms]
2022-12-18 15:51:56.168 [info] > git for-each-ref --format=%(refname)%00%(upstream:short)%00%(objectname)%00%(upstream:track)%00%(upstream:remotename)%00%(upstream:remoteref) refs/heads/modifying-admin-ui refs/remotes/modifying-admin-ui [2ms]
2022-12-18 15:51:56.195 [info] > git for-each-ref --sort -committerdate --format %(refname) %(objectname) %(*objectname) [3ms]
2022-12-18 15:51:56.434 [info] > git status -z -uall [255ms]
2022-12-18 15:52:02.651 [info] > git config --get commit.template [16ms]
2022-12-18 15:52:02.651 [info] > git for-each-ref --format=%(refname)%00%(upstream:short)%00%(objectname)%00%(upstream:track)%00%(upstream:remotename)%00%(upstream:remoteref) refs/heads/modifying-admin-ui refs/remotes/modifying-admin-ui [1ms]
2022-12-18 15:52:02.673 [info] > git for-each-ref --sort -committerdate --format %(refname) %(objectname) %(*objectname) [3ms]
2022-12-18 15:52:02.873 [info] > git status -z -uall [212ms]
2022-12-18 15:52:07.912 [info] > git config --get commit.template [18ms]
2022-12-18 15:52:07.913 [info] > git for-each-ref --format=%(refname)%00%(upstream:short)%00%(objectname)%00%(upstream:track)%00%(upstream:remotename)%00%(upstream:remoteref) refs/heads/modifying-admin-ui refs/remotes/modifying-admin-ui [2ms]
2022-12-18 15:52:07.951 [info] > git for-each-ref --sort -committerdate --format %(refname) %(objectname) %(*objectname) [6ms]
2022-12-18 15:52:08.231 [info] > git status -z -uall [304ms]
2022-12-18 15:53:05.002 [info] > git check-ignore -v -z --stdin [41ms]
2022-12-18 15:53:06.456 [info] > git ls-files --stage -- /home/dipesh/Documents/GitRemote/SuperShop-Online-Store/super-shop-ui/src/components/product/ProductPage.js [25ms]
2022-12-18 15:53:06.472 [info] > git show --textconv :super-shop-ui/src/components/product/ProductPage.js [66ms]
2022-12-18 15:53:06.488 [info] > git cat-file -s 848900e9831fe0dd2d5159bab7c291c31c8dc7be [15ms]
2022-12-18 15:54:05.964 [info] > git config --get commit.template [20ms]
2022-12-18 15:54:05.970 [info] > git for-each-ref --format=%(refname)%00%(upstream:short)%00%(objectname)%00%(upstream:track)%00%(upstream:remotename)%00%(upstream:remoteref) refs/heads/modifying-admin-ui refs/remotes/modifying-admin-ui [7ms]
2022-12-18 15:54:06.010 [info] > git for-each-ref --sort -committerdate --format %(refname) %(objectname) %(*objectname) [15ms]
2022-12-18 15:54:06.505 [info] > git status -z -uall [525ms]
2022-12-18 15:54:15.099 [info] > git config --get commit.template [25ms]
2022-12-18 15:54:15.105 [info] > git for-each-ref --format=%(refname)%00%(upstream:short)%00%(objectname)%00%(upstream:track)%00%(upstream:remotename)%00%(upstream:remoteref) refs/heads/modifying-admin-ui refs/remotes/modifying-admin-ui [6ms]
2022-12-18 15:54:15.152 [info] > git for-each-ref --sort -committerdate --format %(refname) %(objectname) %(*objectname) [5ms]
2022-12-18 15:54:15.435 [info] > git status -z -uall [312ms]
2022-12-18 15:54:21.002 [info] > git config --get commit.template [15ms]
2022-12-18 15:54:21.005 [info] > git for-each-ref --format=%(refname)%00%(upstream:short)%00%(objectname)%00%(upstream:track)%00%(upstream:remotename)%00%(upstream:remoteref) refs/heads/modifying-admin-ui refs/remotes/modifying-admin-ui [5ms]
2022-12-18 15:54:21.045 [info] > git for-each-ref --sort -committerdate --format %(refname) %(objectname) %(*objectname) [4ms]
2022-12-18 15:54:21.431 [info] > git status -z -uall [414ms]
2022-12-18 15:54:26.464 [info] > git config --get commit.template [11ms]
2022-12-18 15:54:26.465 [info] > git for-each-ref --format=%(refname)%00%(upstream:short)%00%(objectname)%00%(upstream:track)%00%(upstream:remotename)%00%(upstream:remoteref) refs/heads/modifying-admin-ui refs/remotes/modifying-admin-ui [1ms]
2022-12-18 15:54:26.489 [info] > git for-each-ref --sort -committerdate --format %(refname) %(objectname) %(*objectname) [2ms]
2022-12-18 15:54:26.663 [info] > git status -z -uall [187ms]
2022-12-18 15:54:31.693 [info] > git config --get commit.template [12ms]
2022-12-18 15:54:31.694 [info] > git for-each-ref --format=%(refname)%00%(upstream:short)%00%(objectname)%00%(upstream:track)%00%(upstream:remotename)%00%(upstream:remoteref) refs/heads/modifying-admin-ui refs/remotes/modifying-admin-ui [2ms]
2022-12-18 15:54:31.721 [info] > git for-each-ref --sort -committerdate --format %(refname) %(objectname) %(*objectname) [3ms]
2022-12-18 15:54:31.911 [info] > git status -z -uall [207ms]
2022-12-18 15:54:37.705 [info] > git show --textconv :super-shop-ui/src/components/admin/Product/AllProducts.js [32ms]
2022-12-18 15:54:37.715 [info] > git ls-files --stage -- /home/dipesh/Documents/GitRemote/SuperShop-Online-Store/super-shop-ui/src/components/admin/Product/AllProducts.js [24ms]
2022-12-18 15:54:37.732 [info] > git cat-file -s e189758200d602a30ffd7286be794d3c11ab0c1c [3ms]
2022-12-18 15:55:07.023 [info] > git show --textconv :super-shop-ui/src/components/admin/Product/EditProduct.js [41ms]
2022-12-18 15:55:07.033 [info] > git ls-files --stage -- /home/dipesh/Documents/GitRemote/SuperShop-Online-Store/super-shop-ui/src/components/admin/Product/EditProduct.js [17ms]
2022-12-18 15:55:07.050 [info] > git cat-file -s 549ebecaa67c73e8bb6f6eaf479ebfaab0773127 [5ms]
2022-12-18 15:56:09.124 [info] > git config --get commit.template [22ms]
2022-12-18 15:56:09.128 [info] > git for-each-ref --format=%(refname)%00%(upstream:short)%00%(objectname)%00%(upstream:track)%00%(upstream:remotename)%00%(upstream:remoteref) refs/heads/modifying-admin-ui refs/remotes/modifying-admin-ui [8ms]
2022-12-18 15:56:09.189 [info] > git for-each-ref --sort -committerdate --format %(refname) %(objectname) %(*objectname) [20ms]
2022-12-18 15:56:09.615 [info] > git status -z -uall [465ms]
2022-12-18 15:56:17.902 [info] > git config --get commit.template [12ms]
2022-12-18 15:56:17.902 [info] > git for-each-ref --format=%(refname)%00%(upstream:short)%00%(objectname)%00%(upstream:track)%00%(upstream:remotename)%00%(upstream:remoteref) refs/heads/modifying-admin-ui refs/remotes/modifying-admin-ui [2ms]
2022-12-18 15:56:17.969 [info] > git for-each-ref --sort -committerdate --format %(refname) %(objectname) %(*objectname) [27ms]
2022-12-18 15:56:18.215 [info] > git status -z -uall [298ms]
2022-12-18 15:56:27.741 [info] > git show --textconv :super-shop-ui/src/components/admin/Product/AllProducts.js [23ms]
2022-12-18 15:56:27.755 [info] > git ls-files --stage -- /home/dipesh/Documents/GitRemote/SuperShop-Online-Store/super-shop-ui/src/components/admin/Product/AllProducts.js [21ms]
2022-12-18 15:56:27.770 [info] > git cat-file -s e189758200d602a30ffd7286be794d3c11ab0c1c [2ms]
2022-12-18 15:56:50.547 [info] > git config --get commit.template [14ms]
2022-12-18 15:56:50.548 [info] > git for-each-ref --format=%(refname)%00%(upstream:short)%00%(objectname)%00%(upstream:track)%00%(upstream:remotename)%00%(upstream:remoteref) refs/heads/modifying-admin-ui refs/remotes/modifying-admin-ui [2ms]
2022-12-18 15:56:50.725 [info] > git for-each-ref --sort -committerdate --format %(refname) %(objectname) %(*objectname) [17ms]
2022-12-18 15:56:50.927 [info] > git status -z -uall [313ms]
2022-12-18 15:57:07.630 [info] > git config --get commit.template [12ms]
2022-12-18 15:57:07.630 [info] > git for-each-ref --format=%(refname)%00%(upstream:short)%00%(objectname)%00%(upstream:track)%00%(upstream:remotename)%00%(upstream:remoteref) refs/heads/modifying-admin-ui refs/remotes/modifying-admin-ui [2ms]
2022-12-18 15:57:07.659 [info] > git for-each-ref --sort -committerdate --format %(refname) %(objectname) %(*objectname) [3ms]
2022-12-18 15:57:07.850 [info] > git status -z -uall [207ms]
2022-12-18 15:57:13.519 [info] > git config --get commit.template [13ms]
2022-12-18 15:57:13.521 [info] > git for-each-ref --format=%(refname)%00%(upstream:short)%00%(objectname)%00%(upstream:track)%00%(upstream:remotename)%00%(upstream:remoteref) refs/heads/modifying-admin-ui refs/remotes/modifying-admin-ui [2ms]
2022-12-18 15:57:13.566 [info] > git for-each-ref --sort -committerdate --format %(refname) %(objectname) %(*objectname) [6ms]
2022-12-18 15:57:13.753 [info] > git status -z -uall [218ms]
2022-12-18 15:57:18.780 [info] > git config --get commit.template [12ms]
2022-12-18 15:57:18.781 [info] > git for-each-ref --format=%(refname)%00%(upstream:short)%00%(objectname)%00%(upstream:track)%00%(upstream:remotename)%00%(upstream:remoteref) refs/heads/modifying-admin-ui refs/remotes/modifying-admin-ui [2ms]
2022-12-18 15:57:18.807 [info] > git for-each-ref --sort -committerdate --format %(refname) %(objectname) %(*objectname) [4ms]
2022-12-18 15:57:18.991 [info] > git status -z -uall [201ms]
2022-12-18 15:57:24.718 [info] > git config --get commit.template [11ms]
2022-12-18 15:57:24.719 [info] > git for-each-ref --format=%(refname)%00%(upstream:short)%00%(objectname)%00%(upstream:track)%00%(upstream:remotename)%00%(upstream:remoteref) refs/heads/modifying-admin-ui refs/remotes/modifying-admin-ui [2ms]
2022-12-18 15:57:24.743 [info] > git for-each-ref --sort -committerdate --format %(refname) %(objectname) %(*objectname) [2ms]
2022-12-18 15:57:24.949 [info] > git status -z -uall [220ms]
2022-12-18 15:57:36.380 [info] > git config --get commit.template [16ms]
2022-12-18 15:57:36.381 [info] > git for-each-ref --format=%(refname)%00%(upstream:short)%00%(objectname)%00%(upstream:track)%00%(upstream:remotename)%00%(upstream:remoteref) refs/heads/modifying-admin-ui refs/remotes/modifying-admin-ui [2ms]
2022-12-18 15:57:36.414 [info] > git for-each-ref --sort -committerdate --format %(refname) %(objectname) %(*objectname) [4ms]
2022-12-18 15:57:36.639 [info] > git status -z -uall [246ms]
2022-12-18 15:58:07.709 [info] > git for-each-ref --format=%(refname)%00%(upstream:short)%00%(objectname)%00%(upstream:track)%00%(upstream:remotename)%00%(upstream:remoteref) refs/heads/modifying-admin-ui refs/remotes/modifying-admin-ui [17ms]
2022-12-18 15:58:07.715 [info] > git config --get commit.template [40ms]
2022-12-18 15:58:07.759 [info] > git for-each-ref --sort -committerdate --format %(refname) %(objectname) %(*objectname) [8ms]
2022-12-18 15:58:08.145 [info] > git status -z -uall [413ms]
2022-12-18 15:58:13.177 [info] > git config --get commit.template [13ms]
2022-12-18 15:58:13.178 [info] > git for-each-ref --format=%(refname)%00%(upstream:short)%00%(objectname)%00%(upstream:track)%00%(upstream:remotename)%00%(upstream:remoteref) refs/heads/modifying-admin-ui refs/remotes/modifying-admin-ui [2ms]
2022-12-18 15:58:13.203 [info] > git for-each-ref --sort -committerdate --format %(refname) %(objectname) %(*objectname) [3ms]
2022-12-18 15:58:13.379 [info] > git status -z -uall [189ms]
2022-12-18 15:58:18.408 [info] > git config --get commit.template [5ms]
2022-12-18 15:58:18.423 [info] > git for-each-ref --format=%(refname)%00%(upstream:short)%00%(objectname)%00%(upstream:track)%00%(upstream:remotename)%00%(upstream:remoteref) refs/heads/modifying-admin-ui refs/remotes/modifying-admin-ui [3ms]
2022-12-18 15:58:18.455 [info] > git for-each-ref --sort -committerdate --format %(refname) %(objectname) %(*objectname) [3ms]
2022-12-18 15:58:18.656 [info] > git status -z -uall [219ms]
2022-12-18 15:58:23.702 [info] > git config --get commit.template [16ms]
2022-12-18 15:58:23.703 [info] > git for-each-ref --format=%(refname)%00%(upstream:short)%00%(objectname)%00%(upstream:track)%00%(upstream:remotename)%00%(upstream:remoteref) refs/heads/modifying-admin-ui refs/remotes/modifying-admin-ui [9ms]
2022-12-18 15:58:23.807 [info] > git for-each-ref --sort -committerdate --format %(refname) %(objectname) %(*objectname) [16ms]
2022-12-18 15:58:24.239 [info] > git status -z -uall [498ms]
2022-12-18 15:58:49.804 [info] > git ls-files --stage -- /home/dipesh/Documents/GitRemote/SuperShop-Online-Store/super-shop-ui/src/components/product/ProductCard.js [69ms]
2022-12-18 15:58:49.830 [info] > git show --textconv :super-shop-ui/src/components/product/ProductCard.js [118ms]
2022-12-18 15:58:49.834 [info] > git cat-file -s 8567f814f172a424ed5afe37459531feb67639b3 [4ms]
2022-12-18 15:58:52.795 [info] > git show --textconv :super-shop-ui/src/components/product/ProductList.js [23ms]
2022-12-18 15:58:52.810 [info] > git ls-files --stage -- /home/dipesh/Documents/GitRemote/SuperShop-Online-Store/super-shop-ui/src/components/product/ProductList.js [19ms]
2022-12-18 15:58:52.826 [info] > git cat-file -s 26f3ef659b6b8dfb7ec6fc7c4a0434306db385d6 [2ms]
2022-12-18 15:58:55.666 [info] > git show --textconv :super-shop-ui/src/components/product/ProductPage.js [19ms]
2022-12-18 15:58:55.682 [info] > git ls-files --stage -- /home/dipesh/Documents/GitRemote/SuperShop-Online-Store/super-shop-ui/src/components/product/ProductPage.js [19ms]
2022-12-18 15:58:55.702 [info] > git cat-file -s 848900e9831fe0dd2d5159bab7c291c31c8dc7be [2ms]
2022-12-18 15:58:56.579 [info] > git show --textconv :super-shop-ui/src/components/product/SingleProduct.js [23ms]
2022-12-18 15:58:56.610 [info] > git ls-files --stage -- /home/dipesh/Documents/GitRemote/SuperShop-Online-Store/super-shop-ui/src/components/product/SingleProduct.js [32ms]
2022-12-18 15:58:56.632 [info] > git cat-file -s 48cb0303ba311bd9ca812afc4dfdf7ffc25205c3 [3ms]
2022-12-18 15:58:59.209 [info] > git show --textconv :super-shop-ui/src/components/cart/CartPage.js [39ms]
2022-12-18 15:58:59.233 [info] > git ls-files --stage -- /home/dipesh/Documents/GitRemote/SuperShop-Online-Store/super-shop-ui/src/components/cart/CartPage.js [37ms]
2022-12-18 15:58:59.261 [info] > git cat-file -s f0a8215af81c41d96811da80756688b45ba524ee [4ms]
2022-12-18 15:59:03.661 [info] > git show --textconv :super-shop-ui/src/components/cart/CheckOut.js [17ms]
2022-12-18 15:59:03.673 [info] > git ls-files --stage -- /home/dipesh/Documents/GitRemote/SuperShop-Online-Store/super-shop-ui/src/components/cart/CheckOut.js [15ms]
2022-12-18 15:59:03.689 [info] > git cat-file -s 227fb971d0bf3f139c10cc2ee172ecedc253afbc [2ms]
2022-12-18 16:00:47.472 [info] > git config --get commit.template [22ms]
2022-12-18 16:00:47.481 [info] > git for-each-ref --format=%(refname)%00%(upstream:short)%00%(objectname)%00%(upstream:track)%00%(upstream:remotename)%00%(upstream:remoteref) refs/heads/modifying-admin-ui refs/remotes/modifying-admin-ui [10ms]
2022-12-18 16:00:47.583 [info] > git for-each-ref --sort -committerdate --format %(refname) %(objectname) %(*objectname) [44ms]
2022-12-18 16:00:47.994 [info] > git status -z -uall [491ms]
