2022-12-13 14:04:59.199 [info] Extension host with pid 10921 started
2022-12-13 14:04:59.200 [info] Skipping acquiring lock for /home/dipesh/.config/Code/User/workspaceStorage/a04985a20445c0099d64003b9c33e1d5.
2022-12-13 14:04:59.567 [info] ExtensionService#_doActivateExtension vscode.typescript-language-features, startup: false, activationEvent: 'onLanguage:javascript'
2022-12-13 14:04:59.567 [info] ExtensionService#_doActivateExtension dsznajder.es7-react-js-snippets, startup: false, activationEvent: 'onLanguage:javascript'
2022-12-13 14:04:59.568 [info] ExtensionService#_doActivateExtension vscode.microsoft-authentication, startup: false, activationEvent: 'onAuthenticationRequest:microsoft'
2022-12-13 14:04:59.568 [info] ExtensionService#_doActivateExtension vscode.git-base, startup: true, activationEvent: '*', root cause: vscode.git
2022-12-13 14:04:59.569 [info] ExtensionService#_doActivateExtension vscode.npm, startup: true, activationEvent: 'workspaceContains:package.json'
2022-12-13 14:05:02.430 [info] ExtensionService#_doActivateExtension vscode.git, startup: true, activationEvent: '*'
2022-12-13 14:05:02.431 [info] ExtensionService#_doActivateExtension vscode.github, startup: true, activationEvent: '*'
2022-12-13 14:05:03.059 [info] Eager extensions activated
2022-12-13 14:05:03.220 [info] ExtensionService#_doActivateExtension vscode.debug-auto-launch, startup: false, activationEvent: 'onStartupFinished'
2022-12-13 14:05:03.221 [info] ExtensionService#_doActivateExtension vscode.emmet, startup: false, activationEvent: 'onStartupFinished'
2022-12-13 14:05:03.221 [info] ExtensionService#_doActivateExtension vscode.merge-conflict, startup: false, activationEvent: 'onStartupFinished'
2022-12-13 14:05:03.222 [info] ExtensionService#_doActivateExtension bradlc.vscode-tailwindcss, startup: false, activationEvent: 'onStartupFinished'
2022-12-13 14:05:03.222 [info] ExtensionService#_doActivateExtension esbenp.prettier-vscode, startup: false, activationEvent: 'onStartupFinished'
2022-12-13 14:05:03.223 [info] ExtensionService#_doActivateExtension ritwickdey.LiveServer, startup: false, activationEvent: 'onStartupFinished'
2022-12-13 14:05:04.246 [info] ExtensionService#_doActivateExtension vscode.github-authentication, startup: false, activationEvent: 'onAuthenticationRequest:github'
2022-12-13 14:05:37.284 [error] [bradlc.vscode-tailwindcss] provider FAILED
2022-12-13 14:05:37.294 [error] TypeError: Cannot read properties of null (reading 'data')
	at Object.<anonymous> (/home/dipesh/.vscode/extensions/bradlc.vscode-tailwindcss-0.9.1/dist/extension.js:39:68915)
	at Generator.next (<anonymous>)
	at o (/home/dipesh/.vscode/extensions/bradlc.vscode-tailwindcss-0.9.1/dist/extension.js:1:1247)
2022-12-13 14:05:37.313 [error] [bradlc.vscode-tailwindcss] provider FAILED
2022-12-13 14:05:37.314 [error] TypeError: Cannot read properties of null (reading 'data')
	at Object.<anonymous> (/home/dipesh/.vscode/extensions/bradlc.vscode-tailwindcss-0.9.1/dist/extension.js:39:68915)
	at Generator.next (<anonymous>)
	at o (/home/dipesh/.vscode/extensions/bradlc.vscode-tailwindcss-0.9.1/dist/extension.js:1:1247)
2022-12-13 14:05:38.307 [error] [bradlc.vscode-tailwindcss] provider FAILED
2022-12-13 14:05:38.308 [error] TypeError: Cannot read properties of null (reading 'data')
	at Object.<anonymous> (/home/dipesh/.vscode/extensions/bradlc.vscode-tailwindcss-0.9.1/dist/extension.js:39:68915)
	at Generator.next (<anonymous>)
	at o (/home/dipesh/.vscode/extensions/bradlc.vscode-tailwindcss-0.9.1/dist/extension.js:1:1247)
2022-12-13 14:05:48.059 [info] Extension host terminating: received terminate message from renderer
2022-12-13 14:05:48.149 [info] Extension host with pid 10921 exiting with code 0
