["INFO" - 3:08:26 pm] Extension Name: esbenp.prettier-vscode.
["INFO" - 3:08:26 pm] Extension Version: 9.10.3.
["INFO" - 3:11:25 pm] Formatting file:///home/dipesh/Documents/GitRemote/SuperShop-Online-Store/super-shop-ui/src/components/admin/Product/Product.js
["INFO" - 3:11:25 pm] Using ignore file (if present) at /home/dipesh/Documents/GitRemote/SuperShop-Online-Store/.prettierignore
["INFO" - 3:11:25 pm] File Info:
{
  "ignored": false,
  "inferredParser": "babel"
}
["INFO" - 3:11:25 pm] No local configuration (i.e. .prettierrc or .editorconfig) detected, falling back to VS Code configuration
["INFO" - 3:11:25 pm] Prettier Options:
{
  "arrowParens": "always",
  "bracketSpacing": true,
  "endOfLine": "lf",
  "htmlWhitespaceSensitivity": "css",
  "insertPragma": false,
  "singleAttributePerLine": false,
  "bracketSameLine": false,
  "jsxBracketSameLine": false,
  "jsxSingleQuote": false,
  "printWidth": 80,
  "proseWrap": "preserve",
  "quoteProps": "as-needed",
  "requirePragma": false,
  "semi": true,
  "singleQuote": false,
  "tabWidth": 2,
  "trailingComma": "es5",
  "useTabs": false,
  "vueIndentScriptAndStyle": false,
  "filepath": "/home/dipesh/Documents/GitRemote/SuperShop-Online-Store/super-shop-ui/src/components/admin/Product/Product.js",
  "parser": "babel"
}
["INFO" - 3:11:25 pm] Formatting completed in 198ms.
["INFO" - 3:18:25 pm] Formatting file:///home/dipesh/Documents/GitRemote/SuperShop-Online-Store/super-shop-ui/src/components/admin/Product/Product.js
["INFO" - 3:18:25 pm] Using ignore file (if present) at /home/dipesh/Documents/GitRemote/SuperShop-Online-Store/.prettierignore
["INFO" - 3:18:25 pm] File Info:
{
  "ignored": false,
  "inferredParser": "babel"
}
["INFO" - 3:18:25 pm] No local configuration (i.e. .prettierrc or .editorconfig) detected, falling back to VS Code configuration
["INFO" - 3:18:25 pm] Prettier Options:
{
  "arrowParens": "always",
  "bracketSpacing": true,
  "endOfLine": "lf",
  "htmlWhitespaceSensitivity": "css",
  "insertPragma": false,
  "singleAttributePerLine": false,
  "bracketSameLine": false,
  "jsxBracketSameLine": false,
  "jsxSingleQuote": false,
  "printWidth": 80,
  "proseWrap": "preserve",
  "quoteProps": "as-needed",
  "requirePragma": false,
  "semi": true,
  "singleQuote": false,
  "tabWidth": 2,
  "trailingComma": "es5",
  "useTabs": false,
  "vueIndentScriptAndStyle": false,
  "filepath": "/home/dipesh/Documents/GitRemote/SuperShop-Online-Store/super-shop-ui/src/components/admin/Product/Product.js",
  "parser": "babel"
}
["INFO" - 3:18:25 pm] Formatting completed in 52ms.
["INFO" - 3:22:25 pm] Formatting file:///home/dipesh/Documents/GitRemote/SuperShop-Online-Store/super-shop-ui/src/components/admin/Product/EditProduct.js
["INFO" - 3:22:25 pm] Using ignore file (if present) at /home/dipesh/Documents/GitRemote/SuperShop-Online-Store/.prettierignore
["INFO" - 3:22:25 pm] File Info:
{
  "ignored": false,
  "inferredParser": "babel"
}
["INFO" - 3:22:25 pm] No local configuration (i.e. .prettierrc or .editorconfig) detected, falling back to VS Code configuration
["INFO" - 3:22:25 pm] Prettier Options:
{
  "arrowParens": "always",
  "bracketSpacing": true,
  "endOfLine": "lf",
  "htmlWhitespaceSensitivity": "css",
  "insertPragma": false,
  "singleAttributePerLine": false,
  "bracketSameLine": false,
  "jsxBracketSameLine": false,
  "jsxSingleQuote": false,
  "printWidth": 80,
  "proseWrap": "preserve",
  "quoteProps": "as-needed",
  "requirePragma": false,
  "semi": true,
  "singleQuote": false,
  "tabWidth": 2,
  "trailingComma": "es5",
  "useTabs": false,
  "vueIndentScriptAndStyle": false,
  "filepath": "/home/dipesh/Documents/GitRemote/SuperShop-Online-Store/super-shop-ui/src/components/admin/Product/EditProduct.js",
  "parser": "babel"
}
["INFO" - 3:22:25 pm] Formatting completed in 108ms.
["INFO" - 3:23:02 pm] Formatting file:///home/dipesh/Documents/GitRemote/SuperShop-Online-Store/super-shop-ui/src/components/admin/Product/EditProduct.js
["INFO" - 3:23:02 pm] Using ignore file (if present) at /home/dipesh/Documents/GitRemote/SuperShop-Online-Store/.prettierignore
["INFO" - 3:23:02 pm] File Info:
{
  "ignored": false,
  "inferredParser": "babel"
}
["INFO" - 3:23:02 pm] No local configuration (i.e. .prettierrc or .editorconfig) detected, falling back to VS Code configuration
["INFO" - 3:23:02 pm] Prettier Options:
{
  "arrowParens": "always",
  "bracketSpacing": true,
  "endOfLine": "lf",
  "htmlWhitespaceSensitivity": "css",
  "insertPragma": false,
  "singleAttributePerLine": false,
  "bracketSameLine": false,
  "jsxBracketSameLine": false,
  "jsxSingleQuote": false,
  "printWidth": 80,
  "proseWrap": "preserve",
  "quoteProps": "as-needed",
  "requirePragma": false,
  "semi": true,
  "singleQuote": false,
  "tabWidth": 2,
  "trailingComma": "es5",
  "useTabs": false,
  "vueIndentScriptAndStyle": false,
  "filepath": "/home/dipesh/Documents/GitRemote/SuperShop-Online-Store/super-shop-ui/src/components/admin/Product/EditProduct.js",
  "parser": "babel"
}
["INFO" - 3:23:02 pm] Formatting completed in 103ms.
["INFO" - 3:23:34 pm] Formatting file:///home/dipesh/Documents/GitRemote/SuperShop-Online-Store/super-shop-ui/src/components/admin/Product/EditProduct.js
["INFO" - 3:23:34 pm] Using ignore file (if present) at /home/dipesh/Documents/GitRemote/SuperShop-Online-Store/.prettierignore
["INFO" - 3:23:34 pm] File Info:
{
  "ignored": false,
  "inferredParser": "babel"
}
["INFO" - 3:23:34 pm] No local configuration (i.e. .prettierrc or .editorconfig) detected, falling back to VS Code configuration
["INFO" - 3:23:34 pm] Prettier Options:
{
  "arrowParens": "always",
  "bracketSpacing": true,
  "endOfLine": "lf",
  "htmlWhitespaceSensitivity": "css",
  "insertPragma": false,
  "singleAttributePerLine": false,
  "bracketSameLine": false,
  "jsxBracketSameLine": false,
  "jsxSingleQuote": false,
  "printWidth": 80,
  "proseWrap": "preserve",
  "quoteProps": "as-needed",
  "requirePragma": false,
  "semi": true,
  "singleQuote": false,
  "tabWidth": 2,
  "trailingComma": "es5",
  "useTabs": false,
  "vueIndentScriptAndStyle": false,
  "filepath": "/home/dipesh/Documents/GitRemote/SuperShop-Online-Store/super-shop-ui/src/components/admin/Product/EditProduct.js",
  "parser": "babel"
}
["INFO" - 3:23:34 pm] Formatting completed in 72ms.
["INFO" - 3:24:24 pm] Formatting file:///home/dipesh/Documents/GitRemote/SuperShop-Online-Store/super-shop-ui/src/components/admin/Product/EditProduct.js
["INFO" - 3:24:24 pm] Using ignore file (if present) at /home/dipesh/Documents/GitRemote/SuperShop-Online-Store/.prettierignore
["INFO" - 3:24:24 pm] File Info:
{
  "ignored": false,
  "inferredParser": "babel"
}
["INFO" - 3:24:24 pm] No local configuration (i.e. .prettierrc or .editorconfig) detected, falling back to VS Code configuration
["INFO" - 3:24:24 pm] Prettier Options:
{
  "arrowParens": "always",
  "bracketSpacing": true,
  "endOfLine": "lf",
  "htmlWhitespaceSensitivity": "css",
  "insertPragma": false,
  "singleAttributePerLine": false,
  "bracketSameLine": false,
  "jsxBracketSameLine": false,
  "jsxSingleQuote": false,
  "printWidth": 80,
  "proseWrap": "preserve",
  "quoteProps": "as-needed",
  "requirePragma": false,
  "semi": true,
  "singleQuote": false,
  "tabWidth": 2,
  "trailingComma": "es5",
  "useTabs": false,
  "vueIndentScriptAndStyle": false,
  "filepath": "/home/dipesh/Documents/GitRemote/SuperShop-Online-Store/super-shop-ui/src/components/admin/Product/EditProduct.js",
  "parser": "babel"
}
["INFO" - 3:24:24 pm] Formatting completed in 106ms.
["INFO" - 3:37:57 pm] Formatting file:///home/dipesh/Documents/GitRemote/SuperShop-Online-Store/super-shop-ui/src/components/admin/Category/Category.js
["INFO" - 3:37:57 pm] Using ignore file (if present) at /home/dipesh/Documents/GitRemote/SuperShop-Online-Store/.prettierignore
["INFO" - 3:37:57 pm] File Info:
{
  "ignored": false,
  "inferredParser": "babel"
}
["INFO" - 3:37:57 pm] No local configuration (i.e. .prettierrc or .editorconfig) detected, falling back to VS Code configuration
["INFO" - 3:37:57 pm] Prettier Options:
{
  "arrowParens": "always",
  "bracketSpacing": true,
  "endOfLine": "lf",
  "htmlWhitespaceSensitivity": "css",
  "insertPragma": false,
  "singleAttributePerLine": false,
  "bracketSameLine": false,
  "jsxBracketSameLine": false,
  "jsxSingleQuote": false,
  "printWidth": 80,
  "proseWrap": "preserve",
  "quoteProps": "as-needed",
  "requirePragma": false,
  "semi": true,
  "singleQuote": false,
  "tabWidth": 2,
  "trailingComma": "es5",
  "useTabs": false,
  "vueIndentScriptAndStyle": false,
  "filepath": "/home/dipesh/Documents/GitRemote/SuperShop-Online-Store/super-shop-ui/src/components/admin/Category/Category.js",
  "parser": "babel"
}
["INFO" - 3:37:57 pm] Formatting completed in 33ms.
["INFO" - 3:40:27 pm] Formatting file:///home/dipesh/Documents/GitRemote/SuperShop-Online-Store/super-shop-ui/src/components/admin/Category/EditCategory.js
["INFO" - 3:40:27 pm] Using ignore file (if present) at /home/dipesh/Documents/GitRemote/SuperShop-Online-Store/.prettierignore
["INFO" - 3:40:27 pm] File Info:
{
  "ignored": false,
  "inferredParser": "babel"
}
["INFO" - 3:40:27 pm] No local configuration (i.e. .prettierrc or .editorconfig) detected, falling back to VS Code configuration
["INFO" - 3:40:27 pm] Prettier Options:
{
  "arrowParens": "always",
  "bracketSpacing": true,
  "endOfLine": "lf",
  "htmlWhitespaceSensitivity": "css",
  "insertPragma": false,
  "singleAttributePerLine": false,
  "bracketSameLine": false,
  "jsxBracketSameLine": false,
  "jsxSingleQuote": false,
  "printWidth": 80,
  "proseWrap": "preserve",
  "quoteProps": "as-needed",
  "requirePragma": false,
  "semi": true,
  "singleQuote": false,
  "tabWidth": 2,
  "trailingComma": "es5",
  "useTabs": false,
  "vueIndentScriptAndStyle": false,
  "filepath": "/home/dipesh/Documents/GitRemote/SuperShop-Online-Store/super-shop-ui/src/components/admin/Category/EditCategory.js",
  "parser": "babel"
}
["INFO" - 3:40:27 pm] Formatting completed in 52ms.
["INFO" - 3:42:22 pm] Formatting file:///home/dipesh/Documents/GitRemote/SuperShop-Online-Store/super-shop-ui/src/components/admin/Category/EditCategory.js
["INFO" - 3:42:22 pm] Using ignore file (if present) at /home/dipesh/Documents/GitRemote/SuperShop-Online-Store/.prettierignore
["INFO" - 3:42:22 pm] File Info:
{
  "ignored": false,
  "inferredParser": "babel"
}
["INFO" - 3:42:22 pm] No local configuration (i.e. .prettierrc or .editorconfig) detected, falling back to VS Code configuration
["INFO" - 3:42:22 pm] Prettier Options:
{
  "arrowParens": "always",
  "bracketSpacing": true,
  "endOfLine": "lf",
  "htmlWhitespaceSensitivity": "css",
  "insertPragma": false,
  "singleAttributePerLine": false,
  "bracketSameLine": false,
  "jsxBracketSameLine": false,
  "jsxSingleQuote": false,
  "printWidth": 80,
  "proseWrap": "preserve",
  "quoteProps": "as-needed",
  "requirePragma": false,
  "semi": true,
  "singleQuote": false,
  "tabWidth": 2,
  "trailingComma": "es5",
  "useTabs": false,
  "vueIndentScriptAndStyle": false,
  "filepath": "/home/dipesh/Documents/GitRemote/SuperShop-Online-Store/super-shop-ui/src/components/admin/Category/EditCategory.js",
  "parser": "babel"
}
["INFO" - 3:42:22 pm] Formatting completed in 99ms.
["INFO" - 3:46:03 pm] Formatting file:///home/dipesh/Documents/GitRemote/SuperShop-Online-Store/super-shop-ui/src/components/admin/Category/EditCategory.js
["INFO" - 3:46:03 pm] Using ignore file (if present) at /home/dipesh/Documents/GitRemote/SuperShop-Online-Store/.prettierignore
["INFO" - 3:46:03 pm] File Info:
{
  "ignored": false,
  "inferredParser": "babel"
}
["INFO" - 3:46:03 pm] No local configuration (i.e. .prettierrc or .editorconfig) detected, falling back to VS Code configuration
["INFO" - 3:46:03 pm] Prettier Options:
{
  "arrowParens": "always",
  "bracketSpacing": true,
  "endOfLine": "lf",
  "htmlWhitespaceSensitivity": "css",
  "insertPragma": false,
  "singleAttributePerLine": false,
  "bracketSameLine": false,
  "jsxBracketSameLine": false,
  "jsxSingleQuote": false,
  "printWidth": 80,
  "proseWrap": "preserve",
  "quoteProps": "as-needed",
  "requirePragma": false,
  "semi": true,
  "singleQuote": false,
  "tabWidth": 2,
  "trailingComma": "es5",
  "useTabs": false,
  "vueIndentScriptAndStyle": false,
  "filepath": "/home/dipesh/Documents/GitRemote/SuperShop-Online-Store/super-shop-ui/src/components/admin/Category/EditCategory.js",
  "parser": "babel"
}
["INFO" - 3:46:03 pm] Formatting completed in 56ms.
["INFO" - 3:47:19 pm] Formatting file:///home/dipesh/Documents/GitRemote/SuperShop-Online-Store/super-shop-ui/src/components/admin/Category/EditCategory.js
["INFO" - 3:47:19 pm] Using ignore file (if present) at /home/dipesh/Documents/GitRemote/SuperShop-Online-Store/.prettierignore
["INFO" - 3:47:19 pm] File Info:
{
  "ignored": false,
  "inferredParser": "babel"
}
["INFO" - 3:47:19 pm] No local configuration (i.e. .prettierrc or .editorconfig) detected, falling back to VS Code configuration
["INFO" - 3:47:19 pm] Prettier Options:
{
  "arrowParens": "always",
  "bracketSpacing": true,
  "endOfLine": "lf",
  "htmlWhitespaceSensitivity": "css",
  "insertPragma": false,
  "singleAttributePerLine": false,
  "bracketSameLine": false,
  "jsxBracketSameLine": false,
  "jsxSingleQuote": false,
  "printWidth": 80,
  "proseWrap": "preserve",
  "quoteProps": "as-needed",
  "requirePragma": false,
  "semi": true,
  "singleQuote": false,
  "tabWidth": 2,
  "trailingComma": "es5",
  "useTabs": false,
  "vueIndentScriptAndStyle": false,
  "filepath": "/home/dipesh/Documents/GitRemote/SuperShop-Online-Store/super-shop-ui/src/components/admin/Category/EditCategory.js",
  "parser": "babel"
}
["INFO" - 3:47:19 pm] Formatting completed in 41ms.
["INFO" - 3:48:22 pm] Formatting file:///home/dipesh/Documents/GitRemote/SuperShop-Online-Store/super-shop-ui/src/components/admin/Category/EditCategory.js
["INFO" - 3:48:22 pm] Using ignore file (if present) at /home/dipesh/Documents/GitRemote/SuperShop-Online-Store/.prettierignore
["INFO" - 3:48:22 pm] File Info:
{
  "ignored": false,
  "inferredParser": "babel"
}
["INFO" - 3:48:22 pm] No local configuration (i.e. .prettierrc or .editorconfig) detected, falling back to VS Code configuration
["INFO" - 3:48:22 pm] Prettier Options:
{
  "arrowParens": "always",
  "bracketSpacing": true,
  "endOfLine": "lf",
  "htmlWhitespaceSensitivity": "css",
  "insertPragma": false,
  "singleAttributePerLine": false,
  "bracketSameLine": false,
  "jsxBracketSameLine": false,
  "jsxSingleQuote": false,
  "printWidth": 80,
  "proseWrap": "preserve",
  "quoteProps": "as-needed",
  "requirePragma": false,
  "semi": true,
  "singleQuote": false,
  "tabWidth": 2,
  "trailingComma": "es5",
  "useTabs": false,
  "vueIndentScriptAndStyle": false,
  "filepath": "/home/dipesh/Documents/GitRemote/SuperShop-Online-Store/super-shop-ui/src/components/admin/Category/EditCategory.js",
  "parser": "babel"
}
["INFO" - 3:48:22 pm] Formatting completed in 53ms.
["INFO" - 3:48:24 pm] Formatting file:///home/dipesh/Documents/GitRemote/SuperShop-Online-Store/super-shop-ui/src/components/admin/Category/EditCategory.js
["INFO" - 3:48:24 pm] Using ignore file (if present) at /home/dipesh/Documents/GitRemote/SuperShop-Online-Store/.prettierignore
["INFO" - 3:48:24 pm] File Info:
{
  "ignored": false,
  "inferredParser": "babel"
}
["INFO" - 3:48:24 pm] No local configuration (i.e. .prettierrc or .editorconfig) detected, falling back to VS Code configuration
["INFO" - 3:48:24 pm] Prettier Options:
{
  "arrowParens": "always",
  "bracketSpacing": true,
  "endOfLine": "lf",
  "htmlWhitespaceSensitivity": "css",
  "insertPragma": false,
  "singleAttributePerLine": false,
  "bracketSameLine": false,
  "jsxBracketSameLine": false,
  "jsxSingleQuote": false,
  "printWidth": 80,
  "proseWrap": "preserve",
  "quoteProps": "as-needed",
  "requirePragma": false,
  "semi": true,
  "singleQuote": false,
  "tabWidth": 2,
  "trailingComma": "es5",
  "useTabs": false,
  "vueIndentScriptAndStyle": false,
  "filepath": "/home/dipesh/Documents/GitRemote/SuperShop-Online-Store/super-shop-ui/src/components/admin/Category/EditCategory.js",
  "parser": "babel"
}
["INFO" - 3:48:24 pm] Formatting completed in 44ms.
["INFO" - 3:48:30 pm] Formatting file:///home/dipesh/Documents/GitRemote/SuperShop-Online-Store/super-shop-ui/src/components/admin/Category/EditCategory.js
["INFO" - 3:48:30 pm] Using ignore file (if present) at /home/dipesh/Documents/GitRemote/SuperShop-Online-Store/.prettierignore
["INFO" - 3:48:30 pm] File Info:
{
  "ignored": false,
  "inferredParser": "babel"
}
["INFO" - 3:48:30 pm] No local configuration (i.e. .prettierrc or .editorconfig) detected, falling back to VS Code configuration
["INFO" - 3:48:30 pm] Prettier Options:
{
  "arrowParens": "always",
  "bracketSpacing": true,
  "endOfLine": "lf",
  "htmlWhitespaceSensitivity": "css",
  "insertPragma": false,
  "singleAttributePerLine": false,
  "bracketSameLine": false,
  "jsxBracketSameLine": false,
  "jsxSingleQuote": false,
  "printWidth": 80,
  "proseWrap": "preserve",
  "quoteProps": "as-needed",
  "requirePragma": false,
  "semi": true,
  "singleQuote": false,
  "tabWidth": 2,
  "trailingComma": "es5",
  "useTabs": false,
  "vueIndentScriptAndStyle": false,
  "filepath": "/home/dipesh/Documents/GitRemote/SuperShop-Online-Store/super-shop-ui/src/components/admin/Category/EditCategory.js",
  "parser": "babel"
}
["INFO" - 3:48:30 pm] Formatting completed in 126ms.
