(electron) Sending uncompressed crash reports is deprecated and will be removed in a future version of Electron. Set { compress: true } to opt-in to the new behavior. Crash reports will be uploaded gzipped, which most crash reporting servers support.
(node:2881) electron: The default of contextIsolation is deprecated and will be changing from false to true in a future release of Electron.  See https://github.com/electron/electron/issues/23506 for more information
(anon):setopt:7: can't change option: monitor

[[31mERROR[39m]: gitstatus failed to initialize.


  Add the following parameter to ~/.zshrc for extra diagnostics on error:

    GITSTATUS_LOG_LEVEL=DEBUG

  Restart Zsh to retry gitstatus initialization:

    [32mexec zsh[39m
(node:2949) Electron: Loading non-context-aware native module in renderer: '/usr/share/atom/resources/app.asar.unpacked/node_modules/superstring/build/Release/superstring.node'. This is deprecated, see https://github.com/electron/electron/issues/18397.
(node:2949) Electron: Loading non-context-aware native module in renderer: '/usr/share/atom/resources/app.asar.unpacked/node_modules/oniguruma/build/Release/onig_scanner.node'. This is deprecated, see https://github.com/electron/electron/issues/18397.
(node:2949) Electron: Loading non-context-aware native module in renderer: '/usr/share/atom/resources/app.asar.unpacked/node_modules/tree-sitter-c/build/Release/tree_sitter_c_binding.node'. This is deprecated, see https://github.com/electron/electron/issues/18397.
(node:2949) Electron: Loading non-context-aware native module in renderer: '/usr/share/atom/resources/app.asar.unpacked/node_modules/tree-sitter-cpp/build/Release/tree_sitter_cpp_binding.node'. This is deprecated, see https://github.com/electron/electron/issues/18397.
(node:2949) Electron: Loading non-context-aware native module in renderer: '/usr/share/atom/resources/app.asar.unpacked/node_modules/tree-sitter-css/build/Release/tree_sitter_css_binding.node'. This is deprecated, see https://github.com/electron/electron/issues/18397.
(node:2949) Electron: Loading non-context-aware native module in renderer: '/usr/share/atom/resources/app.asar.unpacked/node_modules/tree-sitter-go/build/Release/tree_sitter_go_binding.node'. This is deprecated, see https://github.com/electron/electron/issues/18397.
(node:2949) Electron: Loading non-context-aware native module in renderer: '/usr/share/atom/resources/app.asar.unpacked/node_modules/tree-sitter-embedded-template/build/Release/tree_sitter_embedded_template_binding.node'. This is deprecated, see https://github.com/electron/electron/issues/18397.
(node:2949) Electron: Loading non-context-aware native module in renderer: '/usr/share/atom/resources/app.asar.unpacked/node_modules/tree-sitter-html/build/Release/tree_sitter_html_binding.node'. This is deprecated, see https://github.com/electron/electron/issues/18397.
(node:2949) Electron: Loading non-context-aware native module in renderer: '/usr/share/atom/resources/app.asar.unpacked/node_modules/spellchecker/build/Release/spellchecker.node'. This is deprecated, see https://github.com/electron/electron/issues/18397.
(node:2949) Electron: Loading non-context-aware native module in renderer: '/usr/share/atom/resources/app.asar.unpacked/node_modules/tree-sitter-java-dev/build/Release/tree_sitter_java_binding.node'. This is deprecated, see https://github.com/electron/electron/issues/18397.
(node:2949) Electron: Loading non-context-aware native module in renderer: '/usr/share/atom/resources/app.asar.unpacked/node_modules/tree-sitter-javascript/build/Release/tree_sitter_javascript_binding.node'. This is deprecated, see https://github.com/electron/electron/issues/18397.
(node:2949) Electron: Loading non-context-aware native module in renderer: '/usr/share/atom/resources/app.asar.unpacked/node_modules/tree-sitter-jsdoc/build/Release/tree_sitter_jsdoc_binding.node'. This is deprecated, see https://github.com/electron/electron/issues/18397.
(node:2949) Electron: Loading non-context-aware native module in renderer: '/usr/share/atom/resources/app.asar.unpacked/node_modules/tree-sitter-regex/build/Release/tree_sitter_regex_binding.node'. This is deprecated, see https://github.com/electron/electron/issues/18397.
(node:2949) Electron: Loading non-context-aware native module in renderer: '/usr/share/atom/resources/app.asar.unpacked/node_modules/tree-sitter-json/build/Release/tree_sitter_json_binding.node'. This is deprecated, see https://github.com/electron/electron/issues/18397.
(node:2949) Electron: Loading non-context-aware native module in renderer: '/usr/share/atom/resources/app.asar.unpacked/node_modules/tree-sitter-python/build/Release/tree_sitter_python_binding.node'. This is deprecated, see https://github.com/electron/electron/issues/18397.
(node:2949) Electron: Loading non-context-aware native module in renderer: '/usr/share/atom/resources/app.asar.unpacked/node_modules/tree-sitter-ruby/build/Release/tree_sitter_ruby_binding.node'. This is deprecated, see https://github.com/electron/electron/issues/18397.
(node:2949) Electron: Loading non-context-aware native module in renderer: '/usr/share/atom/resources/app.asar.unpacked/node_modules/tree-sitter-rust/build/Release/tree_sitter_rust_binding.node'. This is deprecated, see https://github.com/electron/electron/issues/18397.
(node:2949) Electron: Loading non-context-aware native module in renderer: '/usr/share/atom/resources/app.asar.unpacked/node_modules/tree-sitter-bash/build/Release/tree_sitter_bash_binding.node'. This is deprecated, see https://github.com/electron/electron/issues/18397.
(node:2949) Electron: Loading non-context-aware native module in renderer: '/usr/share/atom/resources/app.asar.unpacked/node_modules/tree-sitter-typescript/build/Release/tree_sitter_tsx_binding.node'. This is deprecated, see https://github.com/electron/electron/issues/18397.
(node:2949) Electron: Loading non-context-aware native module in renderer: '/usr/share/atom/resources/app.asar.unpacked/node_modules/tree-sitter-typescript/build/Release/tree_sitter_typescript_binding.node'. This is deprecated, see https://github.com/electron/electron/issues/18397.
(node:2881) electron: The default of contextIsolation is deprecated and will be changing from false to true in a future release of Electron.  See https://github.com/electron/electron/issues/23506 for more information
Attempting to call a function in a renderer window that has been closed or released.
Function provided here: worker.js:64:22
Remote event names: crashed, destroyed
