2022-12-16 15:08:26.159 [info] Log level: Info
2022-12-16 15:08:26.159 [info] Validating found git in: "git"
2022-12-16 15:08:26.159 [info] Using git "2.34.1" from "git"
2022-12-16 15:08:26.159 [info] > git rev-parse --show-toplevel [472ms]
2022-12-16 15:08:26.159 [info] > git rev-parse --git-dir --git-common-dir [133ms]
2022-12-16 15:08:26.159 [info] Open repository: /home/dipesh/Documents/GitRemote/SuperShop-Online-Store
2022-12-16 15:08:26.159 [info] > git rev-parse --show-toplevel [48ms]
2022-12-16 15:08:26.159 [info] > git rev-parse --show-toplevel [1715ms]
2022-12-16 15:08:26.159 [info] > git config --get commit.template [1941ms]
2022-12-16 15:08:26.159 [info] > git rev-parse --show-toplevel [166ms]
2022-12-16 15:08:26.159 [info] > git for-each-ref --format=%(refname)%00%(upstream:short)%00%(objectname)%00%(upstream:track)%00%(upstream:remotename)%00%(upstream:remoteref) refs/heads/modifying-admin-ui refs/remotes/modifying-admin-ui [67ms]
2022-12-16 15:08:26.159 [info] > git rev-parse --show-toplevel [150ms]
2022-12-16 15:08:26.159 [info] > git for-each-ref --sort -committerdate --format %(refname) %(objectname) %(*objectname) [36ms]
2022-12-16 15:08:26.159 [info] > git check-ignore -v -z --stdin [405ms]
2022-12-16 15:08:26.159 [info] > git status -z -uall [1631ms]
2022-12-16 15:08:26.159 [info] > git config --get commit.template [62ms]
2022-12-16 15:08:26.159 [info] > git for-each-ref --format=%(refname)%00%(upstream:short)%00%(objectname)%00%(upstream:track)%00%(upstream:remotename)%00%(upstream:remoteref) refs/heads/modifying-admin-ui refs/remotes/modifying-admin-ui [16ms]
2022-12-16 15:08:26.159 [info] > git for-each-ref --sort -committerdate --format %(refname) %(objectname) %(*objectname) [34ms]
2022-12-16 15:08:26.159 [info] > git show --textconv :super-shop-ui/src/components/general/RegistrationFrom.js [76ms]
2022-12-16 15:08:26.159 [info] > git ls-files --stage -- /home/dipesh/Documents/GitRemote/SuperShop-Online-Store/super-shop-ui/src/components/general/RegistrationFrom.js [47ms]
2022-12-16 15:08:26.159 [info] > git status -z -uall [872ms]
2022-12-16 15:08:26.159 [info] > git cat-file -s 7d5acc32c3aca91f7776db5ab8acec681a38a272 [129ms]
2022-12-16 15:08:35.457 [info] > git config --get commit.template [16ms]
2022-12-16 15:08:35.463 [info] > git for-each-ref --format=%(refname)%00%(upstream:short)%00%(objectname)%00%(upstream:track)%00%(upstream:remotename)%00%(upstream:remoteref) refs/heads/modifying-admin-ui refs/remotes/modifying-admin-ui [8ms]
2022-12-16 15:08:35.502 [info] > git for-each-ref --sort -committerdate --format %(refname) %(objectname) %(*objectname) [4ms]
2022-12-16 15:08:35.662 [info] > git ls-files --stage -- /home/dipesh/Documents/GitRemote/SuperShop-Online-Store/super-shop-ui/src/components/general/RegistrationFrom.js [18ms]
2022-12-16 15:08:35.678 [info] > git cat-file -s 7d5acc32c3aca91f7776db5ab8acec681a38a272 [2ms]
2022-12-16 15:08:35.719 [info] > git show --textconv :super-shop-ui/src/components/general/RegistrationFrom.js [22ms]
2022-12-16 15:08:35.783 [info] > git status -z -uall [303ms]
2022-12-16 15:09:56.027 [info] > git check-ignore -v -z --stdin [43ms]
2022-12-16 15:09:57.664 [info] > git check-ignore -v -z --stdin [24ms]
2022-12-16 15:10:00.002 [info] > git show --textconv :super-shop-ui/src/components/admin/Product/AllProducts.js [43ms]
2022-12-16 15:10:00.016 [info] > git ls-files --stage -- /home/dipesh/Documents/GitRemote/SuperShop-Online-Store/super-shop-ui/src/components/admin/Product/AllProducts.js [16ms]
2022-12-16 15:10:00.042 [info] > git cat-file -s 09fbf644b2ef2a849fef7afe8ef26096ac6e3206 [13ms]
2022-12-16 15:10:05.992 [info] > git show --textconv :super-shop-ui/src/components/admin/Product/Product.js [62ms]
2022-12-16 15:10:06.039 [info] > git ls-files --stage -- /home/dipesh/Documents/GitRemote/SuperShop-Online-Store/super-shop-ui/src/components/admin/Product/Product.js [69ms]
2022-12-16 15:10:06.076 [info] > git cat-file -s b7e7012fedf773ebd4dd6095d4b8495d8267f9cd [19ms]
2022-12-16 15:10:28.492 [info] > git config --get commit.template [16ms]
2022-12-16 15:10:28.494 [info] > git for-each-ref --format=%(refname)%00%(upstream:short)%00%(objectname)%00%(upstream:track)%00%(upstream:remotename)%00%(upstream:remoteref) refs/heads/modifying-admin-ui refs/remotes/modifying-admin-ui [3ms]
2022-12-16 15:10:28.540 [info] > git for-each-ref --sort -committerdate --format %(refname) %(objectname) %(*objectname) [8ms]
2022-12-16 15:10:29.175 [info] > git status -z -uall [662ms]
2022-12-16 15:10:35.228 [info] > git config --get commit.template [30ms]
2022-12-16 15:10:35.238 [info] > git for-each-ref --format=%(refname)%00%(upstream:short)%00%(objectname)%00%(upstream:track)%00%(upstream:remotename)%00%(upstream:remoteref) refs/heads/modifying-admin-ui refs/remotes/modifying-admin-ui [11ms]
2022-12-16 15:10:35.341 [info] > git for-each-ref --sort -committerdate --format %(refname) %(objectname) %(*objectname) [32ms]
2022-12-16 15:10:35.933 [info] > git status -z -uall [670ms]
2022-12-16 15:10:40.982 [info] > git config --get commit.template [24ms]
2022-12-16 15:10:40.986 [info] > git for-each-ref --format=%(refname)%00%(upstream:short)%00%(objectname)%00%(upstream:track)%00%(upstream:remotename)%00%(upstream:remoteref) refs/heads/modifying-admin-ui refs/remotes/modifying-admin-ui [8ms]
2022-12-16 15:10:41.033 [info] > git for-each-ref --sort -committerdate --format %(refname) %(objectname) %(*objectname) [4ms]
2022-12-16 15:10:41.782 [info] > git status -z -uall [778ms]
2022-12-16 15:10:46.814 [info] > git config --get commit.template [11ms]
2022-12-16 15:10:46.847 [info] > git for-each-ref --format=%(refname)%00%(upstream:short)%00%(objectname)%00%(upstream:track)%00%(upstream:remotename)%00%(upstream:remoteref) refs/heads/modifying-admin-ui refs/remotes/modifying-admin-ui [35ms]
2022-12-16 15:10:46.875 [info] > git for-each-ref --sort -committerdate --format %(refname) %(objectname) %(*objectname) [3ms]
2022-12-16 15:10:47.299 [info] > git status -z -uall [442ms]
2022-12-16 15:10:52.332 [info] > git config --get commit.template [16ms]
2022-12-16 15:10:52.333 [info] > git for-each-ref --format=%(refname)%00%(upstream:short)%00%(objectname)%00%(upstream:track)%00%(upstream:remotename)%00%(upstream:remoteref) refs/heads/modifying-admin-ui refs/remotes/modifying-admin-ui [2ms]
2022-12-16 15:10:52.367 [info] > git for-each-ref --sort -committerdate --format %(refname) %(objectname) %(*objectname) [4ms]
2022-12-16 15:10:52.559 [info] > git status -z -uall [211ms]
2022-12-16 15:10:55.510 [info] > git show --textconv :super-shop-ui/src/App.js [27ms]
2022-12-16 15:10:55.515 [info] > git ls-files --stage -- /home/dipesh/Documents/GitRemote/SuperShop-Online-Store/super-shop-ui/src/App.js [14ms]
2022-12-16 15:10:55.530 [info] > git cat-file -s eafffdb4e009ded3c82832ac042289c1c2f6dcf2 [2ms]
2022-12-16 15:11:16.710 [info] > git config --get commit.template [13ms]
2022-12-16 15:11:16.710 [info] > git for-each-ref --format=%(refname)%00%(upstream:short)%00%(objectname)%00%(upstream:track)%00%(upstream:remotename)%00%(upstream:remoteref) refs/heads/modifying-admin-ui refs/remotes/modifying-admin-ui [3ms]
2022-12-16 15:11:16.734 [info] > git for-each-ref --sort -committerdate --format %(refname) %(objectname) %(*objectname) [2ms]
2022-12-16 15:11:17.021 [info] > git status -z -uall [303ms]
2022-12-16 15:11:24.196 [info] > git config --get commit.template [16ms]
2022-12-16 15:11:24.197 [info] > git for-each-ref --format=%(refname)%00%(upstream:short)%00%(objectname)%00%(upstream:track)%00%(upstream:remotename)%00%(upstream:remoteref) refs/heads/modifying-admin-ui refs/remotes/modifying-admin-ui [2ms]
2022-12-16 15:11:24.230 [info] > git for-each-ref --sort -committerdate --format %(refname) %(objectname) %(*objectname) [4ms]
2022-12-16 15:11:24.449 [info] > git status -z -uall [239ms]
2022-12-16 15:11:29.475 [info] > git config --get commit.template [12ms]
2022-12-16 15:11:29.476 [info] > git for-each-ref --format=%(refname)%00%(upstream:short)%00%(objectname)%00%(upstream:track)%00%(upstream:remotename)%00%(upstream:remoteref) refs/heads/modifying-admin-ui refs/remotes/modifying-admin-ui [1ms]
2022-12-16 15:11:29.506 [info] > git for-each-ref --sort -committerdate --format %(refname) %(objectname) %(*objectname) [10ms]
2022-12-16 15:11:29.676 [info] > git status -z -uall [191ms]
2022-12-16 15:11:47.280 [info] > git check-ignore -v -z --stdin [27ms]
2022-12-16 15:11:49.588 [info] > git show --textconv :super-shop-ui/src/components/product/AllProducts.js [30ms]
2022-12-16 15:11:49.589 [info] > git ls-files --stage -- /home/dipesh/Documents/GitRemote/SuperShop-Online-Store/super-shop-ui/src/components/product/AllProducts.js [16ms]
2022-12-16 15:11:49.604 [info] > git cat-file -s a5ad4642195e0683e5de0ba46ca1b23070158caf [3ms]
2022-12-16 15:11:51.763 [info] > git show --textconv :super-shop-ui/src/components/product/ProductList.js [19ms]
2022-12-16 15:11:51.774 [info] > git ls-files --stage -- /home/dipesh/Documents/GitRemote/SuperShop-Online-Store/super-shop-ui/src/components/product/ProductList.js [12ms]
2022-12-16 15:11:51.791 [info] > git cat-file -s 26f3ef659b6b8dfb7ec6fc7c4a0434306db385d6 [3ms]
2022-12-16 15:11:58.929 [info] > git show --textconv :super-shop-ui/src/components/product/ProductCard.js [39ms]
2022-12-16 15:11:58.936 [info] > git ls-files --stage -- /home/dipesh/Documents/GitRemote/SuperShop-Online-Store/super-shop-ui/src/components/product/ProductCard.js [29ms]
2022-12-16 15:11:58.961 [info] > git cat-file -s 8567f814f172a424ed5afe37459531feb67639b3 [6ms]
2022-12-16 15:12:17.201 [info] > git show --textconv :super-shop-ui/src/components/product/ProductList.js [16ms]
2022-12-16 15:12:17.211 [info] > git ls-files --stage -- /home/dipesh/Documents/GitRemote/SuperShop-Online-Store/super-shop-ui/src/components/product/ProductList.js [12ms]
2022-12-16 15:12:17.223 [info] > git cat-file -s 26f3ef659b6b8dfb7ec6fc7c4a0434306db385d6 [1ms]
2022-12-16 15:12:43.220 [info] > git show --textconv :super-shop-ui/src/components/admin/Product/AllProducts.js [43ms]
2022-12-16 15:12:43.229 [info] > git ls-files --stage -- /home/dipesh/Documents/GitRemote/SuperShop-Online-Store/super-shop-ui/src/components/admin/Product/AllProducts.js [25ms]
2022-12-16 15:12:43.247 [info] > git cat-file -s 09fbf644b2ef2a849fef7afe8ef26096ac6e3206 [2ms]
2022-12-16 15:12:50.168 [info] > git config --get commit.template [21ms]
2022-12-16 15:12:50.169 [info] > git for-each-ref --format=%(refname)%00%(upstream:short)%00%(objectname)%00%(upstream:track)%00%(upstream:remotename)%00%(upstream:remoteref) refs/heads/modifying-admin-ui refs/remotes/modifying-admin-ui [2ms]
2022-12-16 15:12:50.209 [info] > git for-each-ref --sort -committerdate --format %(refname) %(objectname) %(*objectname) [10ms]
2022-12-16 15:12:50.801 [info] > git status -z -uall [619ms]
2022-12-16 15:12:55.825 [info] > git config --get commit.template [2ms]
2022-12-16 15:12:55.838 [info] > git for-each-ref --format=%(refname)%00%(upstream:short)%00%(objectname)%00%(upstream:track)%00%(upstream:remotename)%00%(upstream:remoteref) refs/heads/modifying-admin-ui refs/remotes/modifying-admin-ui [2ms]
2022-12-16 15:12:55.862 [info] > git for-each-ref --sort -committerdate --format %(refname) %(objectname) %(*objectname) [2ms]
2022-12-16 15:12:56.080 [info] > git status -z -uall [232ms]
2022-12-16 15:13:01.112 [info] > git config --get commit.template [10ms]
2022-12-16 15:13:01.113 [info] > git for-each-ref --format=%(refname)%00%(upstream:short)%00%(objectname)%00%(upstream:track)%00%(upstream:remotename)%00%(upstream:remoteref) refs/heads/modifying-admin-ui refs/remotes/modifying-admin-ui [2ms]
2022-12-16 15:13:01.137 [info] > git for-each-ref --sort -committerdate --format %(refname) %(objectname) %(*objectname) [2ms]
2022-12-16 15:13:01.348 [info] > git status -z -uall [225ms]
2022-12-16 15:13:06.501 [info] > git show --textconv :super-shop-ui/src/components/product/ProductList.js [42ms]
2022-12-16 15:13:06.504 [info] > git ls-files --stage -- /home/dipesh/Documents/GitRemote/SuperShop-Online-Store/super-shop-ui/src/components/product/ProductList.js [19ms]
2022-12-16 15:13:06.528 [info] > git cat-file -s 26f3ef659b6b8dfb7ec6fc7c4a0434306db385d6 [5ms]
2022-12-16 15:13:11.499 [info] > git ls-files --stage -- /home/dipesh/Documents/GitRemote/SuperShop-Online-Store/super-shop-ui/src/components/product/ProductPage.js [24ms]
2022-12-16 15:13:11.512 [info] > git show --textconv :super-shop-ui/src/components/product/ProductPage.js [55ms]
2022-12-16 15:13:11.513 [info] > git cat-file -s 848900e9831fe0dd2d5159bab7c291c31c8dc7be [2ms]
2022-12-16 15:13:17.112 [info] > git show --textconv :super-shop-ui/src/components/product/SingleProduct.js [27ms]
2022-12-16 15:13:17.132 [info] > git ls-files --stage -- /home/dipesh/Documents/GitRemote/SuperShop-Online-Store/super-shop-ui/src/components/product/SingleProduct.js [20ms]
2022-12-16 15:13:17.152 [info] > git cat-file -s 48cb0303ba311bd9ca812afc4dfdf7ffc25205c3 [3ms]
2022-12-16 15:13:22.121 [info] > git show --textconv :super-shop-ui/src/components/product/ProductPage.js [45ms]
2022-12-16 15:13:22.145 [info] > git ls-files --stage -- /home/dipesh/Documents/GitRemote/SuperShop-Online-Store/super-shop-ui/src/components/product/ProductPage.js [35ms]
2022-12-16 15:13:22.192 [info] > git cat-file -s 848900e9831fe0dd2d5159bab7c291c31c8dc7be [11ms]
2022-12-16 15:13:40.204 [info] > git config --get commit.template [12ms]
2022-12-16 15:13:40.205 [info] > git for-each-ref --format=%(refname)%00%(upstream:short)%00%(objectname)%00%(upstream:track)%00%(upstream:remotename)%00%(upstream:remoteref) refs/heads/modifying-admin-ui refs/remotes/modifying-admin-ui [1ms]
2022-12-16 15:13:40.235 [info] > git for-each-ref --sort -committerdate --format %(refname) %(objectname) %(*objectname) [3ms]
2022-12-16 15:13:40.667 [info] > git status -z -uall [449ms]
2022-12-16 15:13:46.952 [info] > git config --get commit.template [11ms]
2022-12-16 15:13:46.954 [info] > git for-each-ref --format=%(refname)%00%(upstream:short)%00%(objectname)%00%(upstream:track)%00%(upstream:remotename)%00%(upstream:remoteref) refs/heads/modifying-admin-ui refs/remotes/modifying-admin-ui [3ms]
2022-12-16 15:13:46.980 [info] > git for-each-ref --sort -committerdate --format %(refname) %(objectname) %(*objectname) [2ms]
2022-12-16 15:13:47.267 [info] > git status -z -uall [303ms]
2022-12-16 15:13:47.899 [info] > git ls-files --stage -- /home/dipesh/Documents/GitRemote/SuperShop-Online-Store/super-shop-ui/src/components/admin/Product/EditProduct.js [47ms]
2022-12-16 15:13:47.936 [info] > git show --textconv :super-shop-ui/src/components/admin/Product/EditProduct.js [121ms]
2022-12-16 15:13:47.937 [info] > git cat-file -s d102e57e0c3399bfcd79952fa376522a7a49584a [4ms]
2022-12-16 15:13:54.517 [info] > git for-each-ref --format=%(refname)%00%(upstream:short)%00%(objectname)%00%(upstream:track)%00%(upstream:remotename)%00%(upstream:remoteref) refs/heads/modifying-admin-ui refs/remotes/modifying-admin-ui [1ms]
2022-12-16 15:13:54.518 [info] > git config --get commit.template [26ms]
2022-12-16 15:13:54.670 [info] > git for-each-ref --sort -committerdate --format %(refname) %(objectname) %(*objectname) [70ms]
2022-12-16 15:13:54.971 [info] > git status -z -uall [437ms]
2022-12-16 15:13:58.889 [info] > git show --textconv :super-shop-ui/src/App.js [32ms]
2022-12-16 15:13:58.901 [info] > git ls-files --stage -- /home/dipesh/Documents/GitRemote/SuperShop-Online-Store/super-shop-ui/src/App.js [21ms]
2022-12-16 15:13:58.926 [info] > git cat-file -s eafffdb4e009ded3c82832ac042289c1c2f6dcf2 [3ms]
2022-12-16 15:14:12.853 [info] > git config --get commit.template [15ms]
2022-12-16 15:14:12.861 [info] > git for-each-ref --format=%(refname)%00%(upstream:short)%00%(objectname)%00%(upstream:track)%00%(upstream:remotename)%00%(upstream:remoteref) refs/heads/modifying-admin-ui refs/remotes/modifying-admin-ui [10ms]
2022-12-16 15:14:12.901 [info] > git for-each-ref --sort -committerdate --format %(refname) %(objectname) %(*objectname) [6ms]
2022-12-16 15:14:13.219 [info] > git status -z -uall [340ms]
2022-12-16 15:14:38.010 [info] > git config --get commit.template [17ms]
2022-12-16 15:14:38.018 [info] > git for-each-ref --format=%(refname)%00%(upstream:short)%00%(objectname)%00%(upstream:track)%00%(upstream:remotename)%00%(upstream:remoteref) refs/heads/modifying-admin-ui refs/remotes/modifying-admin-ui [8ms]
2022-12-16 15:14:38.082 [info] > git for-each-ref --sort -committerdate --format %(refname) %(objectname) %(*objectname) [4ms]
2022-12-16 15:14:38.382 [info] > git status -z -uall [350ms]
2022-12-16 15:14:52.011 [info] > git ls-files --stage -- /home/dipesh/Documents/GitRemote/SuperShop-Online-Store/super-shop-ui/src/components/product/AllProducts.js [29ms]
2022-12-16 15:14:52.032 [info] > git show --textconv :super-shop-ui/src/components/product/AllProducts.js [65ms]
2022-12-16 15:14:52.034 [info] > git cat-file -s a5ad4642195e0683e5de0ba46ca1b23070158caf [4ms]
2022-12-16 15:14:54.707 [info] > git show --textconv :super-shop-ui/src/components/admin/Product/AllProducts.js [52ms]
2022-12-16 15:14:54.720 [info] > git ls-files --stage -- /home/dipesh/Documents/GitRemote/SuperShop-Online-Store/super-shop-ui/src/components/admin/Product/AllProducts.js [37ms]
2022-12-16 15:14:54.740 [info] > git cat-file -s 09fbf644b2ef2a849fef7afe8ef26096ac6e3206 [1ms]
2022-12-16 15:15:12.533 [info] > git show --textconv :super-shop-ui/src/components/admin/Product/Product.js [58ms]
2022-12-16 15:15:12.548 [info] > git ls-files --stage -- /home/dipesh/Documents/GitRemote/SuperShop-Online-Store/super-shop-ui/src/components/admin/Product/Product.js [48ms]
2022-12-16 15:15:12.569 [info] > git cat-file -s b7e7012fedf773ebd4dd6095d4b8495d8267f9cd [4ms]
2022-12-16 15:15:39.896 [info] > git show --textconv :super-shop-ui/src/components/admin/Product/AllProducts.js [56ms]
2022-12-16 15:15:39.948 [info] > git ls-files --stage -- /home/dipesh/Documents/GitRemote/SuperShop-Online-Store/super-shop-ui/src/components/admin/Product/AllProducts.js [64ms]
2022-12-16 15:15:39.970 [info] > git cat-file -s 09fbf644b2ef2a849fef7afe8ef26096ac6e3206 [7ms]
2022-12-16 15:15:41.755 [info] > git show --textconv :super-shop-ui/src/components/product/AllProducts.js [35ms]
2022-12-16 15:15:41.777 [info] > git ls-files --stage -- /home/dipesh/Documents/GitRemote/SuperShop-Online-Store/super-shop-ui/src/components/product/AllProducts.js [23ms]
2022-12-16 15:15:41.792 [info] > git cat-file -s a5ad4642195e0683e5de0ba46ca1b23070158caf [1ms]
2022-12-16 15:15:45.442 [info] > git ls-files --stage -- /home/dipesh/Documents/GitRemote/SuperShop-Online-Store/super-shop-ui/src/components/product/ProductList.js [22ms]
2022-12-16 15:15:45.461 [info] > git show --textconv :super-shop-ui/src/components/product/ProductList.js [79ms]
2022-12-16 15:15:45.475 [info] > git cat-file -s 26f3ef659b6b8dfb7ec6fc7c4a0434306db385d6 [15ms]
2022-12-16 15:15:51.206 [info] > git show --textconv :super-shop-ui/src/components/admin/Product/AllProducts.js [26ms]
2022-12-16 15:15:51.217 [info] > git ls-files --stage -- /home/dipesh/Documents/GitRemote/SuperShop-Online-Store/super-shop-ui/src/components/admin/Product/AllProducts.js [17ms]
2022-12-16 15:15:51.232 [info] > git cat-file -s 09fbf644b2ef2a849fef7afe8ef26096ac6e3206 [2ms]
2022-12-16 15:15:57.468 [info] > git config --get commit.template [17ms]
2022-12-16 15:15:57.470 [info] > git for-each-ref --format=%(refname)%00%(upstream:short)%00%(objectname)%00%(upstream:track)%00%(upstream:remotename)%00%(upstream:remoteref) refs/heads/modifying-admin-ui refs/remotes/modifying-admin-ui [2ms]
2022-12-16 15:15:57.507 [info] > git for-each-ref --sort -committerdate --format %(refname) %(objectname) %(*objectname) [6ms]
2022-12-16 15:15:57.857 [info] > git status -z -uall [376ms]
2022-12-16 15:16:03.137 [info] > git config --get commit.template [18ms]
2022-12-16 15:16:03.140 [info] > git for-each-ref --format=%(refname)%00%(upstream:short)%00%(objectname)%00%(upstream:track)%00%(upstream:remotename)%00%(upstream:remoteref) refs/heads/modifying-admin-ui refs/remotes/modifying-admin-ui [5ms]
2022-12-16 15:16:03.169 [info] > git for-each-ref --sort -committerdate --format %(refname) %(objectname) %(*objectname) [3ms]
2022-12-16 15:16:03.489 [info] > git status -z -uall [337ms]
2022-12-16 15:16:08.526 [info] > git config --get commit.template [13ms]
2022-12-16 15:16:08.527 [info] > git for-each-ref --format=%(refname)%00%(upstream:short)%00%(objectname)%00%(upstream:track)%00%(upstream:remotename)%00%(upstream:remoteref) refs/heads/modifying-admin-ui refs/remotes/modifying-admin-ui [2ms]
2022-12-16 15:16:08.593 [info] > git for-each-ref --sort -committerdate --format %(refname) %(objectname) %(*objectname) [31ms]
2022-12-16 15:16:08.875 [info] > git status -z -uall [328ms]
2022-12-16 15:16:13.906 [info] > git config --get commit.template [13ms]
2022-12-16 15:16:13.906 [info] > git for-each-ref --format=%(refname)%00%(upstream:short)%00%(objectname)%00%(upstream:track)%00%(upstream:remotename)%00%(upstream:remoteref) refs/heads/modifying-admin-ui refs/remotes/modifying-admin-ui [2ms]
2022-12-16 15:16:13.931 [info] > git for-each-ref --sort -committerdate --format %(refname) %(objectname) %(*objectname) [2ms]
2022-12-16 15:16:14.180 [info] > git status -z -uall [263ms]
2022-12-16 15:16:19.212 [info] > git config --get commit.template [14ms]
2022-12-16 15:16:19.213 [info] > git for-each-ref --format=%(refname)%00%(upstream:short)%00%(objectname)%00%(upstream:track)%00%(upstream:remotename)%00%(upstream:remoteref) refs/heads/modifying-admin-ui refs/remotes/modifying-admin-ui [1ms]
2022-12-16 15:16:19.242 [info] > git for-each-ref --sort -committerdate --format %(refname) %(objectname) %(*objectname) [5ms]
2022-12-16 15:16:19.542 [info] > git status -z -uall [318ms]
2022-12-16 15:16:24.589 [info] > git config --get commit.template [18ms]
2022-12-16 15:16:24.589 [info] > git for-each-ref --format=%(refname)%00%(upstream:short)%00%(objectname)%00%(upstream:track)%00%(upstream:remotename)%00%(upstream:remoteref) refs/heads/modifying-admin-ui refs/remotes/modifying-admin-ui [2ms]
2022-12-16 15:16:24.623 [info] > git for-each-ref --sort -committerdate --format %(refname) %(objectname) %(*objectname) [2ms]
2022-12-16 15:16:25.042 [info] > git status -z -uall [436ms]
2022-12-16 15:16:30.073 [info] > git config --get commit.template [15ms]
2022-12-16 15:16:30.074 [info] > git for-each-ref --format=%(refname)%00%(upstream:short)%00%(objectname)%00%(upstream:track)%00%(upstream:remotename)%00%(upstream:remoteref) refs/heads/modifying-admin-ui refs/remotes/modifying-admin-ui [2ms]
2022-12-16 15:16:30.117 [info] > git for-each-ref --sort -committerdate --format %(refname) %(objectname) %(*objectname) [9ms]
2022-12-16 15:16:30.356 [info] > git status -z -uall [270ms]
2022-12-16 15:16:38.383 [info] > git config --get commit.template [11ms]
2022-12-16 15:16:38.385 [info] > git for-each-ref --format=%(refname)%00%(upstream:short)%00%(objectname)%00%(upstream:track)%00%(upstream:remotename)%00%(upstream:remoteref) refs/heads/modifying-admin-ui refs/remotes/modifying-admin-ui [3ms]
2022-12-16 15:16:38.438 [info] > git for-each-ref --sort -committerdate --format %(refname) %(objectname) %(*objectname) [7ms]
2022-12-16 15:16:38.685 [info] > git status -z -uall [269ms]
2022-12-16 15:16:45.771 [info] > git config --get commit.template [1ms]
2022-12-16 15:16:45.789 [info] > git for-each-ref --format=%(refname)%00%(upstream:short)%00%(objectname)%00%(upstream:track)%00%(upstream:remotename)%00%(upstream:remoteref) refs/heads/modifying-admin-ui refs/remotes/modifying-admin-ui [3ms]
2022-12-16 15:16:45.858 [info] > git for-each-ref --sort -committerdate --format %(refname) %(objectname) %(*objectname) [6ms]
2022-12-16 15:16:46.233 [info] > git status -z -uall [409ms]
2022-12-16 15:16:51.277 [info] > git config --get commit.template [18ms]
2022-12-16 15:16:51.278 [info] > git for-each-ref --format=%(refname)%00%(upstream:short)%00%(objectname)%00%(upstream:track)%00%(upstream:remotename)%00%(upstream:remoteref) refs/heads/modifying-admin-ui refs/remotes/modifying-admin-ui [3ms]
2022-12-16 15:16:51.317 [info] > git for-each-ref --sort -committerdate --format %(refname) %(objectname) %(*objectname) [14ms]
2022-12-16 15:16:51.614 [info] > git status -z -uall [326ms]
2022-12-16 15:16:56.643 [info] > git config --get commit.template [11ms]
2022-12-16 15:16:56.644 [info] > git for-each-ref --format=%(refname)%00%(upstream:short)%00%(objectname)%00%(upstream:track)%00%(upstream:remotename)%00%(upstream:remoteref) refs/heads/modifying-admin-ui refs/remotes/modifying-admin-ui [2ms]
2022-12-16 15:16:56.668 [info] > git for-each-ref --sort -committerdate --format %(refname) %(objectname) %(*objectname) [3ms]
2022-12-16 15:16:56.950 [info] > git status -z -uall [296ms]
2022-12-16 15:16:58.038 [info] > git show --textconv :super-shop-ui/src/components/product/ProductList.js [42ms]
2022-12-16 15:16:58.103 [info] > git ls-files --stage -- /home/dipesh/Documents/GitRemote/SuperShop-Online-Store/super-shop-ui/src/components/product/ProductList.js [73ms]
2022-12-16 15:16:58.124 [info] > git cat-file -s 26f3ef659b6b8dfb7ec6fc7c4a0434306db385d6 [1ms]
2022-12-16 15:17:07.695 [info] > git show --textconv :super-shop-ui/src/components/admin/Product/Product.js [35ms]
2022-12-16 15:17:07.709 [info] > git ls-files --stage -- /home/dipesh/Documents/GitRemote/SuperShop-Online-Store/super-shop-ui/src/components/admin/Product/Product.js [27ms]
2022-12-16 15:17:07.724 [info] > git cat-file -s b7e7012fedf773ebd4dd6095d4b8495d8267f9cd [2ms]
2022-12-16 15:17:14.026 [info] > git config --get commit.template [26ms]
2022-12-16 15:17:14.045 [info] > git for-each-ref --format=%(refname)%00%(upstream:short)%00%(objectname)%00%(upstream:track)%00%(upstream:remotename)%00%(upstream:remoteref) refs/heads/modifying-admin-ui refs/remotes/modifying-admin-ui [19ms]
2022-12-16 15:17:14.116 [info] > git for-each-ref --sort -committerdate --format %(refname) %(objectname) %(*objectname) [21ms]
2022-12-16 15:17:14.479 [info] > git status -z -uall [401ms]
2022-12-16 15:17:19.653 [info] > git config --get commit.template [90ms]
2022-12-16 15:17:19.659 [info] > git for-each-ref --format=%(refname)%00%(upstream:short)%00%(objectname)%00%(upstream:track)%00%(upstream:remotename)%00%(upstream:remoteref) refs/heads/modifying-admin-ui refs/remotes/modifying-admin-ui [12ms]
2022-12-16 15:17:19.745 [info] > git for-each-ref --sort -committerdate --format %(refname) %(objectname) %(*objectname) [42ms]
2022-12-16 15:17:20.815 [info] > git status -z -uall [1142ms]
2022-12-16 15:17:25.862 [info] > git config --get commit.template [15ms]
2022-12-16 15:17:25.865 [info] > git for-each-ref --format=%(refname)%00%(upstream:short)%00%(objectname)%00%(upstream:track)%00%(upstream:remotename)%00%(upstream:remoteref) refs/heads/modifying-admin-ui refs/remotes/modifying-admin-ui [3ms]
2022-12-16 15:17:25.889 [info] > git for-each-ref --sort -committerdate --format %(refname) %(objectname) %(*objectname) [3ms]
2022-12-16 15:17:26.121 [info] > git status -z -uall [249ms]
2022-12-16 15:17:32.839 [info] > git config --get commit.template [19ms]
2022-12-16 15:17:32.840 [info] > git for-each-ref --format=%(refname)%00%(upstream:short)%00%(objectname)%00%(upstream:track)%00%(upstream:remotename)%00%(upstream:remoteref) refs/heads/modifying-admin-ui refs/remotes/modifying-admin-ui [2ms]
2022-12-16 15:17:32.876 [info] > git for-each-ref --sort -committerdate --format %(refname) %(objectname) %(*objectname) [9ms]
2022-12-16 15:17:33.152 [info] > git status -z -uall [299ms]
2022-12-16 15:17:38.177 [info] > git config --get commit.template [11ms]
2022-12-16 15:17:38.178 [info] > git for-each-ref --format=%(refname)%00%(upstream:short)%00%(objectname)%00%(upstream:track)%00%(upstream:remotename)%00%(upstream:remoteref) refs/heads/modifying-admin-ui refs/remotes/modifying-admin-ui [2ms]
2022-12-16 15:17:38.203 [info] > git for-each-ref --sort -committerdate --format %(refname) %(objectname) %(*objectname) [5ms]
2022-12-16 15:17:38.385 [info] > git status -z -uall [199ms]
2022-12-16 15:17:39.749 [info] > git show --textconv :super-shop-ui/src/components/product/ProductCard.js [69ms]
2022-12-16 15:17:39.751 [info] > git ls-files --stage -- /home/dipesh/Documents/GitRemote/SuperShop-Online-Store/super-shop-ui/src/components/product/ProductCard.js [55ms]
2022-12-16 15:17:39.794 [info] > git cat-file -s 8567f814f172a424ed5afe37459531feb67639b3 [14ms]
2022-12-16 15:17:49.677 [info] > git config --get commit.template [4ms]
2022-12-16 15:17:49.692 [info] > git for-each-ref --format=%(refname)%00%(upstream:short)%00%(objectname)%00%(upstream:track)%00%(upstream:remotename)%00%(upstream:remoteref) refs/heads/modifying-admin-ui refs/remotes/modifying-admin-ui [4ms]
2022-12-16 15:17:49.729 [info] > git for-each-ref --sort -committerdate --format %(refname) %(objectname) %(*objectname) [9ms]
2022-12-16 15:17:50.132 [info] > git status -z -uall [427ms]
2022-12-16 15:17:55.185 [info] > git config --get commit.template [28ms]
2022-12-16 15:17:55.189 [info] > git for-each-ref --format=%(refname)%00%(upstream:short)%00%(objectname)%00%(upstream:track)%00%(upstream:remotename)%00%(upstream:remoteref) refs/heads/modifying-admin-ui refs/remotes/modifying-admin-ui [4ms]
2022-12-16 15:17:55.254 [info] > git for-each-ref --sort -committerdate --format %(refname) %(objectname) %(*objectname) [14ms]
2022-12-16 15:17:55.605 [info] > git status -z -uall [395ms]
2022-12-16 15:18:00.633 [info] > git config --get commit.template [11ms]
2022-12-16 15:18:00.634 [info] > git for-each-ref --format=%(refname)%00%(upstream:short)%00%(objectname)%00%(upstream:track)%00%(upstream:remotename)%00%(upstream:remoteref) refs/heads/modifying-admin-ui refs/remotes/modifying-admin-ui [2ms]
2022-12-16 15:18:00.670 [info] > git for-each-ref --sort -committerdate --format %(refname) %(objectname) %(*objectname) [2ms]
2022-12-16 15:18:00.882 [info] > git status -z -uall [235ms]
2022-12-16 15:18:10.245 [info] > git config --get commit.template [5ms]
2022-12-16 15:18:10.272 [info] > git for-each-ref --format=%(refname)%00%(upstream:short)%00%(objectname)%00%(upstream:track)%00%(upstream:remotename)%00%(upstream:remoteref) refs/heads/modifying-admin-ui refs/remotes/modifying-admin-ui [7ms]
2022-12-16 15:18:10.331 [info] > git for-each-ref --sort -committerdate --format %(refname) %(objectname) %(*objectname) [33ms]
2022-12-16 15:18:10.568 [info] > git status -z -uall [281ms]
2022-12-16 15:18:15.627 [info] > git config --get commit.template [26ms]
2022-12-16 15:18:15.631 [info] > git for-each-ref --format=%(refname)%00%(upstream:short)%00%(objectname)%00%(upstream:track)%00%(upstream:remotename)%00%(upstream:remoteref) refs/heads/modifying-admin-ui refs/remotes/modifying-admin-ui [9ms]
2022-12-16 15:18:15.680 [info] > git for-each-ref --sort -committerdate --format %(refname) %(objectname) %(*objectname) [5ms]
2022-12-16 15:18:16.047 [info] > git status -z -uall [399ms]
2022-12-16 15:18:23.449 [info] > git config --get commit.template [2ms]
2022-12-16 15:18:23.464 [info] > git for-each-ref --format=%(refname)%00%(upstream:short)%00%(objectname)%00%(upstream:track)%00%(upstream:remotename)%00%(upstream:remoteref) refs/heads/modifying-admin-ui refs/remotes/modifying-admin-ui [2ms]
2022-12-16 15:18:23.495 [info] > git for-each-ref --sort -committerdate --format %(refname) %(objectname) %(*objectname) [2ms]
2022-12-16 15:18:23.734 [info] > git status -z -uall [255ms]
2022-12-16 15:18:28.761 [info] > git config --get commit.template [11ms]
2022-12-16 15:18:28.762 [info] > git for-each-ref --format=%(refname)%00%(upstream:short)%00%(objectname)%00%(upstream:track)%00%(upstream:remotename)%00%(upstream:remoteref) refs/heads/modifying-admin-ui refs/remotes/modifying-admin-ui [2ms]
2022-12-16 15:18:28.788 [info] > git for-each-ref --sort -committerdate --format %(refname) %(objectname) %(*objectname) [3ms]
2022-12-16 15:18:28.966 [info] > git status -z -uall [195ms]
2022-12-16 15:18:56.678 [info] > git ls-files --stage -- /home/dipesh/Documents/GitRemote/SuperShop-Online-Store/super-shop-ui/src/components/admin/Product/EditProduct.js [40ms]
2022-12-16 15:18:56.702 [info] > git show --textconv :super-shop-ui/src/components/admin/Product/EditProduct.js [92ms]
2022-12-16 15:18:56.710 [info] > git cat-file -s d102e57e0c3399bfcd79952fa376522a7a49584a [10ms]
2022-12-16 15:19:07.308 [info] > git config --get commit.template [14ms]
2022-12-16 15:19:07.312 [info] > git for-each-ref --format=%(refname)%00%(upstream:short)%00%(objectname)%00%(upstream:track)%00%(upstream:remotename)%00%(upstream:remoteref) refs/heads/modifying-admin-ui refs/remotes/modifying-admin-ui [7ms]
2022-12-16 15:19:07.360 [info] > git for-each-ref --sort -committerdate --format %(refname) %(objectname) %(*objectname) [11ms]
2022-12-16 15:19:07.667 [info] > git status -z -uall [341ms]
2022-12-16 15:19:16.916 [info] > git show --textconv :super-shop-ui/src/components/product/ProductCard.js [34ms]
2022-12-16 15:19:16.935 [info] > git ls-files --stage -- /home/dipesh/Documents/GitRemote/SuperShop-Online-Store/super-shop-ui/src/components/product/ProductCard.js [25ms]
2022-12-16 15:19:16.966 [info] > git cat-file -s 8567f814f172a424ed5afe37459531feb67639b3 [2ms]
2022-12-16 15:19:52.161 [info] > git ls-files --stage -- /home/dipesh/Documents/GitRemote/SuperShop-Online-Store/super-shop-ui/src/components/product/SingleProduct.js [57ms]
2022-12-16 15:19:52.181 [info] > git show --textconv :super-shop-ui/src/components/product/SingleProduct.js [94ms]
2022-12-16 15:19:52.188 [info] > git cat-file -s 48cb0303ba311bd9ca812afc4dfdf7ffc25205c3 [8ms]
2022-12-16 15:20:24.671 [info] > git check-ignore -v -z --stdin [48ms]
2022-12-16 15:20:25.952 [info] > git show --textconv :super-shop-ui/src/services/ProductService.js [30ms]
2022-12-16 15:20:25.969 [info] > git ls-files --stage -- /home/dipesh/Documents/GitRemote/SuperShop-Online-Store/super-shop-ui/src/services/ProductService.js [22ms]
2022-12-16 15:20:26.006 [info] > git cat-file -s c17876916e7de0cfb2713d55a956ab636a509507 [6ms]
2022-12-16 15:20:30.861 [info] > git show --textconv :super-shop-ui/src/services/OrderService.js [33ms]
2022-12-16 15:20:30.880 [info] > git ls-files --stage -- /home/dipesh/Documents/GitRemote/SuperShop-Online-Store/super-shop-ui/src/services/OrderService.js [26ms]
2022-12-16 15:20:30.959 [info] > git cat-file -s 0e7c6f019442f0b46a364bfe4c04afc2c1edfdb4 [6ms]
2022-12-16 15:20:36.965 [info] > git show --textconv :super-shop-ui/src/components/product/ProductPage.js [27ms]
2022-12-16 15:20:36.995 [info] > git ls-files --stage -- /home/dipesh/Documents/GitRemote/SuperShop-Online-Store/super-shop-ui/src/components/product/ProductPage.js [36ms]
2022-12-16 15:20:37.014 [info] > git cat-file -s 848900e9831fe0dd2d5159bab7c291c31c8dc7be [4ms]
2022-12-16 15:20:38.120 [info] > git show --textconv :super-shop-ui/src/components/product/ProductCard.js [28ms]
2022-12-16 15:20:38.133 [info] > git ls-files --stage -- /home/dipesh/Documents/GitRemote/SuperShop-Online-Store/super-shop-ui/src/components/product/ProductCard.js [24ms]
2022-12-16 15:20:38.156 [info] > git cat-file -s 8567f814f172a424ed5afe37459531feb67639b3 [7ms]
2022-12-16 15:20:40.140 [info] > git show --textconv :super-shop-ui/src/components/product/ProductList.js [39ms]
2022-12-16 15:20:40.144 [info] > git ls-files --stage -- /home/dipesh/Documents/GitRemote/SuperShop-Online-Store/super-shop-ui/src/components/product/ProductList.js [21ms]
2022-12-16 15:20:40.160 [info] > git cat-file -s 26f3ef659b6b8dfb7ec6fc7c4a0434306db385d6 [4ms]
2022-12-16 15:20:48.562 [info] > git show --textconv :super-shop-ui/src/components/product/ProductPage.js [37ms]
2022-12-16 15:20:48.570 [info] > git ls-files --stage -- /home/dipesh/Documents/GitRemote/SuperShop-Online-Store/super-shop-ui/src/components/product/ProductPage.js [25ms]
2022-12-16 15:20:48.590 [info] > git cat-file -s 848900e9831fe0dd2d5159bab7c291c31c8dc7be [5ms]
2022-12-16 15:21:12.690 [info] > git config --get commit.template [4ms]
2022-12-16 15:21:12.711 [info] > git for-each-ref --format=%(refname)%00%(upstream:short)%00%(objectname)%00%(upstream:track)%00%(upstream:remotename)%00%(upstream:remoteref) refs/heads/modifying-admin-ui refs/remotes/modifying-admin-ui [4ms]
2022-12-16 15:21:12.773 [info] > git for-each-ref --sort -committerdate --format %(refname) %(objectname) %(*objectname) [36ms]
2022-12-16 15:21:13.686 [info] > git status -z -uall [964ms]
2022-12-16 15:21:20.712 [info] > git config --get commit.template [15ms]
2022-12-16 15:21:20.715 [info] > git for-each-ref --format=%(refname)%00%(upstream:short)%00%(objectname)%00%(upstream:track)%00%(upstream:remotename)%00%(upstream:remoteref) refs/heads/modifying-admin-ui refs/remotes/modifying-admin-ui [4ms]
2022-12-16 15:21:20.825 [info] > git for-each-ref --sort -committerdate --format %(refname) %(objectname) %(*objectname) [34ms]
2022-12-16 15:21:21.232 [info] > git status -z -uall [490ms]
2022-12-16 15:21:32.579 [info] > git config --get commit.template [11ms]
2022-12-16 15:21:32.581 [info] > git for-each-ref --format=%(refname)%00%(upstream:short)%00%(objectname)%00%(upstream:track)%00%(upstream:remotename)%00%(upstream:remoteref) refs/heads/modifying-admin-ui refs/remotes/modifying-admin-ui [2ms]
2022-12-16 15:21:32.608 [info] > git for-each-ref --sort -committerdate --format %(refname) %(objectname) %(*objectname) [3ms]
2022-12-16 15:21:32.865 [info] > git status -z -uall [274ms]
2022-12-16 15:21:47.221 [info] > git config --get commit.template [17ms]
2022-12-16 15:21:47.224 [info] > git for-each-ref --format=%(refname)%00%(upstream:short)%00%(objectname)%00%(upstream:track)%00%(upstream:remotename)%00%(upstream:remoteref) refs/heads/modifying-admin-ui refs/remotes/modifying-admin-ui [3ms]
2022-12-16 15:21:47.314 [info] > git for-each-ref --sort -committerdate --format %(refname) %(objectname) %(*objectname) [7ms]
2022-12-16 15:21:47.502 [info] > git status -z -uall [260ms]
2022-12-16 15:21:58.809 [info] > git config --get commit.template [14ms]
2022-12-16 15:21:58.809 [info] > git for-each-ref --format=%(refname)%00%(upstream:short)%00%(objectname)%00%(upstream:track)%00%(upstream:remotename)%00%(upstream:remoteref) refs/heads/modifying-admin-ui refs/remotes/modifying-admin-ui [1ms]
2022-12-16 15:21:58.838 [info] > git for-each-ref --sort -committerdate --format %(refname) %(objectname) %(*objectname) [4ms]
2022-12-16 15:21:59.057 [info] > git status -z -uall [236ms]
2022-12-16 15:22:17.662 [info] > git config --get commit.template [15ms]
2022-12-16 15:22:17.666 [info] > git for-each-ref --format=%(refname)%00%(upstream:short)%00%(objectname)%00%(upstream:track)%00%(upstream:remotename)%00%(upstream:remoteref) refs/heads/modifying-admin-ui refs/remotes/modifying-admin-ui [3ms]
2022-12-16 15:22:17.704 [info] > git for-each-ref --sort -committerdate --format %(refname) %(objectname) %(*objectname) [9ms]
2022-12-16 15:22:18.087 [info] > git status -z -uall [409ms]
2022-12-16 15:22:23.121 [info] > git config --get commit.template [11ms]
2022-12-16 15:22:23.122 [info] > git for-each-ref --format=%(refname)%00%(upstream:short)%00%(objectname)%00%(upstream:track)%00%(upstream:remotename)%00%(upstream:remoteref) refs/heads/modifying-admin-ui refs/remotes/modifying-admin-ui [2ms]
2022-12-16 15:22:23.149 [info] > git for-each-ref --sort -committerdate --format %(refname) %(objectname) %(*objectname) [3ms]
2022-12-16 15:22:23.425 [info] > git status -z -uall [289ms]
2022-12-16 15:22:28.466 [info] > git config --get commit.template [20ms]
2022-12-16 15:22:28.467 [info] > git for-each-ref --format=%(refname)%00%(upstream:short)%00%(objectname)%00%(upstream:track)%00%(upstream:remotename)%00%(upstream:remoteref) refs/heads/modifying-admin-ui refs/remotes/modifying-admin-ui [1ms]
2022-12-16 15:22:28.502 [info] > git for-each-ref --sort -committerdate --format %(refname) %(objectname) %(*objectname) [3ms]
2022-12-16 15:22:28.772 [info] > git status -z -uall [292ms]
2022-12-16 15:22:35.930 [info] > git config --get commit.template [14ms]
2022-12-16 15:22:35.931 [info] > git for-each-ref --format=%(refname)%00%(upstream:short)%00%(objectname)%00%(upstream:track)%00%(upstream:remotename)%00%(upstream:remoteref) refs/heads/modifying-admin-ui refs/remotes/modifying-admin-ui [3ms]
2022-12-16 15:22:35.964 [info] > git for-each-ref --sort -committerdate --format %(refname) %(objectname) %(*objectname) [0ms]
2022-12-16 15:22:36.188 [info] > git status -z -uall [246ms]
2022-12-16 15:22:41.227 [info] > git config --get commit.template [15ms]
2022-12-16 15:22:41.231 [info] > git for-each-ref --format=%(refname)%00%(upstream:short)%00%(objectname)%00%(upstream:track)%00%(upstream:remotename)%00%(upstream:remoteref) refs/heads/modifying-admin-ui refs/remotes/modifying-admin-ui [5ms]
2022-12-16 15:22:41.264 [info] > git for-each-ref --sort -committerdate --format %(refname) %(objectname) %(*objectname) [7ms]
2022-12-16 15:22:41.672 [info] > git status -z -uall [429ms]
2022-12-16 15:22:54.362 [info] > git config --get commit.template [13ms]
2022-12-16 15:22:54.362 [info] > git for-each-ref --format=%(refname)%00%(upstream:short)%00%(objectname)%00%(upstream:track)%00%(upstream:remotename)%00%(upstream:remoteref) refs/heads/modifying-admin-ui refs/remotes/modifying-admin-ui [3ms]
2022-12-16 15:22:54.386 [info] > git for-each-ref --sort -committerdate --format %(refname) %(objectname) %(*objectname) [3ms]
2022-12-16 15:22:54.605 [info] > git status -z -uall [233ms]
2022-12-16 15:22:59.631 [info] > git config --get commit.template [12ms]
2022-12-16 15:22:59.632 [info] > git for-each-ref --format=%(refname)%00%(upstream:short)%00%(objectname)%00%(upstream:track)%00%(upstream:remotename)%00%(upstream:remoteref) refs/heads/modifying-admin-ui refs/remotes/modifying-admin-ui [2ms]
2022-12-16 15:22:59.658 [info] > git for-each-ref --sort -committerdate --format %(refname) %(objectname) %(*objectname) [4ms]
2022-12-16 15:23:00.108 [info] > git status -z -uall [466ms]
2022-12-16 15:23:05.135 [info] > git config --get commit.template [11ms]
2022-12-16 15:23:05.136 [info] > git for-each-ref --format=%(refname)%00%(upstream:short)%00%(objectname)%00%(upstream:track)%00%(upstream:remotename)%00%(upstream:remoteref) refs/heads/modifying-admin-ui refs/remotes/modifying-admin-ui [2ms]
2022-12-16 15:23:05.160 [info] > git for-each-ref --sort -committerdate --format %(refname) %(objectname) %(*objectname) [3ms]
2022-12-16 15:23:05.345 [info] > git status -z -uall [199ms]
2022-12-16 15:23:17.415 [info] > git config --get commit.template [11ms]
2022-12-16 15:23:17.416 [info] > git for-each-ref --format=%(refname)%00%(upstream:short)%00%(objectname)%00%(upstream:track)%00%(upstream:remotename)%00%(upstream:remoteref) refs/heads/modifying-admin-ui refs/remotes/modifying-admin-ui [2ms]
2022-12-16 15:23:17.438 [info] > git for-each-ref --sort -committerdate --format %(refname) %(objectname) %(*objectname) [3ms]
2022-12-16 15:23:17.677 [info] > git status -z -uall [252ms]
2022-12-16 15:23:28.740 [info] > git config --get commit.template [18ms]
2022-12-16 15:23:28.744 [info] > git for-each-ref --format=%(refname)%00%(upstream:short)%00%(objectname)%00%(upstream:track)%00%(upstream:remotename)%00%(upstream:remoteref) refs/heads/modifying-admin-ui refs/remotes/modifying-admin-ui [6ms]
2022-12-16 15:23:28.786 [info] > git for-each-ref --sort -committerdate --format %(refname) %(objectname) %(*objectname) [6ms]
2022-12-16 15:23:29.092 [info] > git status -z -uall [332ms]
2022-12-16 15:23:36.703 [info] > git config --get commit.template [19ms]
2022-12-16 15:23:36.708 [info] > git for-each-ref --format=%(refname)%00%(upstream:short)%00%(objectname)%00%(upstream:track)%00%(upstream:remotename)%00%(upstream:remoteref) refs/heads/modifying-admin-ui refs/remotes/modifying-admin-ui [6ms]
2022-12-16 15:23:36.736 [info] > git for-each-ref --sort -committerdate --format %(refname) %(objectname) %(*objectname) [3ms]
2022-12-16 15:23:36.940 [info] > git status -z -uall [220ms]
2022-12-16 15:24:21.476 [info] > git for-each-ref --format=%(refname)%00%(upstream:short)%00%(objectname)%00%(upstream:track)%00%(upstream:remotename)%00%(upstream:remoteref) refs/heads/modifying-admin-ui refs/remotes/modifying-admin-ui [3ms]
2022-12-16 15:24:21.477 [info] > git config --get commit.template [26ms]
2022-12-16 15:24:21.540 [info] > git for-each-ref --sort -committerdate --format %(refname) %(objectname) %(*objectname) [4ms]
2022-12-16 15:24:21.786 [info] > git status -z -uall [290ms]
2022-12-16 15:24:26.813 [info] > git config --get commit.template [14ms]
2022-12-16 15:24:26.815 [info] > git for-each-ref --format=%(refname)%00%(upstream:short)%00%(objectname)%00%(upstream:track)%00%(upstream:remotename)%00%(upstream:remoteref) refs/heads/modifying-admin-ui refs/remotes/modifying-admin-ui [2ms]
2022-12-16 15:24:26.853 [info] > git for-each-ref --sort -committerdate --format %(refname) %(objectname) %(*objectname) [4ms]
2022-12-16 15:24:27.179 [info] > git status -z -uall [352ms]
2022-12-16 15:25:12.993 [info] > git show --textconv :super-shop-ui/src/services/ProductService.js [37ms]
2022-12-16 15:25:13.005 [info] > git ls-files --stage -- /home/dipesh/Documents/GitRemote/SuperShop-Online-Store/super-shop-ui/src/services/ProductService.js [24ms]
2022-12-16 15:25:13.026 [info] > git cat-file -s c17876916e7de0cfb2713d55a956ab636a509507 [6ms]
2022-12-16 15:25:18.956 [info] > git config --get commit.template [19ms]
2022-12-16 15:25:18.957 [info] > git for-each-ref --format=%(refname)%00%(upstream:short)%00%(objectname)%00%(upstream:track)%00%(upstream:remotename)%00%(upstream:remoteref) refs/heads/modifying-admin-ui refs/remotes/modifying-admin-ui [3ms]
2022-12-16 15:25:18.996 [info] > git for-each-ref --sort -committerdate --format %(refname) %(objectname) %(*objectname) [4ms]
2022-12-16 15:25:19.311 [info] > git status -z -uall [334ms]
2022-12-16 15:25:24.831 [info] > git config --get commit.template [12ms]
2022-12-16 15:25:24.832 [info] > git for-each-ref --format=%(refname)%00%(upstream:short)%00%(objectname)%00%(upstream:track)%00%(upstream:remotename)%00%(upstream:remoteref) refs/heads/modifying-admin-ui refs/remotes/modifying-admin-ui [2ms]
2022-12-16 15:25:24.858 [info] > git for-each-ref --sort -committerdate --format %(refname) %(objectname) %(*objectname) [3ms]
2022-12-16 15:25:25.065 [info] > git status -z -uall [223ms]
2022-12-16 15:25:30.086 [info] > git config --get commit.template [2ms]
2022-12-16 15:25:30.102 [info] > git for-each-ref --format=%(refname)%00%(upstream:short)%00%(objectname)%00%(upstream:track)%00%(upstream:remotename)%00%(upstream:remoteref) refs/heads/modifying-admin-ui refs/remotes/modifying-admin-ui [2ms]
2022-12-16 15:25:30.138 [info] > git for-each-ref --sort -committerdate --format %(refname) %(objectname) %(*objectname) [3ms]
2022-12-16 15:25:30.384 [info] > git status -z -uall [265ms]
2022-12-16 15:25:35.444 [info] > git config --get commit.template [19ms]
2022-12-16 15:25:35.447 [info] > git for-each-ref --format=%(refname)%00%(upstream:short)%00%(objectname)%00%(upstream:track)%00%(upstream:remotename)%00%(upstream:remoteref) refs/heads/modifying-admin-ui refs/remotes/modifying-admin-ui [4ms]
2022-12-16 15:25:35.489 [info] > git for-each-ref --sort -committerdate --format %(refname) %(objectname) %(*objectname) [5ms]
2022-12-16 15:25:35.733 [info] > git status -z -uall [273ms]
2022-12-16 15:25:40.781 [info] > git config --get commit.template [17ms]
2022-12-16 15:25:40.802 [info] > git for-each-ref --format=%(refname)%00%(upstream:short)%00%(objectname)%00%(upstream:track)%00%(upstream:remotename)%00%(upstream:remoteref) refs/heads/modifying-admin-ui refs/remotes/modifying-admin-ui [1ms]
2022-12-16 15:25:40.826 [info] > git for-each-ref --sort -committerdate --format %(refname) %(objectname) %(*objectname) [3ms]
2022-12-16 15:25:41.043 [info] > git status -z -uall [232ms]
2022-12-16 15:25:46.137 [info] > git config --get commit.template [30ms]
2022-12-16 15:25:46.142 [info] > git for-each-ref --format=%(refname)%00%(upstream:short)%00%(objectname)%00%(upstream:track)%00%(upstream:remotename)%00%(upstream:remoteref) refs/heads/modifying-admin-ui refs/remotes/modifying-admin-ui [17ms]
2022-12-16 15:25:46.204 [info] > git for-each-ref --sort -committerdate --format %(refname) %(objectname) %(*objectname) [19ms]
2022-12-16 15:25:46.893 [info] > git status -z -uall [727ms]
2022-12-16 15:25:51.936 [info] > git config --get commit.template [12ms]
2022-12-16 15:25:51.938 [info] > git for-each-ref --format=%(refname)%00%(upstream:short)%00%(objectname)%00%(upstream:track)%00%(upstream:remotename)%00%(upstream:remoteref) refs/heads/modifying-admin-ui refs/remotes/modifying-admin-ui [2ms]
2022-12-16 15:25:51.960 [info] > git for-each-ref --sort -committerdate --format %(refname) %(objectname) %(*objectname) [2ms]
2022-12-16 15:25:52.152 [info] > git status -z -uall [204ms]
2022-12-16 15:26:00.630 [info] > git config --get commit.template [14ms]
2022-12-16 15:26:00.633 [info] > git for-each-ref --format=%(refname)%00%(upstream:short)%00%(objectname)%00%(upstream:track)%00%(upstream:remotename)%00%(upstream:remoteref) refs/heads/modifying-admin-ui refs/remotes/modifying-admin-ui [4ms]
2022-12-16 15:26:00.664 [info] > git for-each-ref --sort -committerdate --format %(refname) %(objectname) %(*objectname) [0ms]
2022-12-16 15:26:00.877 [info] > git status -z -uall [233ms]
2022-12-16 15:34:20.013 [info] > git ls-files --stage -- /home/dipesh/Documents/GitRemote/SuperShop-Online-Store/super-shop-ui/src/components/admin/Product/Product.js [40ms]
2022-12-16 15:34:20.028 [info] > git ls-files --stage -- /home/dipesh/Documents/GitRemote/SuperShop-Online-Store/super-shop-ui/src/components/admin/Product/AllProducts.js [86ms]
2022-12-16 15:34:20.040 [info] > git config --get commit.template [121ms]
2022-12-16 15:34:20.062 [info] > git cat-file -s b7e7012fedf773ebd4dd6095d4b8495d8267f9cd [34ms]
2022-12-16 15:34:20.063 [info] > git ls-files --stage -- /home/dipesh/Documents/GitRemote/SuperShop-Online-Store/super-shop-ui/src/services/ProductService.js [60ms]
2022-12-16 15:34:20.077 [info] > git ls-files --stage -- /home/dipesh/Documents/GitRemote/SuperShop-Online-Store/super-shop-ui/src/components/admin/Product/EditProduct.js [92ms]
2022-12-16 15:34:20.096 [info] > git cat-file -s c17876916e7de0cfb2713d55a956ab636a509507 [19ms]
2022-12-16 15:34:20.097 [info] > git for-each-ref --format=%(refname)%00%(upstream:short)%00%(objectname)%00%(upstream:track)%00%(upstream:remotename)%00%(upstream:remoteref) refs/heads/modifying-admin-ui refs/remotes/modifying-admin-ui [42ms]
2022-12-16 15:34:20.135 [info] > git cat-file -s 09fbf644b2ef2a849fef7afe8ef26096ac6e3206 [94ms]
2022-12-16 15:34:20.228 [info] > git cat-file -s d102e57e0c3399bfcd79952fa376522a7a49584a [132ms]
2022-12-16 15:34:20.304 [info] > git show --textconv :super-shop-ui/src/components/admin/Product/Product.js [79ms]
2022-12-16 15:34:20.306 [info] > git for-each-ref --sort -committerdate --format %(refname) %(objectname) %(*objectname) [170ms]
2022-12-16 15:34:20.326 [info] > git show --textconv :super-shop-ui/src/services/ProductService.js [59ms]
2022-12-16 15:34:20.326 [info] > git show --textconv :super-shop-ui/src/components/admin/Product/AllProducts.js [26ms]
2022-12-16 15:34:20.338 [info] > git show --textconv :super-shop-ui/src/components/admin/Product/EditProduct.js [15ms]
2022-12-16 15:34:20.455 [info] > git status -z -uall [343ms]
2022-12-16 15:34:25.489 [info] > git config --get commit.template [16ms]
2022-12-16 15:34:25.489 [info] > git for-each-ref --format=%(refname)%00%(upstream:short)%00%(objectname)%00%(upstream:track)%00%(upstream:remotename)%00%(upstream:remoteref) refs/heads/modifying-admin-ui refs/remotes/modifying-admin-ui [5ms]
2022-12-16 15:34:25.508 [info] > git for-each-ref --sort -committerdate --format %(refname) %(objectname) %(*objectname) [2ms]
2022-12-16 15:34:25.661 [info] > git status -z -uall [164ms]
2022-12-16 15:34:28.895 [info] > git check-ignore -v -z --stdin [30ms]
2022-12-16 15:34:30.244 [info] > git show --textconv :super-shop-ui/src/components/admin/Category/AllCategory.js [16ms]
2022-12-16 15:34:30.251 [info] > git ls-files --stage -- /home/dipesh/Documents/GitRemote/SuperShop-Online-Store/super-shop-ui/src/components/admin/Category/AllCategory.js [12ms]
2022-12-16 15:34:30.262 [info] > git cat-file -s 27b7399ac4df61e5919fa26f0169e4b8e7694e94 [2ms]
2022-12-16 15:34:40.922 [info] > git config --get commit.template [3ms]
2022-12-16 15:34:40.934 [info] > git for-each-ref --format=%(refname)%00%(upstream:short)%00%(objectname)%00%(upstream:track)%00%(upstream:remotename)%00%(upstream:remoteref) refs/heads/modifying-admin-ui refs/remotes/modifying-admin-ui [3ms]
2022-12-16 15:34:40.963 [info] > git for-each-ref --sort -committerdate --format %(refname) %(objectname) %(*objectname) [1ms]
2022-12-16 15:34:41.202 [info] > git status -z -uall [259ms]
2022-12-16 15:34:46.236 [info] > git config --get commit.template [15ms]
2022-12-16 15:34:46.236 [info] > git for-each-ref --format=%(refname)%00%(upstream:short)%00%(objectname)%00%(upstream:track)%00%(upstream:remotename)%00%(upstream:remoteref) refs/heads/modifying-admin-ui refs/remotes/modifying-admin-ui [8ms]
2022-12-16 15:34:46.270 [info] > git for-each-ref --sort -committerdate --format %(refname) %(objectname) %(*objectname) [10ms]
2022-12-16 15:34:46.670 [info] > git status -z -uall [423ms]
2022-12-16 15:34:51.701 [info] > git config --get commit.template [13ms]
2022-12-16 15:34:51.701 [info] > git for-each-ref --format=%(refname)%00%(upstream:short)%00%(objectname)%00%(upstream:track)%00%(upstream:remotename)%00%(upstream:remoteref) refs/heads/modifying-admin-ui refs/remotes/modifying-admin-ui [1ms]
2022-12-16 15:34:51.730 [info] > git for-each-ref --sort -committerdate --format %(refname) %(objectname) %(*objectname) [4ms]
2022-12-16 15:34:51.984 [info] > git status -z -uall [271ms]
2022-12-16 15:34:57.020 [info] > git config --get commit.template [19ms]
2022-12-16 15:34:57.022 [info] > git for-each-ref --format=%(refname)%00%(upstream:short)%00%(objectname)%00%(upstream:track)%00%(upstream:remotename)%00%(upstream:remoteref) refs/heads/modifying-admin-ui refs/remotes/modifying-admin-ui [6ms]
2022-12-16 15:34:57.099 [info] > git for-each-ref --sort -committerdate --format %(refname) %(objectname) %(*objectname) [13ms]
2022-12-16 15:34:57.468 [info] > git status -z -uall [425ms]
2022-12-16 15:35:09.639 [info] > git config --get commit.template [19ms]
2022-12-16 15:35:09.646 [info] > git for-each-ref --format=%(refname)%00%(upstream:short)%00%(objectname)%00%(upstream:track)%00%(upstream:remotename)%00%(upstream:remoteref) refs/heads/modifying-admin-ui refs/remotes/modifying-admin-ui [8ms]
2022-12-16 15:35:09.683 [info] > git for-each-ref --sort -committerdate --format %(refname) %(objectname) %(*objectname) [6ms]
2022-12-16 15:35:09.861 [info] > git status -z -uall [201ms]
2022-12-16 15:35:14.895 [info] > git config --get commit.template [10ms]
2022-12-16 15:35:14.896 [info] > git for-each-ref --format=%(refname)%00%(upstream:short)%00%(objectname)%00%(upstream:track)%00%(upstream:remotename)%00%(upstream:remoteref) refs/heads/modifying-admin-ui refs/remotes/modifying-admin-ui [2ms]
2022-12-16 15:35:14.917 [info] > git for-each-ref --sort -committerdate --format %(refname) %(objectname) %(*objectname) [2ms]
2022-12-16 15:35:15.093 [info] > git status -z -uall [189ms]
2022-12-16 15:35:22.319 [info] > git config --get commit.template [1ms]
2022-12-16 15:35:22.372 [info] > git for-each-ref --format=%(refname)%00%(upstream:short)%00%(objectname)%00%(upstream:track)%00%(upstream:remotename)%00%(upstream:remoteref) refs/heads/modifying-admin-ui refs/remotes/modifying-admin-ui [5ms]
2022-12-16 15:35:22.464 [info] > git for-each-ref --sort -committerdate --format %(refname) %(objectname) %(*objectname) [47ms]
2022-12-16 15:35:22.656 [info] > git status -z -uall [270ms]
2022-12-16 15:35:33.128 [info] > git config --get commit.template [14ms]
2022-12-16 15:35:33.131 [info] > git for-each-ref --format=%(refname)%00%(upstream:short)%00%(objectname)%00%(upstream:track)%00%(upstream:remotename)%00%(upstream:remoteref) refs/heads/modifying-admin-ui refs/remotes/modifying-admin-ui [4ms]
2022-12-16 15:35:33.178 [info] > git for-each-ref --sort -committerdate --format %(refname) %(objectname) %(*objectname) [7ms]
2022-12-16 15:35:33.352 [info] > git status -z -uall [203ms]
2022-12-16 15:35:36.861 [info] > git show --textconv :super-shop-ui/src/App.js [43ms]
2022-12-16 15:35:36.869 [info] > git ls-files --stage -- /home/dipesh/Documents/GitRemote/SuperShop-Online-Store/super-shop-ui/src/App.js [28ms]
2022-12-16 15:35:36.887 [info] > git cat-file -s eafffdb4e009ded3c82832ac042289c1c2f6dcf2 [3ms]
2022-12-16 15:35:51.463 [info] > git config --get commit.template [13ms]
2022-12-16 15:35:51.464 [info] > git for-each-ref --format=%(refname)%00%(upstream:short)%00%(objectname)%00%(upstream:track)%00%(upstream:remotename)%00%(upstream:remoteref) refs/heads/modifying-admin-ui refs/remotes/modifying-admin-ui [2ms]
2022-12-16 15:35:51.495 [info] > git for-each-ref --sort -committerdate --format %(refname) %(objectname) %(*objectname) [3ms]
2022-12-16 15:35:51.687 [info] > git status -z -uall [209ms]
2022-12-16 15:36:54.297 [info] > git config --get commit.template [16ms]
2022-12-16 15:36:54.298 [info] > git for-each-ref --format=%(refname)%00%(upstream:short)%00%(objectname)%00%(upstream:track)%00%(upstream:remotename)%00%(upstream:remoteref) refs/heads/modifying-admin-ui refs/remotes/modifying-admin-ui [1ms]
2022-12-16 15:36:54.338 [info] > git for-each-ref --sort -committerdate --format %(refname) %(objectname) %(*objectname) [9ms]
2022-12-16 15:36:54.508 [info] > git status -z -uall [195ms]
2022-12-16 15:37:06.783 [info] > git show --textconv :super-shop-ui/src/components/admin/Category/AllCategory.js [26ms]
2022-12-16 15:37:06.792 [info] > git ls-files --stage -- /home/dipesh/Documents/GitRemote/SuperShop-Online-Store/super-shop-ui/src/components/admin/Category/AllCategory.js [15ms]
2022-12-16 15:37:06.805 [info] > git cat-file -s 27b7399ac4df61e5919fa26f0169e4b8e7694e94 [3ms]
2022-12-16 15:37:10.604 [info] > git config --get commit.template [14ms]
2022-12-16 15:37:10.606 [info] > git for-each-ref --format=%(refname)%00%(upstream:short)%00%(objectname)%00%(upstream:track)%00%(upstream:remotename)%00%(upstream:remoteref) refs/heads/modifying-admin-ui refs/remotes/modifying-admin-ui [3ms]
2022-12-16 15:37:10.639 [info] > git for-each-ref --sort -committerdate --format %(refname) %(objectname) %(*objectname) [3ms]
2022-12-16 15:37:10.843 [info] > git status -z -uall [225ms]
2022-12-16 15:37:18.680 [info] > git config --get commit.template [11ms]
2022-12-16 15:37:18.681 [info] > git for-each-ref --format=%(refname)%00%(upstream:short)%00%(objectname)%00%(upstream:track)%00%(upstream:remotename)%00%(upstream:remoteref) refs/heads/modifying-admin-ui refs/remotes/modifying-admin-ui [2ms]
2022-12-16 15:37:18.720 [info] > git for-each-ref --sort -committerdate --format %(refname) %(objectname) %(*objectname) [8ms]
2022-12-16 15:37:18.916 [info] > git status -z -uall [224ms]
2022-12-16 15:37:20.735 [info] > git show --textconv :super-shop-ui/src/components/admin/Category/Category.js [23ms]
2022-12-16 15:37:20.757 [info] > git ls-files --stage -- /home/dipesh/Documents/GitRemote/SuperShop-Online-Store/super-shop-ui/src/components/admin/Category/Category.js [24ms]
2022-12-16 15:37:20.786 [info] > git cat-file -s 3d6f524d78e5699d7bd3a392d0e51bb82b822168 [4ms]
2022-12-16 15:37:30.234 [info] > git config --get commit.template [7ms]
2022-12-16 15:37:30.291 [info] > git for-each-ref --format=%(refname)%00%(upstream:short)%00%(objectname)%00%(upstream:track)%00%(upstream:remotename)%00%(upstream:remoteref) refs/heads/modifying-admin-ui refs/remotes/modifying-admin-ui [7ms]
2022-12-16 15:37:30.440 [info] > git for-each-ref --sort -committerdate --format %(refname) %(objectname) %(*objectname) [73ms]
2022-12-16 15:37:30.655 [info] > git status -z -uall [337ms]
2022-12-16 15:37:35.681 [info] > git config --get commit.template [11ms]
2022-12-16 15:37:35.682 [info] > git for-each-ref --format=%(refname)%00%(upstream:short)%00%(objectname)%00%(upstream:track)%00%(upstream:remotename)%00%(upstream:remoteref) refs/heads/modifying-admin-ui refs/remotes/modifying-admin-ui [2ms]
2022-12-16 15:37:35.722 [info] > git for-each-ref --sort -committerdate --format %(refname) %(objectname) %(*objectname) [15ms]
2022-12-16 15:37:35.918 [info] > git status -z -uall [224ms]
2022-12-16 15:37:40.952 [info] > git config --get commit.template [17ms]
2022-12-16 15:37:40.953 [info] > git for-each-ref --format=%(refname)%00%(upstream:short)%00%(objectname)%00%(upstream:track)%00%(upstream:remotename)%00%(upstream:remoteref) refs/heads/modifying-admin-ui refs/remotes/modifying-admin-ui [2ms]
2022-12-16 15:37:40.976 [info] > git for-each-ref --sort -committerdate --format %(refname) %(objectname) %(*objectname) [2ms]
2022-12-16 15:37:41.159 [info] > git status -z -uall [194ms]
2022-12-16 15:37:46.310 [info] > git config --get commit.template [16ms]
2022-12-16 15:37:46.310 [info] > git for-each-ref --format=%(refname)%00%(upstream:short)%00%(objectname)%00%(upstream:track)%00%(upstream:remotename)%00%(upstream:remoteref) refs/heads/modifying-admin-ui refs/remotes/modifying-admin-ui [2ms]
2022-12-16 15:37:46.342 [info] > git for-each-ref --sort -committerdate --format %(refname) %(objectname) %(*objectname) [5ms]
2022-12-16 15:37:46.567 [info] > git status -z -uall [243ms]
2022-12-16 15:37:51.596 [info] > git config --get commit.template [11ms]
2022-12-16 15:37:51.597 [info] > git for-each-ref --format=%(refname)%00%(upstream:short)%00%(objectname)%00%(upstream:track)%00%(upstream:remotename)%00%(upstream:remoteref) refs/heads/modifying-admin-ui refs/remotes/modifying-admin-ui [3ms]
2022-12-16 15:37:51.626 [info] > git for-each-ref --sort -committerdate --format %(refname) %(objectname) %(*objectname) [5ms]
2022-12-16 15:37:51.846 [info] > git status -z -uall [238ms]
2022-12-16 15:37:56.874 [info] > git config --get commit.template [12ms]
2022-12-16 15:37:56.875 [info] > git for-each-ref --format=%(refname)%00%(upstream:short)%00%(objectname)%00%(upstream:track)%00%(upstream:remotename)%00%(upstream:remoteref) refs/heads/modifying-admin-ui refs/remotes/modifying-admin-ui [2ms]
2022-12-16 15:37:56.902 [info] > git for-each-ref --sort -committerdate --format %(refname) %(objectname) %(*objectname) [3ms]
2022-12-16 15:37:57.085 [info] > git status -z -uall [199ms]
2022-12-16 15:38:02.131 [info] > git config --get commit.template [20ms]
2022-12-16 15:38:02.136 [info] > git for-each-ref --format=%(refname)%00%(upstream:short)%00%(objectname)%00%(upstream:track)%00%(upstream:remotename)%00%(upstream:remoteref) refs/heads/modifying-admin-ui refs/remotes/modifying-admin-ui [6ms]
2022-12-16 15:38:02.171 [info] > git for-each-ref --sort -committerdate --format %(refname) %(objectname) %(*objectname) [5ms]
2022-12-16 15:38:02.634 [info] > git status -z -uall [484ms]
2022-12-16 15:38:22.646 [info] > git ls-files --stage -- /home/dipesh/Documents/GitRemote/SuperShop-Online-Store/super-shop-ui/src/App.js [21ms]
2022-12-16 15:38:22.663 [info] > git show --textconv :super-shop-ui/src/App.js [58ms]
2022-12-16 15:38:22.668 [info] > git cat-file -s eafffdb4e009ded3c82832ac042289c1c2f6dcf2 [5ms]
2022-12-16 15:38:47.405 [info] > git show --textconv :super-shop-ui/src/components/admin/Product/EditProduct.js [16ms]
2022-12-16 15:38:47.422 [info] > git ls-files --stage -- /home/dipesh/Documents/GitRemote/SuperShop-Online-Store/super-shop-ui/src/components/admin/Product/EditProduct.js [18ms]
2022-12-16 15:38:47.432 [info] > git cat-file -s d102e57e0c3399bfcd79952fa376522a7a49584a [2ms]
2022-12-16 15:38:49.984 [info] > git show --textconv :super-shop-ui/src/components/admin/Category/EditCategory.js [33ms]
2022-12-16 15:38:49.997 [info] > git ls-files --stage -- /home/dipesh/Documents/GitRemote/SuperShop-Online-Store/super-shop-ui/src/components/admin/Category/EditCategory.js [20ms]
2022-12-16 15:38:50.012 [info] > git cat-file -s 0573bfd9eb7c0c977d38125068fa77f3ce815260 [2ms]
2022-12-16 15:39:29.601 [info] > git ls-files --stage -- /home/dipesh/Documents/GitRemote/SuperShop-Online-Store/super-shop-ui/src/components/admin/Product/EditProduct.js [43ms]
2022-12-16 15:39:29.623 [info] > git show --textconv :super-shop-ui/src/components/admin/Product/EditProduct.js [89ms]
2022-12-16 15:39:29.624 [info] > git cat-file -s d102e57e0c3399bfcd79952fa376522a7a49584a [6ms]
2022-12-16 15:40:36.548 [info] > git config --get commit.template [12ms]
2022-12-16 15:40:36.587 [info] > git for-each-ref --format=%(refname)%00%(upstream:short)%00%(objectname)%00%(upstream:track)%00%(upstream:remotename)%00%(upstream:remoteref) refs/heads/modifying-admin-ui refs/remotes/modifying-admin-ui [19ms]
2022-12-16 15:40:36.716 [info] > git for-each-ref --sort -committerdate --format %(refname) %(objectname) %(*objectname) [83ms]
2022-12-16 15:40:37.199 [info] > git status -z -uall [595ms]
2022-12-16 15:40:42.234 [info] > git config --get commit.template [17ms]
2022-12-16 15:40:42.237 [info] > git for-each-ref --format=%(refname)%00%(upstream:short)%00%(objectname)%00%(upstream:track)%00%(upstream:remotename)%00%(upstream:remoteref) refs/heads/modifying-admin-ui refs/remotes/modifying-admin-ui [4ms]
2022-12-16 15:40:42.269 [info] > git for-each-ref --sort -committerdate --format %(refname) %(objectname) %(*objectname) [3ms]
2022-12-16 15:40:42.516 [info] > git status -z -uall [266ms]
2022-12-16 15:40:59.367 [info] > git show --textconv :super-shop-ui/src/components/admin/Category/EditCategory.js [39ms]
2022-12-16 15:40:59.371 [info] > git ls-files --stage -- /home/dipesh/Documents/GitRemote/SuperShop-Online-Store/super-shop-ui/src/components/admin/Category/EditCategory.js [26ms]
2022-12-16 15:40:59.390 [info] > git cat-file -s 0573bfd9eb7c0c977d38125068fa77f3ce815260 [5ms]
2022-12-16 15:41:07.040 [info] > git config --get commit.template [16ms]
2022-12-16 15:41:07.045 [info] > git for-each-ref --format=%(refname)%00%(upstream:short)%00%(objectname)%00%(upstream:track)%00%(upstream:remotename)%00%(upstream:remoteref) refs/heads/modifying-admin-ui refs/remotes/modifying-admin-ui [6ms]
2022-12-16 15:41:07.096 [info] > git for-each-ref --sort -committerdate --format %(refname) %(objectname) %(*objectname) [14ms]
2022-12-16 15:41:07.334 [info] > git status -z -uall [272ms]
2022-12-16 15:41:16.689 [info] > git show --textconv :super-shop-ui/src/components/admin/Product/EditProduct.js [23ms]
2022-12-16 15:41:16.699 [info] > git ls-files --stage -- /home/dipesh/Documents/GitRemote/SuperShop-Online-Store/super-shop-ui/src/components/admin/Product/EditProduct.js [17ms]
2022-12-16 15:41:16.714 [info] > git cat-file -s d102e57e0c3399bfcd79952fa376522a7a49584a [4ms]
2022-12-16 15:41:31.166 [info] > git config --get commit.template [2ms]
2022-12-16 15:41:31.179 [info] > git for-each-ref --format=%(refname)%00%(upstream:short)%00%(objectname)%00%(upstream:track)%00%(upstream:remotename)%00%(upstream:remoteref) refs/heads/modifying-admin-ui refs/remotes/modifying-admin-ui [2ms]
2022-12-16 15:41:31.216 [info] > git for-each-ref --sort -committerdate --format %(refname) %(objectname) %(*objectname) [10ms]
2022-12-16 15:41:31.495 [info] > git status -z -uall [302ms]
2022-12-16 15:41:36.526 [info] > git config --get commit.template [13ms]
2022-12-16 15:41:36.526 [info] > git for-each-ref --format=%(refname)%00%(upstream:short)%00%(objectname)%00%(upstream:track)%00%(upstream:remotename)%00%(upstream:remoteref) refs/heads/modifying-admin-ui refs/remotes/modifying-admin-ui [2ms]
2022-12-16 15:41:36.567 [info] > git for-each-ref --sort -committerdate --format %(refname) %(objectname) %(*objectname) [15ms]
2022-12-16 15:41:36.748 [info] > git status -z -uall [210ms]
2022-12-16 15:41:44.051 [info] > git config --get commit.template [31ms]
2022-12-16 15:41:44.052 [info] > git for-each-ref --format=%(refname)%00%(upstream:short)%00%(objectname)%00%(upstream:track)%00%(upstream:remotename)%00%(upstream:remoteref) refs/heads/modifying-admin-ui refs/remotes/modifying-admin-ui [4ms]
2022-12-16 15:41:44.124 [info] > git for-each-ref --sort -committerdate --format %(refname) %(objectname) %(*objectname) [16ms]
2022-12-16 15:41:44.366 [info] > git status -z -uall [289ms]
2022-12-16 15:41:56.037 [info] > git ls-files --stage -- /home/dipesh/Documents/GitRemote/SuperShop-Online-Store/super-shop-ui/src/services/OrderService.js [33ms]
2022-12-16 15:41:56.063 [info] > git show --textconv :super-shop-ui/src/services/OrderService.js [91ms]
2022-12-16 15:41:56.093 [info] > git cat-file -s 0e7c6f019442f0b46a364bfe4c04afc2c1edfdb4 [25ms]
2022-12-16 15:41:58.488 [info] > git show --textconv :super-shop-ui/src/App.js [28ms]
2022-12-16 15:41:58.510 [info] > git ls-files --stage -- /home/dipesh/Documents/GitRemote/SuperShop-Online-Store/super-shop-ui/src/App.js [24ms]
2022-12-16 15:41:58.558 [info] > git cat-file -s eafffdb4e009ded3c82832ac042289c1c2f6dcf2 [7ms]
2022-12-16 15:42:04.003 [info] > git config --get commit.template [18ms]
2022-12-16 15:42:04.003 [info] > git for-each-ref --format=%(refname)%00%(upstream:short)%00%(objectname)%00%(upstream:track)%00%(upstream:remotename)%00%(upstream:remoteref) refs/heads/modifying-admin-ui refs/remotes/modifying-admin-ui [2ms]
2022-12-16 15:42:04.043 [info] > git for-each-ref --sort -committerdate --format %(refname) %(objectname) %(*objectname) [5ms]
2022-12-16 15:42:04.585 [info] > git status -z -uall [566ms]
2022-12-16 15:42:18.720 [info] > git config --get commit.template [24ms]
2022-12-16 15:42:18.725 [info] > git for-each-ref --format=%(refname)%00%(upstream:short)%00%(objectname)%00%(upstream:track)%00%(upstream:remotename)%00%(upstream:remoteref) refs/heads/modifying-admin-ui refs/remotes/modifying-admin-ui [6ms]
2022-12-16 15:42:18.769 [info] > git for-each-ref --sort -committerdate --format %(refname) %(objectname) %(*objectname) [9ms]
2022-12-16 15:42:19.152 [info] > git status -z -uall [411ms]
2022-12-16 15:42:24.183 [info] > git config --get commit.template [12ms]
2022-12-16 15:42:24.184 [info] > git for-each-ref --format=%(refname)%00%(upstream:short)%00%(objectname)%00%(upstream:track)%00%(upstream:remotename)%00%(upstream:remoteref) refs/heads/modifying-admin-ui refs/remotes/modifying-admin-ui [2ms]
2022-12-16 15:42:24.225 [info] > git for-each-ref --sort -committerdate --format %(refname) %(objectname) %(*objectname) [4ms]
2022-12-16 15:42:24.521 [info] > git status -z -uall [314ms]
2022-12-16 15:42:29.552 [info] > git config --get commit.template [14ms]
2022-12-16 15:42:29.553 [info] > git for-each-ref --format=%(refname)%00%(upstream:short)%00%(objectname)%00%(upstream:track)%00%(upstream:remotename)%00%(upstream:remoteref) refs/heads/modifying-admin-ui refs/remotes/modifying-admin-ui [3ms]
2022-12-16 15:42:29.586 [info] > git for-each-ref --sort -committerdate --format %(refname) %(objectname) %(*objectname) [3ms]
2022-12-16 15:42:29.791 [info] > git status -z -uall [226ms]
2022-12-16 15:43:09.349 [info] > git config --get commit.template [19ms]
2022-12-16 15:43:09.353 [info] > git for-each-ref --format=%(refname)%00%(upstream:short)%00%(objectname)%00%(upstream:track)%00%(upstream:remotename)%00%(upstream:remoteref) refs/heads/modifying-admin-ui refs/remotes/modifying-admin-ui [5ms]
2022-12-16 15:43:09.397 [info] > git for-each-ref --sort -committerdate --format %(refname) %(objectname) %(*objectname) [11ms]
2022-12-16 15:43:09.716 [info] > git status -z -uall [345ms]
2022-12-16 15:43:14.748 [info] > git config --get commit.template [12ms]
2022-12-16 15:43:14.748 [info] > git for-each-ref --format=%(refname)%00%(upstream:short)%00%(objectname)%00%(upstream:track)%00%(upstream:remotename)%00%(upstream:remoteref) refs/heads/modifying-admin-ui refs/remotes/modifying-admin-ui [2ms]
2022-12-16 15:43:14.772 [info] > git for-each-ref --sort -committerdate --format %(refname) %(objectname) %(*objectname) [2ms]
2022-12-16 15:43:14.984 [info] > git status -z -uall [226ms]
2022-12-16 15:43:20.012 [info] > git config --get commit.template [12ms]
2022-12-16 15:43:20.013 [info] > git for-each-ref --format=%(refname)%00%(upstream:short)%00%(objectname)%00%(upstream:track)%00%(upstream:remotename)%00%(upstream:remoteref) refs/heads/modifying-admin-ui refs/remotes/modifying-admin-ui [2ms]
2022-12-16 15:43:20.041 [info] > git for-each-ref --sort -committerdate --format %(refname) %(objectname) %(*objectname) [3ms]
2022-12-16 15:43:20.228 [info] > git status -z -uall [201ms]
2022-12-16 15:43:26.657 [info] > git config --get commit.template [4ms]
2022-12-16 15:43:26.683 [info] > git for-each-ref --format=%(refname)%00%(upstream:short)%00%(objectname)%00%(upstream:track)%00%(upstream:remotename)%00%(upstream:remoteref) refs/heads/modifying-admin-ui refs/remotes/modifying-admin-ui [13ms]
2022-12-16 15:43:26.723 [info] > git for-each-ref --sort -committerdate --format %(refname) %(objectname) %(*objectname) [4ms]
2022-12-16 15:43:26.937 [info] > git status -z -uall [235ms]
2022-12-16 15:43:31.965 [info] > git config --get commit.template [10ms]
2022-12-16 15:43:31.966 [info] > git for-each-ref --format=%(refname)%00%(upstream:short)%00%(objectname)%00%(upstream:track)%00%(upstream:remotename)%00%(upstream:remoteref) refs/heads/modifying-admin-ui refs/remotes/modifying-admin-ui [2ms]
2022-12-16 15:43:31.986 [info] > git for-each-ref --sort -committerdate --format %(refname) %(objectname) %(*objectname) [2ms]
2022-12-16 15:43:32.162 [info] > git status -z -uall [189ms]
2022-12-16 15:43:37.194 [info] > git config --get commit.template [3ms]
2022-12-16 15:43:37.222 [info] > git for-each-ref --format=%(refname)%00%(upstream:short)%00%(objectname)%00%(upstream:track)%00%(upstream:remotename)%00%(upstream:remoteref) refs/heads/modifying-admin-ui refs/remotes/modifying-admin-ui [12ms]
2022-12-16 15:43:37.257 [info] > git for-each-ref --sort -committerdate --format %(refname) %(objectname) %(*objectname) [6ms]
2022-12-16 15:43:37.584 [info] > git status -z -uall [352ms]
2022-12-16 15:43:42.623 [info] > git config --get commit.template [18ms]
2022-12-16 15:43:42.624 [info] > git for-each-ref --format=%(refname)%00%(upstream:short)%00%(objectname)%00%(upstream:track)%00%(upstream:remotename)%00%(upstream:remoteref) refs/heads/modifying-admin-ui refs/remotes/modifying-admin-ui [3ms]
2022-12-16 15:43:42.650 [info] > git for-each-ref --sort -committerdate --format %(refname) %(objectname) %(*objectname) [4ms]
2022-12-16 15:43:42.877 [info] > git status -z -uall [241ms]
2022-12-16 15:43:47.904 [info] > git config --get commit.template [10ms]
2022-12-16 15:43:47.905 [info] > git for-each-ref --format=%(refname)%00%(upstream:short)%00%(objectname)%00%(upstream:track)%00%(upstream:remotename)%00%(upstream:remoteref) refs/heads/modifying-admin-ui refs/remotes/modifying-admin-ui [2ms]
2022-12-16 15:43:47.926 [info] > git for-each-ref --sort -committerdate --format %(refname) %(objectname) %(*objectname) [3ms]
2022-12-16 15:43:48.203 [info] > git status -z -uall [289ms]
2022-12-16 15:43:53.230 [info] > git config --get commit.template [13ms]
2022-12-16 15:43:53.231 [info] > git for-each-ref --format=%(refname)%00%(upstream:short)%00%(objectname)%00%(upstream:track)%00%(upstream:remotename)%00%(upstream:remoteref) refs/heads/modifying-admin-ui refs/remotes/modifying-admin-ui [3ms]
2022-12-16 15:43:53.284 [info] > git for-each-ref --sort -committerdate --format %(refname) %(objectname) %(*objectname) [23ms]
2022-12-16 15:43:53.544 [info] > git status -z -uall [299ms]
2022-12-16 15:43:58.574 [info] > git config --get commit.template [5ms]
2022-12-16 15:43:58.593 [info] > git for-each-ref --format=%(refname)%00%(upstream:short)%00%(objectname)%00%(upstream:track)%00%(upstream:remotename)%00%(upstream:remoteref) refs/heads/modifying-admin-ui refs/remotes/modifying-admin-ui [2ms]
2022-12-16 15:43:58.623 [info] > git for-each-ref --sort -committerdate --format %(refname) %(objectname) %(*objectname) [4ms]
2022-12-16 15:43:58.850 [info] > git status -z -uall [245ms]
2022-12-16 15:44:03.867 [info] > git config --get commit.template [1ms]
2022-12-16 15:44:03.879 [info] > git for-each-ref --format=%(refname)%00%(upstream:short)%00%(objectname)%00%(upstream:track)%00%(upstream:remotename)%00%(upstream:remoteref) refs/heads/modifying-admin-ui refs/remotes/modifying-admin-ui [2ms]
2022-12-16 15:44:03.917 [info] > git for-each-ref --sort -committerdate --format %(refname) %(objectname) %(*objectname) [8ms]
2022-12-16 15:44:04.130 [info] > git status -z -uall [236ms]
2022-12-16 15:44:09.544 [info] > git config --get commit.template [13ms]
2022-12-16 15:44:09.545 [info] > git for-each-ref --format=%(refname)%00%(upstream:short)%00%(objectname)%00%(upstream:track)%00%(upstream:remotename)%00%(upstream:remoteref) refs/heads/modifying-admin-ui refs/remotes/modifying-admin-ui [2ms]
2022-12-16 15:44:09.572 [info] > git for-each-ref --sort -committerdate --format %(refname) %(objectname) %(*objectname) [3ms]
2022-12-16 15:44:09.763 [info] > git status -z -uall [206ms]
2022-12-16 15:44:14.797 [info] > git config --get commit.template [11ms]
2022-12-16 15:44:14.799 [info] > git for-each-ref --format=%(refname)%00%(upstream:short)%00%(objectname)%00%(upstream:track)%00%(upstream:remotename)%00%(upstream:remoteref) refs/heads/modifying-admin-ui refs/remotes/modifying-admin-ui [2ms]
2022-12-16 15:44:14.824 [info] > git for-each-ref --sort -committerdate --format %(refname) %(objectname) %(*objectname) [3ms]
2022-12-16 15:44:15.039 [info] > git status -z -uall [231ms]
2022-12-16 15:44:20.067 [info] > git config --get commit.template [11ms]
2022-12-16 15:44:20.068 [info] > git for-each-ref --format=%(refname)%00%(upstream:short)%00%(objectname)%00%(upstream:track)%00%(upstream:remotename)%00%(upstream:remoteref) refs/heads/modifying-admin-ui refs/remotes/modifying-admin-ui [2ms]
2022-12-16 15:44:20.107 [info] > git for-each-ref --sort -committerdate --format %(refname) %(objectname) %(*objectname) [8ms]
2022-12-16 15:44:20.311 [info] > git status -z -uall [230ms]
2022-12-16 15:44:23.873 [info] > git show --textconv :super-shop-ui/src/components/admin/Product/EditProduct.js [33ms]
2022-12-16 15:44:23.892 [info] > git ls-files --stage -- /home/dipesh/Documents/GitRemote/SuperShop-Online-Store/super-shop-ui/src/components/admin/Product/EditProduct.js [22ms]
2022-12-16 15:44:23.908 [info] > git cat-file -s d102e57e0c3399bfcd79952fa376522a7a49584a [2ms]
2022-12-16 15:45:13.988 [info] > git config --get commit.template [20ms]
2022-12-16 15:45:13.992 [info] > git for-each-ref --format=%(refname)%00%(upstream:short)%00%(objectname)%00%(upstream:track)%00%(upstream:remotename)%00%(upstream:remoteref) refs/heads/modifying-admin-ui refs/remotes/modifying-admin-ui [5ms]
2022-12-16 15:45:14.083 [info] > git for-each-ref --sort -committerdate --format %(refname) %(objectname) %(*objectname) [39ms]
2022-12-16 15:45:14.426 [info] > git status -z -uall [401ms]
2022-12-16 15:45:19.462 [info] > git config --get commit.template [13ms]
2022-12-16 15:45:19.462 [info] > git for-each-ref --format=%(refname)%00%(upstream:short)%00%(objectname)%00%(upstream:track)%00%(upstream:remotename)%00%(upstream:remoteref) refs/heads/modifying-admin-ui refs/remotes/modifying-admin-ui [1ms]
2022-12-16 15:45:19.522 [info] > git for-each-ref --sort -committerdate --format %(refname) %(objectname) %(*objectname) [1ms]
2022-12-16 15:45:19.776 [info] > git status -z -uall [301ms]
2022-12-16 15:45:24.808 [info] > git config --get commit.template [15ms]
2022-12-16 15:45:24.809 [info] > git for-each-ref --format=%(refname)%00%(upstream:short)%00%(objectname)%00%(upstream:track)%00%(upstream:remotename)%00%(upstream:remoteref) refs/heads/modifying-admin-ui refs/remotes/modifying-admin-ui [2ms]
2022-12-16 15:45:24.837 [info] > git for-each-ref --sort -committerdate --format %(refname) %(objectname) %(*objectname) [1ms]
2022-12-16 15:45:25.102 [info] > git status -z -uall [281ms]
2022-12-16 15:45:30.137 [info] > git config --get commit.template [14ms]
2022-12-16 15:45:30.138 [info] > git for-each-ref --format=%(refname)%00%(upstream:short)%00%(objectname)%00%(upstream:track)%00%(upstream:remotename)%00%(upstream:remoteref) refs/heads/modifying-admin-ui refs/remotes/modifying-admin-ui [2ms]
2022-12-16 15:45:30.169 [info] > git for-each-ref --sort -committerdate --format %(refname) %(objectname) %(*objectname) [4ms]
2022-12-16 15:45:30.393 [info] > git status -z -uall [242ms]
2022-12-16 15:45:35.423 [info] > git config --get commit.template [11ms]
2022-12-16 15:45:35.424 [info] > git for-each-ref --format=%(refname)%00%(upstream:short)%00%(objectname)%00%(upstream:track)%00%(upstream:remotename)%00%(upstream:remoteref) refs/heads/modifying-admin-ui refs/remotes/modifying-admin-ui [2ms]
2022-12-16 15:45:35.466 [info] > git for-each-ref --sort -committerdate --format %(refname) %(objectname) %(*objectname) [19ms]
2022-12-16 15:45:35.614 [info] > git status -z -uall [181ms]
2022-12-16 15:45:44.192 [info] > git config --get commit.template [12ms]
2022-12-16 15:45:44.193 [info] > git for-each-ref --format=%(refname)%00%(upstream:short)%00%(objectname)%00%(upstream:track)%00%(upstream:remotename)%00%(upstream:remoteref) refs/heads/modifying-admin-ui refs/remotes/modifying-admin-ui [2ms]
2022-12-16 15:45:44.223 [info] > git for-each-ref --sort -committerdate --format %(refname) %(objectname) %(*objectname) [2ms]
2022-12-16 15:45:44.395 [info] > git status -z -uall [188ms]
2022-12-16 15:45:49.416 [info] > git config --get commit.template [2ms]
2022-12-16 15:45:49.433 [info] > git for-each-ref --format=%(refname)%00%(upstream:short)%00%(objectname)%00%(upstream:track)%00%(upstream:remotename)%00%(upstream:remoteref) refs/heads/modifying-admin-ui refs/remotes/modifying-admin-ui [3ms]
2022-12-16 15:45:49.460 [info] > git for-each-ref --sort -committerdate --format %(refname) %(objectname) %(*objectname) [4ms]
2022-12-16 15:45:49.639 [info] > git status -z -uall [197ms]
2022-12-16 15:45:54.670 [info] > git config --get commit.template [11ms]
2022-12-16 15:45:54.670 [info] > git for-each-ref --format=%(refname)%00%(upstream:short)%00%(objectname)%00%(upstream:track)%00%(upstream:remotename)%00%(upstream:remoteref) refs/heads/modifying-admin-ui refs/remotes/modifying-admin-ui [1ms]
2022-12-16 15:45:54.705 [info] > git for-each-ref --sort -committerdate --format %(refname) %(objectname) %(*objectname) [2ms]
2022-12-16 15:45:54.906 [info] > git status -z -uall [223ms]
2022-12-16 15:45:59.940 [info] > git config --get commit.template [13ms]
2022-12-16 15:45:59.941 [info] > git for-each-ref --format=%(refname)%00%(upstream:short)%00%(objectname)%00%(upstream:track)%00%(upstream:remotename)%00%(upstream:remoteref) refs/heads/modifying-admin-ui refs/remotes/modifying-admin-ui [2ms]
2022-12-16 15:45:59.971 [info] > git for-each-ref --sort -committerdate --format %(refname) %(objectname) %(*objectname) [4ms]
2022-12-16 15:46:00.179 [info] > git status -z -uall [225ms]
2022-12-16 15:46:05.219 [info] > git config --get commit.template [19ms]
2022-12-16 15:46:05.220 [info] > git for-each-ref --format=%(refname)%00%(upstream:short)%00%(objectname)%00%(upstream:track)%00%(upstream:remotename)%00%(upstream:remoteref) refs/heads/modifying-admin-ui refs/remotes/modifying-admin-ui [2ms]
2022-12-16 15:46:05.257 [info] > git for-each-ref --sort -committerdate --format %(refname) %(objectname) %(*objectname) [3ms]
2022-12-16 15:46:05.587 [info] > git status -z -uall [350ms]
2022-12-16 15:46:16.258 [info] > git config --get commit.template [47ms]
2022-12-16 15:46:16.276 [info] > git for-each-ref --format=%(refname)%00%(upstream:short)%00%(objectname)%00%(upstream:track)%00%(upstream:remotename)%00%(upstream:remoteref) refs/heads/modifying-admin-ui refs/remotes/modifying-admin-ui [21ms]
2022-12-16 15:46:16.419 [info] > git for-each-ref --sort -committerdate --format %(refname) %(objectname) %(*objectname) [97ms]
2022-12-16 15:46:16.774 [info] > git status -z -uall [475ms]
2022-12-16 15:46:30.825 [info] > git config --get commit.template [20ms]
2022-12-16 15:46:30.834 [info] > git for-each-ref --format=%(refname)%00%(upstream:short)%00%(objectname)%00%(upstream:track)%00%(upstream:remotename)%00%(upstream:remoteref) refs/heads/modifying-admin-ui refs/remotes/modifying-admin-ui [10ms]
2022-12-16 15:46:30.880 [info] > git for-each-ref --sort -committerdate --format %(refname) %(objectname) %(*objectname) [3ms]
2022-12-16 15:46:31.361 [info] > git status -z -uall [511ms]
2022-12-16 15:46:36.393 [info] > git config --get commit.template [14ms]
2022-12-16 15:46:36.397 [info] > git for-each-ref --format=%(refname)%00%(upstream:short)%00%(objectname)%00%(upstream:track)%00%(upstream:remotename)%00%(upstream:remoteref) refs/heads/modifying-admin-ui refs/remotes/modifying-admin-ui [3ms]
2022-12-16 15:46:36.432 [info] > git for-each-ref --sort -committerdate --format %(refname) %(objectname) %(*objectname) [3ms]
2022-12-16 15:46:36.631 [info] > git status -z -uall [220ms]
2022-12-16 15:46:42.010 [info] > git config --get commit.template [17ms]
2022-12-16 15:46:42.013 [info] > git for-each-ref --format=%(refname)%00%(upstream:short)%00%(objectname)%00%(upstream:track)%00%(upstream:remotename)%00%(upstream:remoteref) refs/heads/modifying-admin-ui refs/remotes/modifying-admin-ui [4ms]
2022-12-16 15:46:42.056 [info] > git for-each-ref --sort -committerdate --format %(refname) %(objectname) %(*objectname) [6ms]
2022-12-16 15:46:42.329 [info] > git status -z -uall [303ms]
2022-12-16 15:46:55.108 [info] > git config --get commit.template [16ms]
2022-12-16 15:46:55.108 [info] > git for-each-ref --format=%(refname)%00%(upstream:short)%00%(objectname)%00%(upstream:track)%00%(upstream:remotename)%00%(upstream:remoteref) refs/heads/modifying-admin-ui refs/remotes/modifying-admin-ui [2ms]
2022-12-16 15:46:55.136 [info] > git for-each-ref --sort -committerdate --format %(refname) %(objectname) %(*objectname) [3ms]
2022-12-16 15:46:55.330 [info] > git status -z -uall [210ms]
2022-12-16 15:47:11.623 [info] > git config --get commit.template [47ms]
2022-12-16 15:47:11.639 [info] > git for-each-ref --format=%(refname)%00%(upstream:short)%00%(objectname)%00%(upstream:track)%00%(upstream:remotename)%00%(upstream:remoteref) refs/heads/modifying-admin-ui refs/remotes/modifying-admin-ui [21ms]
2022-12-16 15:47:11.698 [info] > git for-each-ref --sort -committerdate --format %(refname) %(objectname) %(*objectname) [15ms]
2022-12-16 15:47:12.102 [info] > git status -z -uall [442ms]
2022-12-16 15:47:19.428 [info] > git config --get commit.template [15ms]
2022-12-16 15:47:19.431 [info] > git for-each-ref --format=%(refname)%00%(upstream:short)%00%(objectname)%00%(upstream:track)%00%(upstream:remotename)%00%(upstream:remoteref) refs/heads/modifying-admin-ui refs/remotes/modifying-admin-ui [5ms]
2022-12-16 15:47:19.460 [info] > git for-each-ref --sort -committerdate --format %(refname) %(objectname) %(*objectname) [3ms]
2022-12-16 15:47:19.703 [info] > git status -z -uall [260ms]
2022-12-16 15:47:24.738 [info] > git config --get commit.template [12ms]
2022-12-16 15:47:24.739 [info] > git for-each-ref --format=%(refname)%00%(upstream:short)%00%(objectname)%00%(upstream:track)%00%(upstream:remotename)%00%(upstream:remoteref) refs/heads/modifying-admin-ui refs/remotes/modifying-admin-ui [2ms]
2022-12-16 15:47:24.777 [info] > git for-each-ref --sort -committerdate --format %(refname) %(objectname) %(*objectname) [13ms]
2022-12-16 15:47:24.941 [info] > git status -z -uall [192ms]
2022-12-16 15:47:42.139 [info] > git config --get commit.template [13ms]
2022-12-16 15:47:42.143 [info] > git for-each-ref --format=%(refname)%00%(upstream:short)%00%(objectname)%00%(upstream:track)%00%(upstream:remotename)%00%(upstream:remoteref) refs/heads/modifying-admin-ui refs/remotes/modifying-admin-ui [5ms]
2022-12-16 15:47:42.199 [info] > git for-each-ref --sort -committerdate --format %(refname) %(objectname) %(*objectname) [4ms]
2022-12-16 15:47:42.393 [info] > git status -z -uall [215ms]
2022-12-16 15:47:55.911 [info] > git config --get commit.template [19ms]
2022-12-16 15:47:55.913 [info] > git for-each-ref --format=%(refname)%00%(upstream:short)%00%(objectname)%00%(upstream:track)%00%(upstream:remotename)%00%(upstream:remoteref) refs/heads/modifying-admin-ui refs/remotes/modifying-admin-ui [4ms]
2022-12-16 15:47:55.951 [info] > git for-each-ref --sort -committerdate --format %(refname) %(objectname) %(*objectname) [3ms]
2022-12-16 15:47:56.296 [info] > git status -z -uall [368ms]
2022-12-16 15:48:01.334 [info] > git config --get commit.template [15ms]
2022-12-16 15:48:01.335 [info] > git for-each-ref --format=%(refname)%00%(upstream:short)%00%(objectname)%00%(upstream:track)%00%(upstream:remotename)%00%(upstream:remoteref) refs/heads/modifying-admin-ui refs/remotes/modifying-admin-ui [2ms]
2022-12-16 15:48:01.365 [info] > git for-each-ref --sort -committerdate --format %(refname) %(objectname) %(*objectname) [3ms]
2022-12-16 15:48:01.598 [info] > git status -z -uall [249ms]
2022-12-16 15:48:12.989 [info] > git config --get commit.template [38ms]
2022-12-16 15:48:12.997 [info] > git for-each-ref --format=%(refname)%00%(upstream:short)%00%(objectname)%00%(upstream:track)%00%(upstream:remotename)%00%(upstream:remoteref) refs/heads/modifying-admin-ui refs/remotes/modifying-admin-ui [10ms]
2022-12-16 15:48:13.083 [info] > git for-each-ref --sort -committerdate --format %(refname) %(objectname) %(*objectname) [30ms]
2022-12-16 15:48:13.546 [info] > git status -z -uall [533ms]
2022-12-16 15:48:18.583 [info] > git config --get commit.template [13ms]
2022-12-16 15:48:18.584 [info] > git for-each-ref --format=%(refname)%00%(upstream:short)%00%(objectname)%00%(upstream:track)%00%(upstream:remotename)%00%(upstream:remoteref) refs/heads/modifying-admin-ui refs/remotes/modifying-admin-ui [2ms]
2022-12-16 15:48:18.614 [info] > git for-each-ref --sort -committerdate --format %(refname) %(objectname) %(*objectname) [6ms]
2022-12-16 15:48:18.829 [info] > git status -z -uall [235ms]
2022-12-16 15:48:23.862 [info] > git config --get commit.template [14ms]
2022-12-16 15:48:23.863 [info] > git for-each-ref --format=%(refname)%00%(upstream:short)%00%(objectname)%00%(upstream:track)%00%(upstream:remotename)%00%(upstream:remoteref) refs/heads/modifying-admin-ui refs/remotes/modifying-admin-ui [3ms]
2022-12-16 15:48:23.886 [info] > git for-each-ref --sort -committerdate --format %(refname) %(objectname) %(*objectname) [2ms]
2022-12-16 15:48:24.055 [info] > git status -z -uall [182ms]
2022-12-16 15:48:29.076 [info] > git config --get commit.template [3ms]
2022-12-16 15:48:29.090 [info] > git for-each-ref --format=%(refname)%00%(upstream:short)%00%(objectname)%00%(upstream:track)%00%(upstream:remotename)%00%(upstream:remoteref) refs/heads/modifying-admin-ui refs/remotes/modifying-admin-ui [2ms]
2022-12-16 15:48:29.136 [info] > git for-each-ref --sort -committerdate --format %(refname) %(objectname) %(*objectname) [11ms]
2022-12-16 15:48:29.313 [info] > git status -z -uall [211ms]
2022-12-16 15:48:34.344 [info] > git config --get commit.template [14ms]
2022-12-16 15:48:34.345 [info] > git for-each-ref --format=%(refname)%00%(upstream:short)%00%(objectname)%00%(upstream:track)%00%(upstream:remotename)%00%(upstream:remoteref) refs/heads/modifying-admin-ui refs/remotes/modifying-admin-ui [2ms]
2022-12-16 15:48:34.378 [info] > git for-each-ref --sort -committerdate --format %(refname) %(objectname) %(*objectname) [2ms]
2022-12-16 15:48:34.653 [info] > git status -z -uall [296ms]
2022-12-16 15:49:01.258 [info] > git config --get commit.template [12ms]
2022-12-16 15:49:01.259 [info] > git for-each-ref --format=%(refname)%00%(upstream:short)%00%(objectname)%00%(upstream:track)%00%(upstream:remotename)%00%(upstream:remoteref) refs/heads/modifying-admin-ui refs/remotes/modifying-admin-ui [1ms]
2022-12-16 15:49:01.314 [info] > git for-each-ref --sort -committerdate --format %(refname) %(objectname) %(*objectname) [6ms]
2022-12-16 15:49:01.460 [info] > git status -z -uall [192ms]
