2022-12-15 20:33:25.050 [info] Extension host with pid 5240 started
2022-12-15 20:33:25.051 [info] Skipping acquiring lock for /home/dipesh/.config/Code/User/workspaceStorage/a04985a20445c0099d64003b9c33e1d5.
2022-12-15 20:33:25.434 [info] ExtensionService#_doActivateExtension vscode.typescript-language-features, startup: false, activationEvent: 'onLanguage:javascript'
2022-12-15 20:33:25.436 [info] ExtensionService#_doActivateExtension dsznajder.es7-react-js-snippets, startup: false, activationEvent: 'onLanguage:javascript'
2022-12-15 20:33:25.436 [info] ExtensionService#_doActivateExtension vscode.microsoft-authentication, startup: false, activationEvent: 'onAuthenticationRequest:microsoft'
2022-12-15 20:33:25.437 [info] ExtensionService#_doActivateExtension vscode.git-base, startup: true, activationEvent: '*', root cause: vscode.git
2022-12-15 20:33:25.437 [info] ExtensionService#_doActivateExtension vscode.npm, startup: true, activationEvent: 'workspaceContains:package.json'
2022-12-15 20:33:28.054 [info] ExtensionService#_doActivateExtension vscode.git, startup: true, activationEvent: '*'
2022-12-15 20:33:28.059 [info] ExtensionService#_doActivateExtension vscode.github, startup: true, activationEvent: '*'
2022-12-15 20:33:29.079 [info] Eager extensions activated
2022-12-15 20:33:29.336 [info] ExtensionService#_doActivateExtension vscode.debug-auto-launch, startup: false, activationEvent: 'onStartupFinished'
2022-12-15 20:33:29.337 [info] ExtensionService#_doActivateExtension vscode.emmet, startup: false, activationEvent: 'onStartupFinished'
2022-12-15 20:33:29.338 [info] ExtensionService#_doActivateExtension vscode.merge-conflict, startup: false, activationEvent: 'onStartupFinished'
2022-12-15 20:33:29.338 [info] ExtensionService#_doActivateExtension bradlc.vscode-tailwindcss, startup: false, activationEvent: 'onStartupFinished'
2022-12-15 20:33:29.339 [info] ExtensionService#_doActivateExtension esbenp.prettier-vscode, startup: false, activationEvent: 'onStartupFinished'
2022-12-15 20:33:29.339 [info] ExtensionService#_doActivateExtension ritwickdey.LiveServer, startup: false, activationEvent: 'onStartupFinished'
2022-12-15 20:33:29.339 [info] ExtensionService#_doActivateExtension vscode.github-authentication, startup: false, activationEvent: 'onAuthenticationRequest:github'
2022-12-15 20:41:07.893 [info] ExtensionService#_doActivateExtension equinusocio.vsc-material-theme-icons, startup: false, activationEvent: 'onStartupFinished'
2022-12-15 20:41:07.895 [info] ExtensionService#_doActivateExtension Equinusocio.vsc-material-theme, startup: false, activationEvent: 'onStartupFinished'
2022-12-15 20:41:14.076 [info] ExtensionService#_doActivateExtension vscode.html-language-features, startup: false, activationEvent: 'onLanguage:html'
2022-12-15 20:42:17.054 [info] ExtensionService#_doActivateExtension vscode.configuration-editing, startup: false, activationEvent: 'onLanguage:jsonc'
2022-12-15 20:42:17.055 [info] ExtensionService#_doActivateExtension vscode.json-language-features, startup: false, activationEvent: 'onLanguage:jsonc'
2022-12-15 20:42:23.662 [error] [bradlc.vscode-tailwindcss] provider FAILED
2022-12-15 20:42:23.666 [error] TypeError: Cannot read properties of null (reading 'filter')
	at Object.<anonymous> (/home/dipesh/.vscode/extensions/bradlc.vscode-tailwindcss-0.9.1/dist/extension.js:39:69679)
	at Generator.next (<anonymous>)
	at o (/home/dipesh/.vscode/extensions/bradlc.vscode-tailwindcss-0.9.1/dist/extension.js:1:1247)
2022-12-15 20:45:27.509 [info] Extension host terminating: received terminate message from renderer
2022-12-15 20:45:27.812 [info] Extension host with pid 5240 exiting with code 0
