["INFO" - 3:33:33 pm] Extension Name: esbenp.prettier-vscode.
["INFO" - 3:33:33 pm] Extension Version: 9.10.3.
["INFO" - 3:41:06 pm] Formatting file:///home/dipesh/Documents/GitRemote/SuperShop-Online-Store/super-shop-ui/src/components/admin/order/OrderDetail.js
["INFO" - 3:41:06 pm] Using ignore file (if present) at /home/dipesh/Documents/GitRemote/SuperShop-Online-Store/super-shop-ui/.prettierignore
["INFO" - 3:41:06 pm] File Info:
{
  "ignored": false,
  "inferredParser": "babel"
}
["INFO" - 3:41:06 pm] No local configuration (i.e. .prettierrc or .editorconfig) detected, falling back to VS Code configuration
["INFO" - 3:41:06 pm] Prettier Options:
{
  "arrowParens": "always",
  "bracketSpacing": true,
  "endOfLine": "lf",
  "htmlWhitespaceSensitivity": "css",
  "insertPragma": false,
  "singleAttributePerLine": false,
  "bracketSameLine": false,
  "jsxBracketSameLine": false,
  "jsxSingleQuote": false,
  "printWidth": 80,
  "proseWrap": "preserve",
  "quoteProps": "as-needed",
  "requirePragma": false,
  "semi": true,
  "singleQuote": false,
  "tabWidth": 2,
  "trailingComma": "es5",
  "useTabs": false,
  "vueIndentScriptAndStyle": false,
  "filepath": "/home/dipesh/Documents/GitRemote/SuperShop-Online-Store/super-shop-ui/src/components/admin/order/OrderDetail.js",
  "parser": "babel"
}
["INFO" - 3:41:06 pm] Formatting completed in 219ms.
["INFO" - 3:43:21 pm] Formatting file:///home/dipesh/Documents/GitRemote/SuperShop-Online-Store/super-shop-ui/src/components/admin/order/UpdateOrder.js
["INFO" - 3:43:21 pm] Using ignore file (if present) at /home/dipesh/Documents/GitRemote/SuperShop-Online-Store/super-shop-ui/.prettierignore
["INFO" - 3:43:21 pm] File Info:
{
  "ignored": false,
  "inferredParser": "babel"
}
["INFO" - 3:43:21 pm] No local configuration (i.e. .prettierrc or .editorconfig) detected, falling back to VS Code configuration
["INFO" - 3:43:21 pm] Prettier Options:
{
  "arrowParens": "always",
  "bracketSpacing": true,
  "endOfLine": "lf",
  "htmlWhitespaceSensitivity": "css",
  "insertPragma": false,
  "singleAttributePerLine": false,
  "bracketSameLine": false,
  "jsxBracketSameLine": false,
  "jsxSingleQuote": false,
  "printWidth": 80,
  "proseWrap": "preserve",
  "quoteProps": "as-needed",
  "requirePragma": false,
  "semi": true,
  "singleQuote": false,
  "tabWidth": 2,
  "trailingComma": "es5",
  "useTabs": false,
  "vueIndentScriptAndStyle": false,
  "filepath": "/home/dipesh/Documents/GitRemote/SuperShop-Online-Store/super-shop-ui/src/components/admin/order/UpdateOrder.js",
  "parser": "babel"
}
["INFO" - 3:43:21 pm] Formatting completed in 37ms.
["INFO" - 3:43:52 pm] Formatting file:///home/dipesh/Documents/GitRemote/SuperShop-Online-Store/super-shop-ui/src/components/admin/order/UpdateOrder.js
["INFO" - 3:43:52 pm] Using ignore file (if present) at /home/dipesh/Documents/GitRemote/SuperShop-Online-Store/super-shop-ui/.prettierignore
["INFO" - 3:43:52 pm] File Info:
{
  "ignored": false,
  "inferredParser": "babel"
}
["INFO" - 3:43:52 pm] No local configuration (i.e. .prettierrc or .editorconfig) detected, falling back to VS Code configuration
["INFO" - 3:43:52 pm] Prettier Options:
{
  "arrowParens": "always",
  "bracketSpacing": true,
  "endOfLine": "lf",
  "htmlWhitespaceSensitivity": "css",
  "insertPragma": false,
  "singleAttributePerLine": false,
  "bracketSameLine": false,
  "jsxBracketSameLine": false,
  "jsxSingleQuote": false,
  "printWidth": 80,
  "proseWrap": "preserve",
  "quoteProps": "as-needed",
  "requirePragma": false,
  "semi": true,
  "singleQuote": false,
  "tabWidth": 2,
  "trailingComma": "es5",
  "useTabs": false,
  "vueIndentScriptAndStyle": false,
  "filepath": "/home/dipesh/Documents/GitRemote/SuperShop-Online-Store/super-shop-ui/src/components/admin/order/UpdateOrder.js",
  "parser": "babel"
}
["INFO" - 3:43:52 pm] Formatting completed in 177ms.
["INFO" - 3:45:21 pm] Formatting file:///home/dipesh/Documents/GitRemote/SuperShop-Online-Store/super-shop-ui/src/components/admin/order/UpdateOrder.js
["INFO" - 3:45:21 pm] Using ignore file (if present) at /home/dipesh/Documents/GitRemote/SuperShop-Online-Store/super-shop-ui/.prettierignore
["INFO" - 3:45:21 pm] File Info:
{
  "ignored": false,
  "inferredParser": "babel"
}
["INFO" - 3:45:21 pm] No local configuration (i.e. .prettierrc or .editorconfig) detected, falling back to VS Code configuration
["INFO" - 3:45:21 pm] Prettier Options:
{
  "arrowParens": "always",
  "bracketSpacing": true,
  "endOfLine": "lf",
  "htmlWhitespaceSensitivity": "css",
  "insertPragma": false,
  "singleAttributePerLine": false,
  "bracketSameLine": false,
  "jsxBracketSameLine": false,
  "jsxSingleQuote": false,
  "printWidth": 80,
  "proseWrap": "preserve",
  "quoteProps": "as-needed",
  "requirePragma": false,
  "semi": true,
  "singleQuote": false,
  "tabWidth": 2,
  "trailingComma": "es5",
  "useTabs": false,
  "vueIndentScriptAndStyle": false,
  "filepath": "/home/dipesh/Documents/GitRemote/SuperShop-Online-Store/super-shop-ui/src/components/admin/order/UpdateOrder.js",
  "parser": "babel"
}
["INFO" - 3:45:21 pm] Formatting completed in 51ms.
["INFO" - 3:46:17 pm] Formatting file:///home/dipesh/Documents/GitRemote/SuperShop-Online-Store/super-shop-ui/src/components/admin/order/UpdateOrder.js
["INFO" - 3:46:17 pm] Using ignore file (if present) at /home/dipesh/Documents/GitRemote/SuperShop-Online-Store/super-shop-ui/.prettierignore
["INFO" - 3:46:17 pm] File Info:
{
  "ignored": false,
  "inferredParser": "babel"
}
["INFO" - 3:46:17 pm] No local configuration (i.e. .prettierrc or .editorconfig) detected, falling back to VS Code configuration
["INFO" - 3:46:17 pm] Prettier Options:
{
  "arrowParens": "always",
  "bracketSpacing": true,
  "endOfLine": "lf",
  "htmlWhitespaceSensitivity": "css",
  "insertPragma": false,
  "singleAttributePerLine": false,
  "bracketSameLine": false,
  "jsxBracketSameLine": false,
  "jsxSingleQuote": false,
  "printWidth": 80,
  "proseWrap": "preserve",
  "quoteProps": "as-needed",
  "requirePragma": false,
  "semi": true,
  "singleQuote": false,
  "tabWidth": 2,
  "trailingComma": "es5",
  "useTabs": false,
  "vueIndentScriptAndStyle": false,
  "filepath": "/home/dipesh/Documents/GitRemote/SuperShop-Online-Store/super-shop-ui/src/components/admin/order/UpdateOrder.js",
  "parser": "babel"
}
["INFO" - 3:46:17 pm] Formatting completed in 56ms.
["INFO" - 3:46:52 pm] Formatting file:///home/dipesh/Documents/GitRemote/SuperShop-Online-Store/super-shop-ui/src/components/admin/order/UpdateOrder.js
["INFO" - 3:46:52 pm] Using ignore file (if present) at /home/dipesh/Documents/GitRemote/SuperShop-Online-Store/super-shop-ui/.prettierignore
["INFO" - 3:46:52 pm] File Info:
{
  "ignored": false,
  "inferredParser": "babel"
}
["INFO" - 3:46:52 pm] No local configuration (i.e. .prettierrc or .editorconfig) detected, falling back to VS Code configuration
["INFO" - 3:46:52 pm] Prettier Options:
{
  "arrowParens": "always",
  "bracketSpacing": true,
  "endOfLine": "lf",
  "htmlWhitespaceSensitivity": "css",
  "insertPragma": false,
  "singleAttributePerLine": false,
  "bracketSameLine": false,
  "jsxBracketSameLine": false,
  "jsxSingleQuote": false,
  "printWidth": 80,
  "proseWrap": "preserve",
  "quoteProps": "as-needed",
  "requirePragma": false,
  "semi": true,
  "singleQuote": false,
  "tabWidth": 2,
  "trailingComma": "es5",
  "useTabs": false,
  "vueIndentScriptAndStyle": false,
  "filepath": "/home/dipesh/Documents/GitRemote/SuperShop-Online-Store/super-shop-ui/src/components/admin/order/UpdateOrder.js",
  "parser": "babel"
}
["INFO" - 3:46:52 pm] Formatting completed in 47ms.
["INFO" - 3:47:22 pm] Formatting file:///home/dipesh/Documents/GitRemote/SuperShop-Online-Store/super-shop-ui/src/components/admin/order/UpdateOrder.js
["INFO" - 3:47:22 pm] Using ignore file (if present) at /home/dipesh/Documents/GitRemote/SuperShop-Online-Store/super-shop-ui/.prettierignore
["INFO" - 3:47:22 pm] File Info:
{
  "ignored": false,
  "inferredParser": "babel"
}
["INFO" - 3:47:22 pm] No local configuration (i.e. .prettierrc or .editorconfig) detected, falling back to VS Code configuration
["INFO" - 3:47:22 pm] Prettier Options:
{
  "arrowParens": "always",
  "bracketSpacing": true,
  "endOfLine": "lf",
  "htmlWhitespaceSensitivity": "css",
  "insertPragma": false,
  "singleAttributePerLine": false,
  "bracketSameLine": false,
  "jsxBracketSameLine": false,
  "jsxSingleQuote": false,
  "printWidth": 80,
  "proseWrap": "preserve",
  "quoteProps": "as-needed",
  "requirePragma": false,
  "semi": true,
  "singleQuote": false,
  "tabWidth": 2,
  "trailingComma": "es5",
  "useTabs": false,
  "vueIndentScriptAndStyle": false,
  "filepath": "/home/dipesh/Documents/GitRemote/SuperShop-Online-Store/super-shop-ui/src/components/admin/order/UpdateOrder.js",
  "parser": "babel"
}
["INFO" - 3:47:22 pm] Formatting completed in 41ms.
["INFO" - 3:49:59 pm] Formatting file:///home/dipesh/Documents/GitRemote/SuperShop-Online-Store/super-shop-ui/src/services/OrderService.js
["INFO" - 3:49:59 pm] Using ignore file (if present) at /home/dipesh/Documents/GitRemote/SuperShop-Online-Store/super-shop-ui/.prettierignore
["INFO" - 3:49:59 pm] File Info:
{
  "ignored": false,
  "inferredParser": "babel"
}
["INFO" - 3:49:59 pm] No local configuration (i.e. .prettierrc or .editorconfig) detected, falling back to VS Code configuration
["INFO" - 3:49:59 pm] Prettier Options:
{
  "arrowParens": "always",
  "bracketSpacing": true,
  "endOfLine": "lf",
  "htmlWhitespaceSensitivity": "css",
  "insertPragma": false,
  "singleAttributePerLine": false,
  "bracketSameLine": false,
  "jsxBracketSameLine": false,
  "jsxSingleQuote": false,
  "printWidth": 80,
  "proseWrap": "preserve",
  "quoteProps": "as-needed",
  "requirePragma": false,
  "semi": true,
  "singleQuote": false,
  "tabWidth": 2,
  "trailingComma": "es5",
  "useTabs": false,
  "vueIndentScriptAndStyle": false,
  "filepath": "/home/dipesh/Documents/GitRemote/SuperShop-Online-Store/super-shop-ui/src/services/OrderService.js",
  "parser": "babel"
}
["INFO" - 3:49:59 pm] Formatting completed in 61ms.
["INFO" - 3:50:46 pm] Formatting file:///home/dipesh/Documents/GitRemote/SuperShop-Online-Store/super-shop-ui/src/components/admin/order/UpdateOrder.js
["INFO" - 3:50:46 pm] Using ignore file (if present) at /home/dipesh/Documents/GitRemote/SuperShop-Online-Store/super-shop-ui/.prettierignore
["INFO" - 3:50:46 pm] File Info:
{
  "ignored": false,
  "inferredParser": "babel"
}
["INFO" - 3:50:46 pm] No local configuration (i.e. .prettierrc or .editorconfig) detected, falling back to VS Code configuration
["INFO" - 3:50:46 pm] Prettier Options:
{
  "arrowParens": "always",
  "bracketSpacing": true,
  "endOfLine": "lf",
  "htmlWhitespaceSensitivity": "css",
  "insertPragma": false,
  "singleAttributePerLine": false,
  "bracketSameLine": false,
  "jsxBracketSameLine": false,
  "jsxSingleQuote": false,
  "printWidth": 80,
  "proseWrap": "preserve",
  "quoteProps": "as-needed",
  "requirePragma": false,
  "semi": true,
  "singleQuote": false,
  "tabWidth": 2,
  "trailingComma": "es5",
  "useTabs": false,
  "vueIndentScriptAndStyle": false,
  "filepath": "/home/dipesh/Documents/GitRemote/SuperShop-Online-Store/super-shop-ui/src/components/admin/order/UpdateOrder.js",
  "parser": "babel"
}
["INFO" - 3:50:46 pm] Formatting completed in 102ms.
["INFO" - 3:51:00 pm] Formatting file:///home/dipesh/Documents/GitRemote/SuperShop-Online-Store/super-shop-ui/src/components/admin/order/UpdateOrder.js
["INFO" - 3:51:00 pm] Using ignore file (if present) at /home/dipesh/Documents/GitRemote/SuperShop-Online-Store/super-shop-ui/.prettierignore
["INFO" - 3:51:00 pm] File Info:
{
  "ignored": false,
  "inferredParser": "babel"
}
["INFO" - 3:51:00 pm] No local configuration (i.e. .prettierrc or .editorconfig) detected, falling back to VS Code configuration
["INFO" - 3:51:00 pm] Prettier Options:
{
  "arrowParens": "always",
  "bracketSpacing": true,
  "endOfLine": "lf",
  "htmlWhitespaceSensitivity": "css",
  "insertPragma": false,
  "singleAttributePerLine": false,
  "bracketSameLine": false,
  "jsxBracketSameLine": false,
  "jsxSingleQuote": false,
  "printWidth": 80,
  "proseWrap": "preserve",
  "quoteProps": "as-needed",
  "requirePragma": false,
  "semi": true,
  "singleQuote": false,
  "tabWidth": 2,
  "trailingComma": "es5",
  "useTabs": false,
  "vueIndentScriptAndStyle": false,
  "filepath": "/home/dipesh/Documents/GitRemote/SuperShop-Online-Store/super-shop-ui/src/components/admin/order/UpdateOrder.js",
  "parser": "babel"
}
["INFO" - 3:51:00 pm] Formatting completed in 41ms.
["INFO" - 3:51:18 pm] Formatting file:///home/dipesh/Documents/GitRemote/SuperShop-Online-Store/super-shop-ui/src/components/admin/order/UpdateOrder.js
["INFO" - 3:51:18 pm] Using ignore file (if present) at /home/dipesh/Documents/GitRemote/SuperShop-Online-Store/super-shop-ui/.prettierignore
["INFO" - 3:51:18 pm] File Info:
{
  "ignored": false,
  "inferredParser": "babel"
}
["INFO" - 3:51:18 pm] No local configuration (i.e. .prettierrc or .editorconfig) detected, falling back to VS Code configuration
["INFO" - 3:51:18 pm] Prettier Options:
{
  "arrowParens": "always",
  "bracketSpacing": true,
  "endOfLine": "lf",
  "htmlWhitespaceSensitivity": "css",
  "insertPragma": false,
  "singleAttributePerLine": false,
  "bracketSameLine": false,
  "jsxBracketSameLine": false,
  "jsxSingleQuote": false,
  "printWidth": 80,
  "proseWrap": "preserve",
  "quoteProps": "as-needed",
  "requirePragma": false,
  "semi": true,
  "singleQuote": false,
  "tabWidth": 2,
  "trailingComma": "es5",
  "useTabs": false,
  "vueIndentScriptAndStyle": false,
  "filepath": "/home/dipesh/Documents/GitRemote/SuperShop-Online-Store/super-shop-ui/src/components/admin/order/UpdateOrder.js",
  "parser": "babel"
}
["INFO" - 3:51:18 pm] Formatting completed in 89ms.
["INFO" - 3:52:04 pm] Formatting file:///home/dipesh/Documents/GitRemote/SuperShop-Online-Store/super-shop-ui/src/components/admin/order/UpdateOrder.js
["INFO" - 3:52:04 pm] Using ignore file (if present) at /home/dipesh/Documents/GitRemote/SuperShop-Online-Store/super-shop-ui/.prettierignore
["INFO" - 3:52:04 pm] File Info:
{
  "ignored": false,
  "inferredParser": "babel"
}
["INFO" - 3:52:04 pm] No local configuration (i.e. .prettierrc or .editorconfig) detected, falling back to VS Code configuration
["INFO" - 3:52:04 pm] Prettier Options:
{
  "arrowParens": "always",
  "bracketSpacing": true,
  "endOfLine": "lf",
  "htmlWhitespaceSensitivity": "css",
  "insertPragma": false,
  "singleAttributePerLine": false,
  "bracketSameLine": false,
  "jsxBracketSameLine": false,
  "jsxSingleQuote": false,
  "printWidth": 80,
  "proseWrap": "preserve",
  "quoteProps": "as-needed",
  "requirePragma": false,
  "semi": true,
  "singleQuote": false,
  "tabWidth": 2,
  "trailingComma": "es5",
  "useTabs": false,
  "vueIndentScriptAndStyle": false,
  "filepath": "/home/dipesh/Documents/GitRemote/SuperShop-Online-Store/super-shop-ui/src/components/admin/order/UpdateOrder.js",
  "parser": "babel"
}
["INFO" - 3:52:04 pm] Formatting completed in 35ms.
["INFO" - 3:54:27 pm] Formatting file:///home/dipesh/Documents/GitRemote/SuperShop-Online-Store/super-shop-ui/src/components/admin/order/UpdateOrder.js
["INFO" - 3:54:27 pm] Using ignore file (if present) at /home/dipesh/Documents/GitRemote/SuperShop-Online-Store/super-shop-ui/.prettierignore
["INFO" - 3:54:27 pm] File Info:
{
  "ignored": false,
  "inferredParser": "babel"
}
["INFO" - 3:54:27 pm] No local configuration (i.e. .prettierrc or .editorconfig) detected, falling back to VS Code configuration
["INFO" - 3:54:27 pm] Prettier Options:
{
  "arrowParens": "always",
  "bracketSpacing": true,
  "endOfLine": "lf",
  "htmlWhitespaceSensitivity": "css",
  "insertPragma": false,
  "singleAttributePerLine": false,
  "bracketSameLine": false,
  "jsxBracketSameLine": false,
  "jsxSingleQuote": false,
  "printWidth": 80,
  "proseWrap": "preserve",
  "quoteProps": "as-needed",
  "requirePragma": false,
  "semi": true,
  "singleQuote": false,
  "tabWidth": 2,
  "trailingComma": "es5",
  "useTabs": false,
  "vueIndentScriptAndStyle": false,
  "filepath": "/home/dipesh/Documents/GitRemote/SuperShop-Online-Store/super-shop-ui/src/components/admin/order/UpdateOrder.js",
  "parser": "babel"
}
["INFO" - 3:54:27 pm] Formatting completed in 58ms.
["INFO" - 3:56:48 pm] Formatting file:///home/dipesh/Documents/GitRemote/SuperShop-Online-Store/super-shop-ui/src/components/admin/order/OrderDetail.js
["INFO" - 3:56:48 pm] Using ignore file (if present) at /home/dipesh/Documents/GitRemote/SuperShop-Online-Store/super-shop-ui/.prettierignore
["INFO" - 3:56:48 pm] File Info:
{
  "ignored": false,
  "inferredParser": "babel"
}
["INFO" - 3:56:48 pm] No local configuration (i.e. .prettierrc or .editorconfig) detected, falling back to VS Code configuration
["INFO" - 3:56:48 pm] Prettier Options:
{
  "arrowParens": "always",
  "bracketSpacing": true,
  "endOfLine": "lf",
  "htmlWhitespaceSensitivity": "css",
  "insertPragma": false,
  "singleAttributePerLine": false,
  "bracketSameLine": false,
  "jsxBracketSameLine": false,
  "jsxSingleQuote": false,
  "printWidth": 80,
  "proseWrap": "preserve",
  "quoteProps": "as-needed",
  "requirePragma": false,
  "semi": true,
  "singleQuote": false,
  "tabWidth": 2,
  "trailingComma": "es5",
  "useTabs": false,
  "vueIndentScriptAndStyle": false,
  "filepath": "/home/dipesh/Documents/GitRemote/SuperShop-Online-Store/super-shop-ui/src/components/admin/order/OrderDetail.js",
  "parser": "babel"
}
["INFO" - 3:56:48 pm] Formatting completed in 57ms.
["INFO" - 3:57:05 pm] Formatting file:///home/dipesh/Documents/GitRemote/SuperShop-Online-Store/super-shop-ui/src/components/admin/order/UpdateOrder.js
["INFO" - 3:57:05 pm] Using ignore file (if present) at /home/dipesh/Documents/GitRemote/SuperShop-Online-Store/super-shop-ui/.prettierignore
["INFO" - 3:57:05 pm] File Info:
{
  "ignored": false,
  "inferredParser": "babel"
}
["INFO" - 3:57:05 pm] No local configuration (i.e. .prettierrc or .editorconfig) detected, falling back to VS Code configuration
["INFO" - 3:57:05 pm] Prettier Options:
{
  "arrowParens": "always",
  "bracketSpacing": true,
  "endOfLine": "lf",
  "htmlWhitespaceSensitivity": "css",
  "insertPragma": false,
  "singleAttributePerLine": false,
  "bracketSameLine": false,
  "jsxBracketSameLine": false,
  "jsxSingleQuote": false,
  "printWidth": 80,
  "proseWrap": "preserve",
  "quoteProps": "as-needed",
  "requirePragma": false,
  "semi": true,
  "singleQuote": false,
  "tabWidth": 2,
  "trailingComma": "es5",
  "useTabs": false,
  "vueIndentScriptAndStyle": false,
  "filepath": "/home/dipesh/Documents/GitRemote/SuperShop-Online-Store/super-shop-ui/src/components/admin/order/UpdateOrder.js",
  "parser": "babel"
}
["INFO" - 3:57:05 pm] Formatting completed in 51ms.
["INFO" - 3:57:22 pm] Formatting file:///home/dipesh/Documents/GitRemote/SuperShop-Online-Store/super-shop-ui/src/components/admin/order/UpdateOrder.js
["INFO" - 3:57:22 pm] Using ignore file (if present) at /home/dipesh/Documents/GitRemote/SuperShop-Online-Store/super-shop-ui/.prettierignore
["INFO" - 3:57:22 pm] File Info:
{
  "ignored": false,
  "inferredParser": "babel"
}
["INFO" - 3:57:22 pm] No local configuration (i.e. .prettierrc or .editorconfig) detected, falling back to VS Code configuration
["INFO" - 3:57:22 pm] Prettier Options:
{
  "arrowParens": "always",
  "bracketSpacing": true,
  "endOfLine": "lf",
  "htmlWhitespaceSensitivity": "css",
  "insertPragma": false,
  "singleAttributePerLine": false,
  "bracketSameLine": false,
  "jsxBracketSameLine": false,
  "jsxSingleQuote": false,
  "printWidth": 80,
  "proseWrap": "preserve",
  "quoteProps": "as-needed",
  "requirePragma": false,
  "semi": true,
  "singleQuote": false,
  "tabWidth": 2,
  "trailingComma": "es5",
  "useTabs": false,
  "vueIndentScriptAndStyle": false,
  "filepath": "/home/dipesh/Documents/GitRemote/SuperShop-Online-Store/super-shop-ui/src/components/admin/order/UpdateOrder.js",
  "parser": "babel"
}
["INFO" - 3:57:22 pm] Formatting completed in 45ms.
["INFO" - 3:59:41 pm] Formatting file:///home/dipesh/Documents/GitRemote/SuperShop-Online-Store/super-shop-ui/src/components/admin/order/UpdateOrder.js
["INFO" - 3:59:41 pm] Using ignore file (if present) at /home/dipesh/Documents/GitRemote/SuperShop-Online-Store/super-shop-ui/.prettierignore
["INFO" - 3:59:41 pm] File Info:
{
  "ignored": false,
  "inferredParser": "babel"
}
["INFO" - 3:59:41 pm] No local configuration (i.e. .prettierrc or .editorconfig) detected, falling back to VS Code configuration
["INFO" - 3:59:41 pm] Prettier Options:
{
  "arrowParens": "always",
  "bracketSpacing": true,
  "endOfLine": "lf",
  "htmlWhitespaceSensitivity": "css",
  "insertPragma": false,
  "singleAttributePerLine": false,
  "bracketSameLine": false,
  "jsxBracketSameLine": false,
  "jsxSingleQuote": false,
  "printWidth": 80,
  "proseWrap": "preserve",
  "quoteProps": "as-needed",
  "requirePragma": false,
  "semi": true,
  "singleQuote": false,
  "tabWidth": 2,
  "trailingComma": "es5",
  "useTabs": false,
  "vueIndentScriptAndStyle": false,
  "filepath": "/home/dipesh/Documents/GitRemote/SuperShop-Online-Store/super-shop-ui/src/components/admin/order/UpdateOrder.js",
  "parser": "babel"
}
["INFO" - 3:59:41 pm] Formatting completed in 52ms.
