2022-12-18 14:58:28.988 [info] Log level: Info
2022-12-18 14:58:28.989 [info] Validating found git in: "git"
2022-12-18 14:58:28.989 [info] Using git "2.34.1" from "git"
2022-12-18 14:58:28.989 [info] > git rev-parse --show-toplevel [131ms]
2022-12-18 14:58:29.074 [info] > git rev-parse --git-dir --git-common-dir [115ms]
2022-12-18 14:58:29.094 [info] Open repository: /home/dipesh/Documents/GitRemote/SuperShop-Online-Store
2022-12-18 14:58:29.140 [info] > git rev-parse --show-toplevel [18ms]
2022-12-18 14:58:29.159 [info] > git config --get commit.template [21ms]
2022-12-18 14:58:29.172 [info] > git rev-parse --show-toplevel [16ms]
2022-12-18 14:58:29.183 [info] > git for-each-ref --format=%(refname)%00%(upstream:short)%00%(objectname)%00%(upstream:track)%00%(upstream:remotename)%00%(upstream:remoteref) refs/heads/modifying-admin-ui refs/remotes/modifying-admin-ui [13ms]
2022-12-18 14:58:29.252 [info] > git for-each-ref --sort -committerdate --format %(refname) %(objectname) %(*objectname) [37ms]
2022-12-18 14:58:30.650 [info] > git status -z -uall [1455ms]
2022-12-18 14:58:30.706 [info] > git config --get commit.template [25ms]
2022-12-18 14:58:30.812 [info] > git for-each-ref --format=%(refname)%00%(upstream:short)%00%(objectname)%00%(upstream:track)%00%(upstream:remotename)%00%(upstream:remoteref) refs/heads/modifying-admin-ui refs/remotes/modifying-admin-ui [109ms]
2022-12-18 14:58:30.970 [info] > git for-each-ref --sort -committerdate --format %(refname) %(objectname) %(*objectname) [93ms]
2022-12-18 14:58:31.218 [info] > git check-ignore -v -z --stdin [51ms]
2022-12-18 14:58:31.240 [info] > git status -z -uall [411ms]
2022-12-18 14:59:25.073 [info] > git config --get commit.template [28ms]
2022-12-18 14:59:25.084 [info] > git for-each-ref --format=%(refname)%00%(upstream:short)%00%(objectname)%00%(upstream:track)%00%(upstream:remotename)%00%(upstream:remoteref) refs/heads/modifying-admin-ui refs/remotes/modifying-admin-ui [17ms]
2022-12-18 14:59:25.167 [info] > git for-each-ref --sort -committerdate --format %(refname) %(objectname) %(*objectname) [25ms]
2022-12-18 14:59:26.165 [info] > git status -z -uall [1040ms]
2022-12-18 14:59:31.222 [info] > git config --get commit.template [21ms]
2022-12-18 14:59:31.226 [info] > git for-each-ref --format=%(refname)%00%(upstream:short)%00%(objectname)%00%(upstream:track)%00%(upstream:remotename)%00%(upstream:remoteref) refs/heads/modifying-admin-ui refs/remotes/modifying-admin-ui [6ms]
2022-12-18 14:59:31.263 [info] > git for-each-ref --sort -committerdate --format %(refname) %(objectname) %(*objectname) [15ms]
2022-12-18 14:59:31.948 [info] > git status -z -uall [711ms]
2022-12-18 15:00:51.798 [info] > git check-ignore -v -z --stdin [108ms]
2022-12-18 15:00:53.134 [info] > git check-ignore -v -z --stdin [30ms]
2022-12-18 15:00:53.987 [info] > git check-ignore -v -z --stdin [25ms]
2022-12-18 15:00:54.706 [info] > git check-ignore -v -z --stdin [30ms]
2022-12-18 15:00:56.195 [info] > git check-ignore -v -z --stdin [19ms]
2022-12-18 15:00:57.393 [info] > git check-ignore -v -z --stdin [22ms]
2022-12-18 15:00:59.608 [info] > git show --textconv :super-shop-ui/src/components/admin/order/AllOrder.js [573ms]
2022-12-18 15:00:59.608 [info] > git ls-files --stage -- /home/dipesh/Documents/GitRemote/SuperShop-Online-Store/super-shop-ui/src/components/admin/order/AllOrder.js [560ms]
2022-12-18 15:00:59.671 [info] > git cat-file -s 9704efb98341450301b8f91c62dc313040a4581f [52ms]
2022-12-18 15:01:03.048 [info] > git check-ignore -v -z --stdin [71ms]
2022-12-18 15:01:04.506 [info] > git ls-files --stage -- /home/dipesh/Documents/GitRemote/SuperShop-Online-Store/super-shop-ui/src/components/order/Order.js [43ms]
2022-12-18 15:01:04.534 [info] > git show --textconv :super-shop-ui/src/components/order/Order.js [102ms]
2022-12-18 15:01:04.539 [info] > git cat-file -s a2bb267cf7a8b79526c11bc97b61e4c7b5b13e6d [6ms]
2022-12-18 15:01:15.804 [info] > git check-ignore -v -z --stdin [32ms]
2022-12-18 15:01:16.378 [info] > git config --get commit.template [17ms]
2022-12-18 15:01:16.384 [info] > git for-each-ref --format=%(refname)%00%(upstream:short)%00%(objectname)%00%(upstream:track)%00%(upstream:remotename)%00%(upstream:remoteref) refs/heads/modifying-admin-ui refs/remotes/modifying-admin-ui [5ms]
2022-12-18 15:01:16.497 [info] > git for-each-ref --sort -committerdate --format %(refname) %(objectname) %(*objectname) [67ms]
2022-12-18 15:01:16.975 [info] > git status -z -uall [577ms]
2022-12-18 15:01:19.901 [info] > git show --textconv :super-shop-ui/src/components/admin/order/OrderDetail.js [48ms]
2022-12-18 15:01:19.922 [info] > git ls-files --stage -- /home/dipesh/Documents/GitRemote/SuperShop-Online-Store/super-shop-ui/src/components/admin/order/OrderDetail.js [27ms]
2022-12-18 15:01:31.230 [info] > git config --get commit.template [13ms]
2022-12-18 15:01:31.233 [info] > git for-each-ref --format=%(refname)%00%(upstream:short)%00%(objectname)%00%(upstream:track)%00%(upstream:remotename)%00%(upstream:remoteref) refs/heads/modifying-admin-ui refs/remotes/modifying-admin-ui [5ms]
2022-12-18 15:01:31.261 [info] > git for-each-ref --sort -committerdate --format %(refname) %(objectname) %(*objectname) [7ms]
2022-12-18 15:01:31.654 [info] > git status -z -uall [413ms]
2022-12-18 15:01:37.131 [info] > git ls-files --stage -- /home/dipesh/Documents/GitRemote/SuperShop-Online-Store/super-shop-ui/src/components/admin/order/AllOrder.js [28ms]
2022-12-18 15:01:37.151 [info] > git show --textconv :super-shop-ui/src/components/admin/order/AllOrder.js [62ms]
2022-12-18 15:01:37.159 [info] > git cat-file -s 9704efb98341450301b8f91c62dc313040a4581f [11ms]
2022-12-18 15:01:43.468 [info] > git config --get commit.template [11ms]
2022-12-18 15:01:43.469 [info] > git for-each-ref --format=%(refname)%00%(upstream:short)%00%(objectname)%00%(upstream:track)%00%(upstream:remotename)%00%(upstream:remoteref) refs/heads/modifying-admin-ui refs/remotes/modifying-admin-ui [2ms]
2022-12-18 15:01:43.492 [info] > git for-each-ref --sort -committerdate --format %(refname) %(objectname) %(*objectname) [2ms]
2022-12-18 15:01:43.800 [info] > git status -z -uall [322ms]
2022-12-18 15:01:48.836 [info] > git config --get commit.template [14ms]
2022-12-18 15:01:48.840 [info] > git for-each-ref --format=%(refname)%00%(upstream:short)%00%(objectname)%00%(upstream:track)%00%(upstream:remotename)%00%(upstream:remoteref) refs/heads/modifying-admin-ui refs/remotes/modifying-admin-ui [6ms]
2022-12-18 15:01:48.930 [info] > git for-each-ref --sort -committerdate --format %(refname) %(objectname) %(*objectname) [60ms]
2022-12-18 15:01:49.629 [info] > git status -z -uall [776ms]
2022-12-18 15:01:54.656 [info] > git config --get commit.template [11ms]
2022-12-18 15:01:54.657 [info] > git for-each-ref --format=%(refname)%00%(upstream:short)%00%(objectname)%00%(upstream:track)%00%(upstream:remotename)%00%(upstream:remoteref) refs/heads/modifying-admin-ui refs/remotes/modifying-admin-ui [3ms]
2022-12-18 15:01:54.689 [info] > git for-each-ref --sort -committerdate --format %(refname) %(objectname) %(*objectname) [12ms]
2022-12-18 15:01:54.990 [info] > git status -z -uall [326ms]
2022-12-18 15:02:02.665 [info] > git config --get commit.template [37ms]
2022-12-18 15:02:02.682 [info] > git for-each-ref --format=%(refname)%00%(upstream:short)%00%(objectname)%00%(upstream:track)%00%(upstream:remotename)%00%(upstream:remoteref) refs/heads/modifying-admin-ui refs/remotes/modifying-admin-ui [21ms]
2022-12-18 15:02:02.767 [info] > git for-each-ref --sort -committerdate --format %(refname) %(objectname) %(*objectname) [30ms]
2022-12-18 15:02:03.546 [info] > git status -z -uall [831ms]
2022-12-18 15:02:43.820 [info] > git config --get commit.template [27ms]
2022-12-18 15:02:43.825 [info] > git for-each-ref --format=%(refname)%00%(upstream:short)%00%(objectname)%00%(upstream:track)%00%(upstream:remotename)%00%(upstream:remoteref) refs/heads/modifying-admin-ui refs/remotes/modifying-admin-ui [8ms]
2022-12-18 15:02:43.938 [info] > git for-each-ref --sort -committerdate --format %(refname) %(objectname) %(*objectname) [68ms]
2022-12-18 15:02:44.450 [info] > git status -z -uall [610ms]
2022-12-18 15:02:49.474 [info] > git config --get commit.template [10ms]
2022-12-18 15:02:49.475 [info] > git for-each-ref --format=%(refname)%00%(upstream:short)%00%(objectname)%00%(upstream:track)%00%(upstream:remotename)%00%(upstream:remoteref) refs/heads/modifying-admin-ui refs/remotes/modifying-admin-ui [2ms]
2022-12-18 15:02:49.501 [info] > git for-each-ref --sort -committerdate --format %(refname) %(objectname) %(*objectname) [2ms]
2022-12-18 15:02:49.713 [info] > git status -z -uall [226ms]
2022-12-18 15:02:50.761 [info] > git show --textconv :super-shop-ui/src/components/admin/order/Order.js [22ms]
2022-12-18 15:02:50.787 [info] > git ls-files --stage -- /home/dipesh/Documents/GitRemote/SuperShop-Online-Store/super-shop-ui/src/components/admin/order/Order.js [30ms]
2022-12-18 15:02:54.738 [info] > git config --get commit.template [13ms]
2022-12-18 15:02:54.740 [info] > git for-each-ref --format=%(refname)%00%(upstream:short)%00%(objectname)%00%(upstream:track)%00%(upstream:remotename)%00%(upstream:remoteref) refs/heads/modifying-admin-ui refs/remotes/modifying-admin-ui [3ms]
2022-12-18 15:02:54.771 [info] > git for-each-ref --sort -committerdate --format %(refname) %(objectname) %(*objectname) [4ms]
2022-12-18 15:02:55.010 [info] > git status -z -uall [257ms]
2022-12-18 15:03:19.993 [info] > git check-ignore -v -z --stdin [43ms]
2022-12-18 15:03:21.081 [info] > git show --textconv :super-shop-ui/src/services/OrderService.js [24ms]
2022-12-18 15:03:21.100 [info] > git ls-files --stage -- /home/dipesh/Documents/GitRemote/SuperShop-Online-Store/super-shop-ui/src/services/OrderService.js [23ms]
2022-12-18 15:03:21.117 [info] > git cat-file -s 0e7c6f019442f0b46a364bfe4c04afc2c1edfdb4 [3ms]
2022-12-18 15:03:33.301 [info] > git config --get commit.template [31ms]
2022-12-18 15:03:33.305 [info] > git for-each-ref --format=%(refname)%00%(upstream:short)%00%(objectname)%00%(upstream:track)%00%(upstream:remotename)%00%(upstream:remoteref) refs/heads/modifying-admin-ui refs/remotes/modifying-admin-ui [5ms]
2022-12-18 15:03:33.390 [info] > git for-each-ref --sort -committerdate --format %(refname) %(objectname) %(*objectname) [18ms]
2022-12-18 15:03:33.728 [info] > git status -z -uall [404ms]
2022-12-18 15:03:38.755 [info] > git config --get commit.template [13ms]
2022-12-18 15:03:38.756 [info] > git for-each-ref --format=%(refname)%00%(upstream:short)%00%(objectname)%00%(upstream:track)%00%(upstream:remotename)%00%(upstream:remoteref) refs/heads/modifying-admin-ui refs/remotes/modifying-admin-ui [2ms]
2022-12-18 15:03:38.785 [info] > git for-each-ref --sort -committerdate --format %(refname) %(objectname) %(*objectname) [4ms]
2022-12-18 15:03:38.999 [info] > git status -z -uall [232ms]
2022-12-18 15:03:44.049 [info] > git for-each-ref --format=%(refname)%00%(upstream:short)%00%(objectname)%00%(upstream:track)%00%(upstream:remotename)%00%(upstream:remoteref) refs/heads/modifying-admin-ui refs/remotes/modifying-admin-ui [1ms]
2022-12-18 15:03:44.049 [info] > git config --get commit.template [32ms]
2022-12-18 15:03:44.102 [info] > git for-each-ref --sort -committerdate --format %(refname) %(objectname) %(*objectname) [8ms]
2022-12-18 15:03:44.410 [info] > git status -z -uall [341ms]
2022-12-18 15:03:49.542 [info] > git config --get commit.template [65ms]
2022-12-18 15:03:49.552 [info] > git for-each-ref --format=%(refname)%00%(upstream:short)%00%(objectname)%00%(upstream:track)%00%(upstream:remotename)%00%(upstream:remoteref) refs/heads/modifying-admin-ui refs/remotes/modifying-admin-ui [15ms]
2022-12-18 15:03:49.606 [info] > git for-each-ref --sort -committerdate --format %(refname) %(objectname) %(*objectname) [11ms]
2022-12-18 15:03:50.172 [info] > git status -z -uall [597ms]
2022-12-18 15:03:55.192 [info] > git config --get commit.template [4ms]
2022-12-18 15:03:55.216 [info] > git for-each-ref --format=%(refname)%00%(upstream:short)%00%(objectname)%00%(upstream:track)%00%(upstream:remotename)%00%(upstream:remoteref) refs/heads/modifying-admin-ui refs/remotes/modifying-admin-ui [3ms]
2022-12-18 15:03:55.271 [info] > git for-each-ref --sort -committerdate --format %(refname) %(objectname) %(*objectname) [4ms]
2022-12-18 15:03:55.611 [info] > git status -z -uall [363ms]
2022-12-18 15:04:06.072 [info] > git config --get commit.template [19ms]
2022-12-18 15:04:06.074 [info] > git for-each-ref --format=%(refname)%00%(upstream:short)%00%(objectname)%00%(upstream:track)%00%(upstream:remotename)%00%(upstream:remoteref) refs/heads/modifying-admin-ui refs/remotes/modifying-admin-ui [3ms]
2022-12-18 15:04:06.098 [info] > git for-each-ref --sort -committerdate --format %(refname) %(objectname) %(*objectname) [3ms]
2022-12-18 15:04:06.458 [info] > git status -z -uall [374ms]
2022-12-18 15:04:11.490 [info] > git config --get commit.template [14ms]
2022-12-18 15:04:11.490 [info] > git for-each-ref --format=%(refname)%00%(upstream:short)%00%(objectname)%00%(upstream:track)%00%(upstream:remotename)%00%(upstream:remoteref) refs/heads/modifying-admin-ui refs/remotes/modifying-admin-ui [2ms]
2022-12-18 15:04:11.515 [info] > git for-each-ref --sort -committerdate --format %(refname) %(objectname) %(*objectname) [2ms]
2022-12-18 15:04:11.746 [info] > git status -z -uall [245ms]
2022-12-18 15:04:16.773 [info] > git config --get commit.template [12ms]
2022-12-18 15:04:16.774 [info] > git for-each-ref --format=%(refname)%00%(upstream:short)%00%(objectname)%00%(upstream:track)%00%(upstream:remotename)%00%(upstream:remoteref) refs/heads/modifying-admin-ui refs/remotes/modifying-admin-ui [2ms]
2022-12-18 15:04:16.808 [info] > git for-each-ref --sort -committerdate --format %(refname) %(objectname) %(*objectname) [2ms]
2022-12-18 15:04:17.052 [info] > git status -z -uall [266ms]
2022-12-18 15:04:22.078 [info] > git config --get commit.template [10ms]
2022-12-18 15:04:22.079 [info] > git for-each-ref --format=%(refname)%00%(upstream:short)%00%(objectname)%00%(upstream:track)%00%(upstream:remotename)%00%(upstream:remoteref) refs/heads/modifying-admin-ui refs/remotes/modifying-admin-ui [2ms]
2022-12-18 15:04:22.102 [info] > git for-each-ref --sort -committerdate --format %(refname) %(objectname) %(*objectname) [2ms]
2022-12-18 15:04:22.302 [info] > git status -z -uall [213ms]
2022-12-18 15:04:27.370 [info] > git config --get commit.template [26ms]
2022-12-18 15:04:27.375 [info] > git for-each-ref --format=%(refname)%00%(upstream:short)%00%(objectname)%00%(upstream:track)%00%(upstream:remotename)%00%(upstream:remoteref) refs/heads/modifying-admin-ui refs/remotes/modifying-admin-ui [6ms]
2022-12-18 15:04:27.462 [info] > git for-each-ref --sort -committerdate --format %(refname) %(objectname) %(*objectname) [21ms]
2022-12-18 15:04:27.953 [info] > git status -z -uall [545ms]
2022-12-18 15:04:33.099 [info] > git config --get commit.template [25ms]
2022-12-18 15:04:33.105 [info] > git for-each-ref --format=%(refname)%00%(upstream:short)%00%(objectname)%00%(upstream:track)%00%(upstream:remotename)%00%(upstream:remoteref) refs/heads/modifying-admin-ui refs/remotes/modifying-admin-ui [7ms]
2022-12-18 15:04:33.155 [info] > git for-each-ref --sort -committerdate --format %(refname) %(objectname) %(*objectname) [5ms]
2022-12-18 15:04:33.894 [info] > git status -z -uall [767ms]
2022-12-18 15:05:08.496 [info] > git config --get commit.template [18ms]
2022-12-18 15:05:08.502 [info] > git for-each-ref --format=%(refname)%00%(upstream:short)%00%(objectname)%00%(upstream:track)%00%(upstream:remotename)%00%(upstream:remoteref) refs/heads/modifying-admin-ui refs/remotes/modifying-admin-ui [7ms]
2022-12-18 15:05:08.539 [info] > git for-each-ref --sort -committerdate --format %(refname) %(objectname) %(*objectname) [11ms]
2022-12-18 15:05:08.979 [info] > git status -z -uall [465ms]
2022-12-18 15:05:14.005 [info] > git config --get commit.template [12ms]
2022-12-18 15:05:14.007 [info] > git for-each-ref --format=%(refname)%00%(upstream:short)%00%(objectname)%00%(upstream:track)%00%(upstream:remotename)%00%(upstream:remoteref) refs/heads/modifying-admin-ui refs/remotes/modifying-admin-ui [3ms]
2022-12-18 15:05:14.041 [info] > git for-each-ref --sort -committerdate --format %(refname) %(objectname) %(*objectname) [3ms]
2022-12-18 15:05:14.256 [info] > git status -z -uall [236ms]
2022-12-18 15:05:19.992 [info] > git check-ignore -v -z --stdin [31ms]
2022-12-18 15:05:22.526 [info] > git show --textconv :super-shop-ui/src/components/admin/Category/AllCategory.js [36ms]
2022-12-18 15:05:22.544 [info] > git ls-files --stage -- /home/dipesh/Documents/GitRemote/SuperShop-Online-Store/super-shop-ui/src/components/admin/Category/AllCategory.js [21ms]
2022-12-18 15:05:22.585 [info] > git cat-file -s a1eb9edc7a4f60a23de42fddfd8ca6424d3fbf60 [9ms]
2022-12-18 15:05:43.200 [info] > git config --get commit.template [16ms]
2022-12-18 15:05:43.205 [info] > git for-each-ref --format=%(refname)%00%(upstream:short)%00%(objectname)%00%(upstream:track)%00%(upstream:remotename)%00%(upstream:remoteref) refs/heads/modifying-admin-ui refs/remotes/modifying-admin-ui [6ms]
2022-12-18 15:05:43.253 [info] > git for-each-ref --sort -committerdate --format %(refname) %(objectname) %(*objectname) [4ms]
2022-12-18 15:05:43.600 [info] > git status -z -uall [379ms]
2022-12-18 15:05:55.214 [info] > git config --get commit.template [12ms]
2022-12-18 15:05:55.215 [info] > git for-each-ref --format=%(refname)%00%(upstream:short)%00%(objectname)%00%(upstream:track)%00%(upstream:remotename)%00%(upstream:remoteref) refs/heads/modifying-admin-ui refs/remotes/modifying-admin-ui [3ms]
2022-12-18 15:05:55.243 [info] > git for-each-ref --sort -committerdate --format %(refname) %(objectname) %(*objectname) [5ms]
2022-12-18 15:05:55.543 [info] > git status -z -uall [318ms]
2022-12-18 15:06:00.573 [info] > git config --get commit.template [11ms]
2022-12-18 15:06:00.577 [info] > git for-each-ref --format=%(refname)%00%(upstream:short)%00%(objectname)%00%(upstream:track)%00%(upstream:remotename)%00%(upstream:remoteref) refs/heads/modifying-admin-ui refs/remotes/modifying-admin-ui [6ms]
2022-12-18 15:06:00.606 [info] > git for-each-ref --sort -committerdate --format %(refname) %(objectname) %(*objectname) [8ms]
2022-12-18 15:06:00.929 [info] > git status -z -uall [345ms]
2022-12-18 15:06:05.949 [info] > git config --get commit.template [1ms]
2022-12-18 15:06:05.963 [info] > git for-each-ref --format=%(refname)%00%(upstream:short)%00%(objectname)%00%(upstream:track)%00%(upstream:remotename)%00%(upstream:remoteref) refs/heads/modifying-admin-ui refs/remotes/modifying-admin-ui [2ms]
2022-12-18 15:06:05.988 [info] > git for-each-ref --sort -committerdate --format %(refname) %(objectname) %(*objectname) [2ms]
2022-12-18 15:06:06.224 [info] > git status -z -uall [251ms]
2022-12-18 15:06:18.985 [info] > git config --get commit.template [3ms]
2022-12-18 15:06:19.004 [info] > git for-each-ref --format=%(refname)%00%(upstream:short)%00%(objectname)%00%(upstream:track)%00%(upstream:remotename)%00%(upstream:remoteref) refs/heads/modifying-admin-ui refs/remotes/modifying-admin-ui [0ms]
2022-12-18 15:06:19.048 [info] > git for-each-ref --sort -committerdate --format %(refname) %(objectname) %(*objectname) [6ms]
2022-12-18 15:06:19.239 [info] > git status -z -uall [221ms]
2022-12-18 15:06:24.264 [info] > git config --get commit.template [11ms]
2022-12-18 15:06:24.266 [info] > git for-each-ref --format=%(refname)%00%(upstream:short)%00%(objectname)%00%(upstream:track)%00%(upstream:remotename)%00%(upstream:remoteref) refs/heads/modifying-admin-ui refs/remotes/modifying-admin-ui [3ms]
2022-12-18 15:06:24.290 [info] > git for-each-ref --sort -committerdate --format %(refname) %(objectname) %(*objectname) [4ms]
2022-12-18 15:06:24.550 [info] > git status -z -uall [275ms]
2022-12-18 15:06:35.541 [info] > git ls-files --stage -- /home/dipesh/Documents/GitRemote/SuperShop-Online-Store/super-shop-ui/src/components/admin/Category/Category.js [26ms]
2022-12-18 15:06:35.579 [info] > git show --textconv :super-shop-ui/src/components/admin/Category/Category.js [84ms]
2022-12-18 15:06:35.587 [info] > git cat-file -s d0d6e17bac2a2d08232bf2fde891f1de7f31484d [9ms]
2022-12-18 15:06:47.013 [info] > git config --get commit.template [14ms]
2022-12-18 15:06:47.014 [info] > git for-each-ref --format=%(refname)%00%(upstream:short)%00%(objectname)%00%(upstream:track)%00%(upstream:remotename)%00%(upstream:remoteref) refs/heads/modifying-admin-ui refs/remotes/modifying-admin-ui [3ms]
2022-12-18 15:06:47.047 [info] > git for-each-ref --sort -committerdate --format %(refname) %(objectname) %(*objectname) [3ms]
2022-12-18 15:06:47.528 [info] > git status -z -uall [498ms]
2022-12-18 15:06:52.573 [info] > git config --get commit.template [16ms]
2022-12-18 15:06:52.576 [info] > git for-each-ref --format=%(refname)%00%(upstream:short)%00%(objectname)%00%(upstream:track)%00%(upstream:remotename)%00%(upstream:remoteref) refs/heads/modifying-admin-ui refs/remotes/modifying-admin-ui [4ms]
2022-12-18 15:06:52.617 [info] > git for-each-ref --sort -committerdate --format %(refname) %(objectname) %(*objectname) [3ms]
2022-12-18 15:06:52.822 [info] > git status -z -uall [230ms]
2022-12-18 15:06:58.767 [info] > git config --get commit.template [3ms]
2022-12-18 15:06:58.787 [info] > git for-each-ref --format=%(refname)%00%(upstream:short)%00%(objectname)%00%(upstream:track)%00%(upstream:remotename)%00%(upstream:remoteref) refs/heads/modifying-admin-ui refs/remotes/modifying-admin-ui [3ms]
2022-12-18 15:06:58.825 [info] > git for-each-ref --sort -committerdate --format %(refname) %(objectname) %(*objectname) [7ms]
2022-12-18 15:06:59.146 [info] > git status -z -uall [343ms]
2022-12-18 15:07:04.198 [info] > git config --get commit.template [28ms]
2022-12-18 15:07:04.203 [info] > git for-each-ref --format=%(refname)%00%(upstream:short)%00%(objectname)%00%(upstream:track)%00%(upstream:remotename)%00%(upstream:remoteref) refs/heads/modifying-admin-ui refs/remotes/modifying-admin-ui [18ms]
2022-12-18 15:07:04.236 [info] > git for-each-ref --sort -committerdate --format %(refname) %(objectname) %(*objectname) [8ms]
2022-12-18 15:07:04.600 [info] > git status -z -uall [387ms]
2022-12-18 15:07:22.726 [info] > git config --get commit.template [1ms]
2022-12-18 15:07:22.759 [info] > git for-each-ref --format=%(refname)%00%(upstream:short)%00%(objectname)%00%(upstream:track)%00%(upstream:remotename)%00%(upstream:remoteref) refs/heads/modifying-admin-ui refs/remotes/modifying-admin-ui [11ms]
2022-12-18 15:07:22.837 [info] > git for-each-ref --sort -committerdate --format %(refname) %(objectname) %(*objectname) [29ms]
2022-12-18 15:07:23.225 [info] > git status -z -uall [441ms]
2022-12-18 15:07:35.491 [info] > git config --get commit.template [10ms]
2022-12-18 15:07:35.570 [info] > git for-each-ref --format=%(refname)%00%(upstream:short)%00%(objectname)%00%(upstream:track)%00%(upstream:remotename)%00%(upstream:remoteref) refs/heads/modifying-admin-ui refs/remotes/modifying-admin-ui [16ms]
2022-12-18 15:07:35.679 [info] > git for-each-ref --sort -committerdate --format %(refname) %(objectname) %(*objectname) [12ms]
2022-12-18 15:07:36.272 [info] > git status -z -uall [656ms]
2022-12-18 15:07:45.051 [info] > git config --get commit.template [34ms]
2022-12-18 15:07:45.061 [info] > git for-each-ref --format=%(refname)%00%(upstream:short)%00%(objectname)%00%(upstream:track)%00%(upstream:remotename)%00%(upstream:remoteref) refs/heads/modifying-admin-ui refs/remotes/modifying-admin-ui [12ms]
2022-12-18 15:07:45.127 [info] > git for-each-ref --sort -committerdate --format %(refname) %(objectname) %(*objectname) [14ms]
2022-12-18 15:07:45.759 [info] > git status -z -uall [668ms]
2022-12-18 15:07:50.792 [info] > git config --get commit.template [13ms]
2022-12-18 15:07:50.793 [info] > git for-each-ref --format=%(refname)%00%(upstream:short)%00%(objectname)%00%(upstream:track)%00%(upstream:remotename)%00%(upstream:remoteref) refs/heads/modifying-admin-ui refs/remotes/modifying-admin-ui [3ms]
2022-12-18 15:07:50.828 [info] > git for-each-ref --sort -committerdate --format %(refname) %(objectname) %(*objectname) [6ms]
2022-12-18 15:07:51.018 [info] > git status -z -uall [213ms]
2022-12-18 15:07:56.056 [info] > git config --get commit.template [18ms]
2022-12-18 15:07:56.057 [info] > git for-each-ref --format=%(refname)%00%(upstream:short)%00%(objectname)%00%(upstream:track)%00%(upstream:remotename)%00%(upstream:remoteref) refs/heads/modifying-admin-ui refs/remotes/modifying-admin-ui [3ms]
2022-12-18 15:07:56.093 [info] > git for-each-ref --sort -committerdate --format %(refname) %(objectname) %(*objectname) [3ms]
2022-12-18 15:07:56.313 [info] > git status -z -uall [240ms]
2022-12-18 15:08:14.953 [info] > git config --get commit.template [11ms]
2022-12-18 15:08:14.955 [info] > git for-each-ref --format=%(refname)%00%(upstream:short)%00%(objectname)%00%(upstream:track)%00%(upstream:remotename)%00%(upstream:remoteref) refs/heads/modifying-admin-ui refs/remotes/modifying-admin-ui [3ms]
2022-12-18 15:08:14.978 [info] > git for-each-ref --sort -committerdate --format %(refname) %(objectname) %(*objectname) [2ms]
2022-12-18 15:08:15.174 [info] > git status -z -uall [209ms]
2022-12-18 15:08:37.934 [info] > git config --get commit.template [32ms]
2022-12-18 15:08:37.937 [info] > git for-each-ref --format=%(refname)%00%(upstream:short)%00%(objectname)%00%(upstream:track)%00%(upstream:remotename)%00%(upstream:remoteref) refs/heads/modifying-admin-ui refs/remotes/modifying-admin-ui [4ms]
2022-12-18 15:08:37.980 [info] > git for-each-ref --sort -committerdate --format %(refname) %(objectname) %(*objectname) [6ms]
2022-12-18 15:08:38.387 [info] > git status -z -uall [430ms]
