["INFO" - 2:58:30 pm] Extension Name: esbenp.prettier-vscode.
["INFO" - 2:58:30 pm] Extension Version: 9.10.3.
["INFO" - 3:01:26 pm] Formatting file:///home/dipesh/Documents/GitRemote/SuperShop-Online-Store/super-shop-ui/src/components/admin/order/OrderDetail.js
["INFO" - 3:01:26 pm] Using ignore file (if present) at /home/dipesh/Documents/GitRemote/SuperShop-Online-Store/super-shop-ui/.prettierignore
["INFO" - 3:01:26 pm] File Info:
{
  "ignored": false,
  "inferredParser": "babel"
}
["INFO" - 3:01:26 pm] No local configuration (i.e. .prettierrc or .editorconfig) detected, falling back to VS Code configuration
["INFO" - 3:01:26 pm] Prettier Options:
{
  "arrowParens": "always",
  "bracketSpacing": true,
  "endOfLine": "lf",
  "htmlWhitespaceSensitivity": "css",
  "insertPragma": false,
  "singleAttributePerLine": false,
  "bracketSameLine": false,
  "jsxBracketSameLine": false,
  "jsxSingleQuote": false,
  "printWidth": 80,
  "proseWrap": "preserve",
  "quoteProps": "as-needed",
  "requirePragma": false,
  "semi": true,
  "singleQuote": false,
  "tabWidth": 2,
  "trailingComma": "es5",
  "useTabs": false,
  "vueIndentScriptAndStyle": false,
  "filepath": "/home/dipesh/Documents/GitRemote/SuperShop-Online-Store/super-shop-ui/src/components/admin/order/OrderDetail.js",
  "parser": "babel"
}
["INFO" - 3:01:26 pm] Formatting completed in 194ms.
["INFO" - 3:01:29 pm] Formatting file:///home/dipesh/Documents/GitRemote/SuperShop-Online-Store/super-shop-ui/src/components/admin/order/OrderDetail.js
["INFO" - 3:01:29 pm] Using ignore file (if present) at /home/dipesh/Documents/GitRemote/SuperShop-Online-Store/super-shop-ui/.prettierignore
["INFO" - 3:01:29 pm] File Info:
{
  "ignored": false,
  "inferredParser": "babel"
}
["INFO" - 3:01:29 pm] No local configuration (i.e. .prettierrc or .editorconfig) detected, falling back to VS Code configuration
["INFO" - 3:01:29 pm] Prettier Options:
{
  "arrowParens": "always",
  "bracketSpacing": true,
  "endOfLine": "lf",
  "htmlWhitespaceSensitivity": "css",
  "insertPragma": false,
  "singleAttributePerLine": false,
  "bracketSameLine": false,
  "jsxBracketSameLine": false,
  "jsxSingleQuote": false,
  "printWidth": 80,
  "proseWrap": "preserve",
  "quoteProps": "as-needed",
  "requirePragma": false,
  "semi": true,
  "singleQuote": false,
  "tabWidth": 2,
  "trailingComma": "es5",
  "useTabs": false,
  "vueIndentScriptAndStyle": false,
  "filepath": "/home/dipesh/Documents/GitRemote/SuperShop-Online-Store/super-shop-ui/src/components/admin/order/OrderDetail.js",
  "parser": "babel"
}
["INFO" - 3:01:29 pm] Formatting completed in 54ms.
["INFO" - 3:01:52 pm] Formatting file:///home/dipesh/Documents/GitRemote/SuperShop-Online-Store/super-shop-ui/src/components/admin/order/AllOrder.js
["INFO" - 3:01:52 pm] Using ignore file (if present) at /home/dipesh/Documents/GitRemote/SuperShop-Online-Store/super-shop-ui/.prettierignore
["INFO" - 3:01:52 pm] File Info:
{
  "ignored": false,
  "inferredParser": "babel"
}
["INFO" - 3:01:52 pm] No local configuration (i.e. .prettierrc or .editorconfig) detected, falling back to VS Code configuration
["INFO" - 3:01:52 pm] Prettier Options:
{
  "arrowParens": "always",
  "bracketSpacing": true,
  "endOfLine": "lf",
  "htmlWhitespaceSensitivity": "css",
  "insertPragma": false,
  "singleAttributePerLine": false,
  "bracketSameLine": false,
  "jsxBracketSameLine": false,
  "jsxSingleQuote": false,
  "printWidth": 80,
  "proseWrap": "preserve",
  "quoteProps": "as-needed",
  "requirePragma": false,
  "semi": true,
  "singleQuote": false,
  "tabWidth": 2,
  "trailingComma": "es5",
  "useTabs": false,
  "vueIndentScriptAndStyle": false,
  "filepath": "/home/dipesh/Documents/GitRemote/SuperShop-Online-Store/super-shop-ui/src/components/admin/order/AllOrder.js",
  "parser": "babel"
}
["INFO" - 3:01:52 pm] Formatting completed in 56ms.
["INFO" - 3:04:15 pm] Formatting file:///home/dipesh/Documents/GitRemote/SuperShop-Online-Store/super-shop-ui/src/services/OrderService.js
["INFO" - 3:04:15 pm] Using ignore file (if present) at /home/dipesh/Documents/GitRemote/SuperShop-Online-Store/super-shop-ui/.prettierignore
["INFO" - 3:04:15 pm] File Info:
{
  "ignored": false,
  "inferredParser": "babel"
}
["INFO" - 3:04:15 pm] No local configuration (i.e. .prettierrc or .editorconfig) detected, falling back to VS Code configuration
["INFO" - 3:04:15 pm] Prettier Options:
{
  "arrowParens": "always",
  "bracketSpacing": true,
  "endOfLine": "lf",
  "htmlWhitespaceSensitivity": "css",
  "insertPragma": false,
  "singleAttributePerLine": false,
  "bracketSameLine": false,
  "jsxBracketSameLine": false,
  "jsxSingleQuote": false,
  "printWidth": 80,
  "proseWrap": "preserve",
  "quoteProps": "as-needed",
  "requirePragma": false,
  "semi": true,
  "singleQuote": false,
  "tabWidth": 2,
  "trailingComma": "es5",
  "useTabs": false,
  "vueIndentScriptAndStyle": false,
  "filepath": "/home/dipesh/Documents/GitRemote/SuperShop-Online-Store/super-shop-ui/src/services/OrderService.js",
  "parser": "babel"
}
["INFO" - 3:04:15 pm] Formatting completed in 79ms.
["INFO" - 3:04:29 pm] Formatting file:///home/dipesh/Documents/GitRemote/SuperShop-Online-Store/super-shop-ui/src/components/admin/order/OrderDetail.js
["INFO" - 3:04:29 pm] Using ignore file (if present) at /home/dipesh/Documents/GitRemote/SuperShop-Online-Store/super-shop-ui/.prettierignore
["INFO" - 3:04:29 pm] File Info:
{
  "ignored": false,
  "inferredParser": "babel"
}
["INFO" - 3:04:29 pm] No local configuration (i.e. .prettierrc or .editorconfig) detected, falling back to VS Code configuration
["INFO" - 3:04:29 pm] Prettier Options:
{
  "arrowParens": "always",
  "bracketSpacing": true,
  "endOfLine": "lf",
  "htmlWhitespaceSensitivity": "css",
  "insertPragma": false,
  "singleAttributePerLine": false,
  "bracketSameLine": false,
  "jsxBracketSameLine": false,
  "jsxSingleQuote": false,
  "printWidth": 80,
  "proseWrap": "preserve",
  "quoteProps": "as-needed",
  "requirePragma": false,
  "semi": true,
  "singleQuote": false,
  "tabWidth": 2,
  "trailingComma": "es5",
  "useTabs": false,
  "vueIndentScriptAndStyle": false,
  "filepath": "/home/dipesh/Documents/GitRemote/SuperShop-Online-Store/super-shop-ui/src/components/admin/order/OrderDetail.js",
  "parser": "babel"
}
["INFO" - 3:04:29 pm] Formatting completed in 58ms.
["INFO" - 3:05:59 pm] Formatting file:///home/dipesh/Documents/GitRemote/SuperShop-Online-Store/super-shop-ui/src/components/admin/order/OrderDetail.js
["INFO" - 3:05:59 pm] Using ignore file (if present) at /home/dipesh/Documents/GitRemote/SuperShop-Online-Store/super-shop-ui/.prettierignore
["INFO" - 3:05:59 pm] File Info:
{
  "ignored": false,
  "inferredParser": "babel"
}
["INFO" - 3:05:59 pm] No local configuration (i.e. .prettierrc or .editorconfig) detected, falling back to VS Code configuration
["INFO" - 3:05:59 pm] Prettier Options:
{
  "arrowParens": "always",
  "bracketSpacing": true,
  "endOfLine": "lf",
  "htmlWhitespaceSensitivity": "css",
  "insertPragma": false,
  "singleAttributePerLine": false,
  "bracketSameLine": false,
  "jsxBracketSameLine": false,
  "jsxSingleQuote": false,
  "printWidth": 80,
  "proseWrap": "preserve",
  "quoteProps": "as-needed",
  "requirePragma": false,
  "semi": true,
  "singleQuote": false,
  "tabWidth": 2,
  "trailingComma": "es5",
  "useTabs": false,
  "vueIndentScriptAndStyle": false,
  "filepath": "/home/dipesh/Documents/GitRemote/SuperShop-Online-Store/super-shop-ui/src/components/admin/order/OrderDetail.js",
  "parser": "babel"
}
["INFO" - 3:05:59 pm] Formatting completed in 49ms.
["INFO" - 3:06:01 pm] Formatting file:///home/dipesh/Documents/GitRemote/SuperShop-Online-Store/super-shop-ui/src/components/admin/order/OrderDetail.js
["INFO" - 3:06:01 pm] Using ignore file (if present) at /home/dipesh/Documents/GitRemote/SuperShop-Online-Store/super-shop-ui/.prettierignore
["INFO" - 3:06:01 pm] File Info:
{
  "ignored": false,
  "inferredParser": "babel"
}
["INFO" - 3:06:01 pm] No local configuration (i.e. .prettierrc or .editorconfig) detected, falling back to VS Code configuration
["INFO" - 3:06:01 pm] Prettier Options:
{
  "arrowParens": "always",
  "bracketSpacing": true,
  "endOfLine": "lf",
  "htmlWhitespaceSensitivity": "css",
  "insertPragma": false,
  "singleAttributePerLine": false,
  "bracketSameLine": false,
  "jsxBracketSameLine": false,
  "jsxSingleQuote": false,
  "printWidth": 80,
  "proseWrap": "preserve",
  "quoteProps": "as-needed",
  "requirePragma": false,
  "semi": true,
  "singleQuote": false,
  "tabWidth": 2,
  "trailingComma": "es5",
  "useTabs": false,
  "vueIndentScriptAndStyle": false,
  "filepath": "/home/dipesh/Documents/GitRemote/SuperShop-Online-Store/super-shop-ui/src/components/admin/order/OrderDetail.js",
  "parser": "babel"
}
["INFO" - 3:06:01 pm] Formatting completed in 48ms.
["INFO" - 3:06:16 pm] Formatting file:///home/dipesh/Documents/GitRemote/SuperShop-Online-Store/super-shop-ui/src/components/admin/order/OrderDetail.js
["INFO" - 3:06:17 pm] Using ignore file (if present) at /home/dipesh/Documents/GitRemote/SuperShop-Online-Store/super-shop-ui/.prettierignore
["INFO" - 3:06:17 pm] File Info:
{
  "ignored": false,
  "inferredParser": "babel"
}
["INFO" - 3:06:17 pm] No local configuration (i.e. .prettierrc or .editorconfig) detected, falling back to VS Code configuration
["INFO" - 3:06:17 pm] Prettier Options:
{
  "arrowParens": "always",
  "bracketSpacing": true,
  "endOfLine": "lf",
  "htmlWhitespaceSensitivity": "css",
  "insertPragma": false,
  "singleAttributePerLine": false,
  "bracketSameLine": false,
  "jsxBracketSameLine": false,
  "jsxSingleQuote": false,
  "printWidth": 80,
  "proseWrap": "preserve",
  "quoteProps": "as-needed",
  "requirePragma": false,
  "semi": true,
  "singleQuote": false,
  "tabWidth": 2,
  "trailingComma": "es5",
  "useTabs": false,
  "vueIndentScriptAndStyle": false,
  "filepath": "/home/dipesh/Documents/GitRemote/SuperShop-Online-Store/super-shop-ui/src/components/admin/order/OrderDetail.js",
  "parser": "babel"
}
["INFO" - 3:06:17 pm] Formatting completed in 54ms.
["INFO" - 3:06:47 pm] Formatting file:///home/dipesh/Documents/GitRemote/SuperShop-Online-Store/super-shop-ui/src/components/admin/order/Order.js
["INFO" - 3:06:47 pm] Using ignore file (if present) at /home/dipesh/Documents/GitRemote/SuperShop-Online-Store/super-shop-ui/.prettierignore
["INFO" - 3:06:47 pm] File Info:
{
  "ignored": false,
  "inferredParser": "babel"
}
["INFO" - 3:06:47 pm] No local configuration (i.e. .prettierrc or .editorconfig) detected, falling back to VS Code configuration
["INFO" - 3:06:47 pm] Prettier Options:
{
  "arrowParens": "always",
  "bracketSpacing": true,
  "endOfLine": "lf",
  "htmlWhitespaceSensitivity": "css",
  "insertPragma": false,
  "singleAttributePerLine": false,
  "bracketSameLine": false,
  "jsxBracketSameLine": false,
  "jsxSingleQuote": false,
  "printWidth": 80,
  "proseWrap": "preserve",
  "quoteProps": "as-needed",
  "requirePragma": false,
  "semi": true,
  "singleQuote": false,
  "tabWidth": 2,
  "trailingComma": "es5",
  "useTabs": false,
  "vueIndentScriptAndStyle": false,
  "filepath": "/home/dipesh/Documents/GitRemote/SuperShop-Online-Store/super-shop-ui/src/components/admin/order/Order.js",
  "parser": "babel"
}
["INFO" - 3:06:47 pm] Formatting completed in 128ms.
["INFO" - 3:07:01 pm] Formatting file:///home/dipesh/Documents/GitRemote/SuperShop-Online-Store/super-shop-ui/src/components/admin/order/Order.js
["INFO" - 3:07:01 pm] Using ignore file (if present) at /home/dipesh/Documents/GitRemote/SuperShop-Online-Store/super-shop-ui/.prettierignore
["INFO" - 3:07:02 pm] File Info:
{
  "ignored": false,
  "inferredParser": "babel"
}
["INFO" - 3:07:02 pm] No local configuration (i.e. .prettierrc or .editorconfig) detected, falling back to VS Code configuration
["INFO" - 3:07:02 pm] Prettier Options:
{
  "arrowParens": "always",
  "bracketSpacing": true,
  "endOfLine": "lf",
  "htmlWhitespaceSensitivity": "css",
  "insertPragma": false,
  "singleAttributePerLine": false,
  "bracketSameLine": false,
  "jsxBracketSameLine": false,
  "jsxSingleQuote": false,
  "printWidth": 80,
  "proseWrap": "preserve",
  "quoteProps": "as-needed",
  "requirePragma": false,
  "semi": true,
  "singleQuote": false,
  "tabWidth": 2,
  "trailingComma": "es5",
  "useTabs": false,
  "vueIndentScriptAndStyle": false,
  "filepath": "/home/dipesh/Documents/GitRemote/SuperShop-Online-Store/super-shop-ui/src/components/admin/order/Order.js",
  "parser": "babel"
}
["INFO" - 3:07:02 pm] Formatting completed in 66ms.
["INFO" - 3:07:53 pm] Formatting file:///home/dipesh/Documents/GitRemote/SuperShop-Online-Store/super-shop-ui/src/components/admin/order/OrderDetail.js
["INFO" - 3:07:53 pm] Using ignore file (if present) at /home/dipesh/Documents/GitRemote/SuperShop-Online-Store/super-shop-ui/.prettierignore
["INFO" - 3:07:53 pm] File Info:
{
  "ignored": false,
  "inferredParser": "babel"
}
["INFO" - 3:07:53 pm] No local configuration (i.e. .prettierrc or .editorconfig) detected, falling back to VS Code configuration
["INFO" - 3:07:53 pm] Prettier Options:
{
  "arrowParens": "always",
  "bracketSpacing": true,
  "endOfLine": "lf",
  "htmlWhitespaceSensitivity": "css",
  "insertPragma": false,
  "singleAttributePerLine": false,
  "bracketSameLine": false,
  "jsxBracketSameLine": false,
  "jsxSingleQuote": false,
  "printWidth": 80,
  "proseWrap": "preserve",
  "quoteProps": "as-needed",
  "requirePragma": false,
  "semi": true,
  "singleQuote": false,
  "tabWidth": 2,
  "trailingComma": "es5",
  "useTabs": false,
  "vueIndentScriptAndStyle": false,
  "filepath": "/home/dipesh/Documents/GitRemote/SuperShop-Online-Store/super-shop-ui/src/components/admin/order/OrderDetail.js",
  "parser": "babel"
}
["INFO" - 3:07:53 pm] Formatting completed in 37ms.
["INFO" - 3:08:15 pm] Formatting file:///home/dipesh/Documents/GitRemote/SuperShop-Online-Store/super-shop-ui/src/components/admin/order/Order.js
["INFO" - 3:08:15 pm] Using ignore file (if present) at /home/dipesh/Documents/GitRemote/SuperShop-Online-Store/super-shop-ui/.prettierignore
["INFO" - 3:08:15 pm] File Info:
{
  "ignored": false,
  "inferredParser": "babel"
}
["INFO" - 3:08:15 pm] No local configuration (i.e. .prettierrc or .editorconfig) detected, falling back to VS Code configuration
["INFO" - 3:08:15 pm] Prettier Options:
{
  "arrowParens": "always",
  "bracketSpacing": true,
  "endOfLine": "lf",
  "htmlWhitespaceSensitivity": "css",
  "insertPragma": false,
  "singleAttributePerLine": false,
  "bracketSameLine": false,
  "jsxBracketSameLine": false,
  "jsxSingleQuote": false,
  "printWidth": 80,
  "proseWrap": "preserve",
  "quoteProps": "as-needed",
  "requirePragma": false,
  "semi": true,
  "singleQuote": false,
  "tabWidth": 2,
  "trailingComma": "es5",
  "useTabs": false,
  "vueIndentScriptAndStyle": false,
  "filepath": "/home/dipesh/Documents/GitRemote/SuperShop-Online-Store/super-shop-ui/src/components/admin/order/Order.js",
  "parser": "babel"
}
["INFO" - 3:08:15 pm] Formatting completed in 26ms.
